============================= test session starts ==============================
platform darwin -- Python 3.9.6, pytest-8.4.1, pluggy-1.6.0 -- /Users/xian/Development/piper-morgan/.venv/bin/python
cachedir: .pytest_cache
rootdir: /Users/xian/Development/piper-morgan
configfile: pyproject.toml
plugins: anyio-3.7.1, asyncio-1.0.0
asyncio: mode=auto, asyncio_default_fixture_loop_scope=None, asyncio_default_test_loop_scope=function
collecting ... collected 1 item

tests/test_file_scoring_weights.py::test_scoring_weight_distribution FAILED [100%]

=================================== FAILURES ===================================
_______________________ test_scoring_weight_distribution _______________________

db_session_factory = <function db_session_factory.<locals>._create_session at 0x15902b310>

    @pytest.mark.asyncio
    async def test_scoring_weight_distribution(db_session_factory):
        """Validate that scoring weights produce good distribution"""
        session_id = f"test_weights_{uuid4().hex}"
        for_test_files = []
        # Create test scenarios
        test_cases = [
            # (filename, file_type, age_minutes, expected_score_range)
            ("exact_match.pdf", "application/pdf", 5, (0.7, 1.0)),  # High
            ("partial_match.pdf", "application/pdf", 30, (0.4, 0.7)),  # Medium
            ("no_match.xlsx", "application/vnd.ms-excel", 120, (0.0, 0.3)),  # Low
        ]
        for filename, file_type, age_minutes, expected_range in test_cases:
            file = UploadedFile(
                session_id=session_id,
                filename=filename,
                file_type=file_type,
                file_size=1000,
                storage_path=f"/test/{filename}",
                upload_time=datetime.now() - timedelta(minutes=age_minutes),
            )
            async with await db_session_factory() as session:
                repo = FileRepository(session)
                await repo.save_file_metadata(file)
            await asyncio.sleep(0)  # Yield to event loop to avoid asyncpg connection reuse issues
        # Test with intent that matches "exact_match"
        intent = Intent(
            category=IntentCategory.ANALYSIS,
            action="analyze_report",
            context={"original_message": "analyze exact_match"},
        )
        async with await db_session_factory() as session:
            repo = FileRepository(session)
            files = await repo.get_files_for_session(session_id)
        resolver = FileResolver(repo)
        scores = []
        for file in files:
            score = resolver._calculate_score(file, intent)
            scores.append((file.filename, score))
            for test_name, _, _, expected in test_cases:
                if file.filename == test_name:
>                   assert (
                        expected[0] <= score <= expected[1]
                    ), f"{test_name} score {score} not in range {expected}"
E                   AssertionError: exact_match.pdf score 0.6949844694166666 not in range (0.7, 1.0)
E                   assert 0.7 <= 0.6949844694166666

tests/test_file_scoring_weights.py:56: AssertionError
----------------------------- Captured stdout call -----------------------------
2025-07-14 19:08:49 [info     ] Database connection initialized
2025-07-14 19:08:50,011 INFO sqlalchemy.engine.Engine select pg_catalog.version()
2025-07-14 19:08:50,012 INFO sqlalchemy.engine.Engine [raw sql] ()
2025-07-14 19:08:50,016 INFO sqlalchemy.engine.Engine select current_schema()
2025-07-14 19:08:50,017 INFO sqlalchemy.engine.Engine [raw sql] ()
2025-07-14 19:08:50,019 INFO sqlalchemy.engine.Engine show standard_conforming_strings
2025-07-14 19:08:50,020 INFO sqlalchemy.engine.Engine [raw sql] ()
2025-07-14 19:08:50,022 INFO sqlalchemy.engine.Engine BEGIN (implicit)
2025-07-14 19:08:50,025 INFO sqlalchemy.engine.Engine INSERT INTO uploaded_files (id, session_id, filename, file_type, file_size, storage_path, upload_time, last_referenced, reference_count, file_metadata) VALUES ($1::VARCHAR, $2::VARCHAR, $3::VARCHAR, $4::VARCHAR, $5::INTEGER, $6::VARCHAR, $7::TIMESTAMP WITHOUT TIME ZONE, $8::TIMESTAMP WITHOUT TIME ZONE, $9::INTEGER, $10::JSON)
2025-07-14 19:08:50,025 INFO sqlalchemy.engine.Engine [generated in 0.00056s] ('05482c15-ed19-438a-a16d-77b3dbdbd253', 'test_weights_f472f2803ed845a28327d28454cc52ef', 'exact_match.pdf', 'application/pdf', 1000, '/test/exact_match.pdf', datetime.datetime(2025, 7, 14, 19, 3, 49, 878629), None, 0, '{}')
2025-07-14 19:08:50,029 INFO sqlalchemy.engine.Engine COMMIT
2025-07-14 19:08:50,031 INFO sqlalchemy.engine.Engine BEGIN (implicit)
2025-07-14 19:08:50,035 INFO sqlalchemy.engine.Engine SELECT uploaded_files.id, uploaded_files.session_id, uploaded_files.filename, uploaded_files.file_type, uploaded_files.file_size, uploaded_files.storage_path, uploaded_files.upload_time, uploaded_files.last_referenced, uploaded_files.reference_count, uploaded_files.file_metadata
FROM uploaded_files
WHERE uploaded_files.id = $1::VARCHAR
2025-07-14 19:08:50,035 INFO sqlalchemy.engine.Engine [generated in 0.00046s] ('05482c15-ed19-438a-a16d-77b3dbdbd253',)
2025-07-14 19:08:50,039 INFO sqlalchemy.engine.Engine ROLLBACK
2025-07-14 19:08:50,041 INFO sqlalchemy.engine.Engine BEGIN (implicit)
2025-07-14 19:08:50,041 INFO sqlalchemy.engine.Engine INSERT INTO uploaded_files (id, session_id, filename, file_type, file_size, storage_path, upload_time, last_referenced, reference_count, file_metadata) VALUES ($1::VARCHAR, $2::VARCHAR, $3::VARCHAR, $4::VARCHAR, $5::INTEGER, $6::VARCHAR, $7::TIMESTAMP WITHOUT TIME ZONE, $8::TIMESTAMP WITHOUT TIME ZONE, $9::INTEGER, $10::JSON)
2025-07-14 19:08:50,041 INFO sqlalchemy.engine.Engine [cached since 0.01674s ago] ('f9579dba-9564-4c42-aea2-1f43749af7b9', 'test_weights_f472f2803ed845a28327d28454cc52ef', 'partial_match.pdf', 'application/pdf', 1000, '/test/partial_match.pdf', datetime.datetime(2025, 7, 14, 18, 38, 50, 40453), None, 0, '{}')
2025-07-14 19:08:50,044 INFO sqlalchemy.engine.Engine COMMIT
2025-07-14 19:08:50,045 INFO sqlalchemy.engine.Engine BEGIN (implicit)
2025-07-14 19:08:50,046 INFO sqlalchemy.engine.Engine SELECT uploaded_files.id, uploaded_files.session_id, uploaded_files.filename, uploaded_files.file_type, uploaded_files.file_size, uploaded_files.storage_path, uploaded_files.upload_time, uploaded_files.last_referenced, uploaded_files.reference_count, uploaded_files.file_metadata
FROM uploaded_files
WHERE uploaded_files.id = $1::VARCHAR
2025-07-14 19:08:50,046 INFO sqlalchemy.engine.Engine [cached since 0.01146s ago] ('f9579dba-9564-4c42-aea2-1f43749af7b9',)
2025-07-14 19:08:50,048 INFO sqlalchemy.engine.Engine ROLLBACK
2025-07-14 19:08:50,050 INFO sqlalchemy.engine.Engine BEGIN (implicit)
2025-07-14 19:08:50,050 INFO sqlalchemy.engine.Engine INSERT INTO uploaded_files (id, session_id, filename, file_type, file_size, storage_path, upload_time, last_referenced, reference_count, file_metadata) VALUES ($1::VARCHAR, $2::VARCHAR, $3::VARCHAR, $4::VARCHAR, $5::INTEGER, $6::VARCHAR, $7::TIMESTAMP WITHOUT TIME ZONE, $8::TIMESTAMP WITHOUT TIME ZONE, $9::INTEGER, $10::JSON)
2025-07-14 19:08:50,051 INFO sqlalchemy.engine.Engine [cached since 0.02601s ago] ('bdeb1521-2cef-494d-84d2-49a6ecfc11f1', 'test_weights_f472f2803ed845a28327d28454cc52ef', 'no_match.xlsx', 'application/vnd.ms-excel', 1000, '/test/no_match.xlsx', datetime.datetime(2025, 7, 14, 17, 8, 50, 49831), None, 0, '{}')
2025-07-14 19:08:50,052 INFO sqlalchemy.engine.Engine COMMIT
2025-07-14 19:08:50,054 INFO sqlalchemy.engine.Engine BEGIN (implicit)
2025-07-14 19:08:50,054 INFO sqlalchemy.engine.Engine SELECT uploaded_files.id, uploaded_files.session_id, uploaded_files.filename, uploaded_files.file_type, uploaded_files.file_size, uploaded_files.storage_path, uploaded_files.upload_time, uploaded_files.last_referenced, uploaded_files.reference_count, uploaded_files.file_metadata
FROM uploaded_files
WHERE uploaded_files.id = $1::VARCHAR
2025-07-14 19:08:50,054 INFO sqlalchemy.engine.Engine [cached since 0.0197s ago] ('bdeb1521-2cef-494d-84d2-49a6ecfc11f1',)
2025-07-14 19:08:50,056 INFO sqlalchemy.engine.Engine ROLLBACK
2025-07-14 19:08:50,058 INFO sqlalchemy.engine.Engine BEGIN (implicit)
2025-07-14 19:08:50,060 INFO sqlalchemy.engine.Engine SELECT uploaded_files.id, uploaded_files.session_id, uploaded_files.filename, uploaded_files.file_type, uploaded_files.file_size, uploaded_files.storage_path, uploaded_files.upload_time, uploaded_files.last_referenced, uploaded_files.reference_count, uploaded_files.file_metadata
FROM uploaded_files
WHERE uploaded_files.session_id = $1::VARCHAR ORDER BY uploaded_files.upload_time DESC
 LIMIT $2::INTEGER
2025-07-14 19:08:50,060 INFO sqlalchemy.engine.Engine [generated in 0.00031s] ('test_weights_f472f2803ed845a28327d28454cc52ef', 10)
2025-07-14 19:08:50,064 INFO sqlalchemy.engine.Engine ROLLBACK
DEBUG Scoring exact_match.pdf: total=0.695, components={'recency': 0.9166148980555555, 'type': 1.0, 'name': 0.1, 'usage': 0.5}
----------------------------- Captured stderr call -----------------------------
INFO:sqlalchemy.engine.Engine:select pg_catalog.version()
INFO:sqlalchemy.engine.Engine:[raw sql] ()
INFO:sqlalchemy.engine.Engine:select current_schema()
INFO:sqlalchemy.engine.Engine:[raw sql] ()
INFO:sqlalchemy.engine.Engine:show standard_conforming_strings
INFO:sqlalchemy.engine.Engine:[raw sql] ()
INFO:sqlalchemy.engine.Engine:BEGIN (implicit)
INFO:sqlalchemy.engine.Engine:INSERT INTO uploaded_files (id, session_id, filename, file_type, file_size, storage_path, upload_time, last_referenced, reference_count, file_metadata) VALUES ($1::VARCHAR, $2::VARCHAR, $3::VARCHAR, $4::VARCHAR, $5::INTEGER, $6::VARCHAR, $7::TIMESTAMP WITHOUT TIME ZONE, $8::TIMESTAMP WITHOUT TIME ZONE, $9::INTEGER, $10::JSON)
INFO:sqlalchemy.engine.Engine:[generated in 0.00056s] ('05482c15-ed19-438a-a16d-77b3dbdbd253', 'test_weights_f472f2803ed845a28327d28454cc52ef', 'exact_match.pdf', 'application/pdf', 1000, '/test/exact_match.pdf', datetime.datetime(2025, 7, 14, 19, 3, 49, 878629), None, 0, '{}')
INFO:sqlalchemy.engine.Engine:COMMIT
INFO:sqlalchemy.engine.Engine:BEGIN (implicit)
INFO:sqlalchemy.engine.Engine:SELECT uploaded_files.id, uploaded_files.session_id, uploaded_files.filename, uploaded_files.file_type, uploaded_files.file_size, uploaded_files.storage_path, uploaded_files.upload_time, uploaded_files.last_referenced, uploaded_files.reference_count, uploaded_files.file_metadata
FROM uploaded_files
WHERE uploaded_files.id = $1::VARCHAR
INFO:sqlalchemy.engine.Engine:[generated in 0.00046s] ('05482c15-ed19-438a-a16d-77b3dbdbd253',)
INFO:sqlalchemy.engine.Engine:ROLLBACK
INFO:sqlalchemy.engine.Engine:BEGIN (implicit)
INFO:sqlalchemy.engine.Engine:INSERT INTO uploaded_files (id, session_id, filename, file_type, file_size, storage_path, upload_time, last_referenced, reference_count, file_metadata) VALUES ($1::VARCHAR, $2::VARCHAR, $3::VARCHAR, $4::VARCHAR, $5::INTEGER, $6::VARCHAR, $7::TIMESTAMP WITHOUT TIME ZONE, $8::TIMESTAMP WITHOUT TIME ZONE, $9::INTEGER, $10::JSON)
INFO:sqlalchemy.engine.Engine:[cached since 0.01674s ago] ('f9579dba-9564-4c42-aea2-1f43749af7b9', 'test_weights_f472f2803ed845a28327d28454cc52ef', 'partial_match.pdf', 'application/pdf', 1000, '/test/partial_match.pdf', datetime.datetime(2025, 7, 14, 18, 38, 50, 40453), None, 0, '{}')
INFO:sqlalchemy.engine.Engine:COMMIT
INFO:sqlalchemy.engine.Engine:BEGIN (implicit)
INFO:sqlalchemy.engine.Engine:SELECT uploaded_files.id, uploaded_files.session_id, uploaded_files.filename, uploaded_files.file_type, uploaded_files.file_size, uploaded_files.storage_path, uploaded_files.upload_time, uploaded_files.last_referenced, uploaded_files.reference_count, uploaded_files.file_metadata
FROM uploaded_files
WHERE uploaded_files.id = $1::VARCHAR
INFO:sqlalchemy.engine.Engine:[cached since 0.01146s ago] ('f9579dba-9564-4c42-aea2-1f43749af7b9',)
INFO:sqlalchemy.engine.Engine:ROLLBACK
INFO:sqlalchemy.engine.Engine:BEGIN (implicit)
INFO:sqlalchemy.engine.Engine:INSERT INTO uploaded_files (id, session_id, filename, file_type, file_size, storage_path, upload_time, last_referenced, reference_count, file_metadata) VALUES ($1::VARCHAR, $2::VARCHAR, $3::VARCHAR, $4::VARCHAR, $5::INTEGER, $6::VARCHAR, $7::TIMESTAMP WITHOUT TIME ZONE, $8::TIMESTAMP WITHOUT TIME ZONE, $9::INTEGER, $10::JSON)
INFO:sqlalchemy.engine.Engine:[cached since 0.02601s ago] ('bdeb1521-2cef-494d-84d2-49a6ecfc11f1', 'test_weights_f472f2803ed845a28327d28454cc52ef', 'no_match.xlsx', 'application/vnd.ms-excel', 1000, '/test/no_match.xlsx', datetime.datetime(2025, 7, 14, 17, 8, 50, 49831), None, 0, '{}')
INFO:sqlalchemy.engine.Engine:COMMIT
INFO:sqlalchemy.engine.Engine:BEGIN (implicit)
INFO:sqlalchemy.engine.Engine:SELECT uploaded_files.id, uploaded_files.session_id, uploaded_files.filename, uploaded_files.file_type, uploaded_files.file_size, uploaded_files.storage_path, uploaded_files.upload_time, uploaded_files.last_referenced, uploaded_files.reference_count, uploaded_files.file_metadata
FROM uploaded_files
WHERE uploaded_files.id = $1::VARCHAR
INFO:sqlalchemy.engine.Engine:[cached since 0.0197s ago] ('bdeb1521-2cef-494d-84d2-49a6ecfc11f1',)
INFO:sqlalchemy.engine.Engine:ROLLBACK
INFO:sqlalchemy.engine.Engine:BEGIN (implicit)
INFO:sqlalchemy.engine.Engine:SELECT uploaded_files.id, uploaded_files.session_id, uploaded_files.filename, uploaded_files.file_type, uploaded_files.file_size, uploaded_files.storage_path, uploaded_files.upload_time, uploaded_files.last_referenced, uploaded_files.reference_count, uploaded_files.file_metadata
FROM uploaded_files
WHERE uploaded_files.session_id = $1::VARCHAR ORDER BY uploaded_files.upload_time DESC
 LIMIT $2::INTEGER
INFO:sqlalchemy.engine.Engine:[generated in 0.00031s] ('test_weights_f472f2803ed845a28327d28454cc52ef', 10)
INFO:sqlalchemy.engine.Engine:ROLLBACK
------------------------------ Captured log call -------------------------------
INFO     sqlalchemy.engine.Engine:base.py:1901 select pg_catalog.version()
INFO     sqlalchemy.engine.Engine:base.py:1906 [raw sql] ()
INFO     sqlalchemy.engine.Engine:base.py:1901 select current_schema()
INFO     sqlalchemy.engine.Engine:base.py:1906 [raw sql] ()
INFO     sqlalchemy.engine.Engine:base.py:1901 show standard_conforming_strings
INFO     sqlalchemy.engine.Engine:base.py:1906 [raw sql] ()
INFO     sqlalchemy.engine.Engine:base.py:1091 BEGIN (implicit)
INFO     sqlalchemy.engine.Engine:base.py:1901 INSERT INTO uploaded_files (id, session_id, filename, file_type, file_size, storage_path, upload_time, last_referenced, reference_count, file_metadata) VALUES ($1::VARCHAR, $2::VARCHAR, $3::VARCHAR, $4::VARCHAR, $5::INTEGER, $6::VARCHAR, $7::TIMESTAMP WITHOUT TIME ZONE, $8::TIMESTAMP WITHOUT TIME ZONE, $9::INTEGER, $10::JSON)
INFO     sqlalchemy.engine.Engine:base.py:1906 [generated in 0.00056s] ('05482c15-ed19-438a-a16d-77b3dbdbd253', 'test_weights_f472f2803ed845a28327d28454cc52ef', 'exact_match.pdf', 'application/pdf', 1000, '/test/exact_match.pdf', datetime.datetime(2025, 7, 14, 19, 3, 49, 878629), None, 0, '{}')
INFO     sqlalchemy.engine.Engine:base.py:1134 COMMIT
INFO     sqlalchemy.engine.Engine:base.py:1091 BEGIN (implicit)
INFO     sqlalchemy.engine.Engine:base.py:1901 SELECT uploaded_files.id, uploaded_files.session_id, uploaded_files.filename, uploaded_files.file_type, uploaded_files.file_size, uploaded_files.storage_path, uploaded_files.upload_time, uploaded_files.last_referenced, uploaded_files.reference_count, uploaded_files.file_metadata
FROM uploaded_files
WHERE uploaded_files.id = $1::VARCHAR
INFO     sqlalchemy.engine.Engine:base.py:1906 [generated in 0.00046s] ('05482c15-ed19-438a-a16d-77b3dbdbd253',)
INFO     sqlalchemy.engine.Engine:base.py:1117 ROLLBACK
INFO     sqlalchemy.engine.Engine:base.py:1091 BEGIN (implicit)
INFO     sqlalchemy.engine.Engine:base.py:1901 INSERT INTO uploaded_files (id, session_id, filename, file_type, file_size, storage_path, upload_time, last_referenced, reference_count, file_metadata) VALUES ($1::VARCHAR, $2::VARCHAR, $3::VARCHAR, $4::VARCHAR, $5::INTEGER, $6::VARCHAR, $7::TIMESTAMP WITHOUT TIME ZONE, $8::TIMESTAMP WITHOUT TIME ZONE, $9::INTEGER, $10::JSON)
INFO     sqlalchemy.engine.Engine:base.py:1906 [cached since 0.01674s ago] ('f9579dba-9564-4c42-aea2-1f43749af7b9', 'test_weights_f472f2803ed845a28327d28454cc52ef', 'partial_match.pdf', 'application/pdf', 1000, '/test/partial_match.pdf', datetime.datetime(2025, 7, 14, 18, 38, 50, 40453), None, 0, '{}')
INFO     sqlalchemy.engine.Engine:base.py:1134 COMMIT
INFO     sqlalchemy.engine.Engine:base.py:1091 BEGIN (implicit)
INFO     sqlalchemy.engine.Engine:base.py:1901 SELECT uploaded_files.id, uploaded_files.session_id, uploaded_files.filename, uploaded_files.file_type, uploaded_files.file_size, uploaded_files.storage_path, uploaded_files.upload_time, uploaded_files.last_referenced, uploaded_files.reference_count, uploaded_files.file_metadata
FROM uploaded_files
WHERE uploaded_files.id = $1::VARCHAR
INFO     sqlalchemy.engine.Engine:base.py:1906 [cached since 0.01146s ago] ('f9579dba-9564-4c42-aea2-1f43749af7b9',)
INFO     sqlalchemy.engine.Engine:base.py:1117 ROLLBACK
INFO     sqlalchemy.engine.Engine:base.py:1091 BEGIN (implicit)
INFO     sqlalchemy.engine.Engine:base.py:1901 INSERT INTO uploaded_files (id, session_id, filename, file_type, file_size, storage_path, upload_time, last_referenced, reference_count, file_metadata) VALUES ($1::VARCHAR, $2::VARCHAR, $3::VARCHAR, $4::VARCHAR, $5::INTEGER, $6::VARCHAR, $7::TIMESTAMP WITHOUT TIME ZONE, $8::TIMESTAMP WITHOUT TIME ZONE, $9::INTEGER, $10::JSON)
INFO     sqlalchemy.engine.Engine:base.py:1906 [cached since 0.02601s ago] ('bdeb1521-2cef-494d-84d2-49a6ecfc11f1', 'test_weights_f472f2803ed845a28327d28454cc52ef', 'no_match.xlsx', 'application/vnd.ms-excel', 1000, '/test/no_match.xlsx', datetime.datetime(2025, 7, 14, 17, 8, 50, 49831), None, 0, '{}')
INFO     sqlalchemy.engine.Engine:base.py:1134 COMMIT
INFO     sqlalchemy.engine.Engine:base.py:1091 BEGIN (implicit)
INFO     sqlalchemy.engine.Engine:base.py:1901 SELECT uploaded_files.id, uploaded_files.session_id, uploaded_files.filename, uploaded_files.file_type, uploaded_files.file_size, uploaded_files.storage_path, uploaded_files.upload_time, uploaded_files.last_referenced, uploaded_files.reference_count, uploaded_files.file_metadata
FROM uploaded_files
WHERE uploaded_files.id = $1::VARCHAR
INFO     sqlalchemy.engine.Engine:base.py:1906 [cached since 0.0197s ago] ('bdeb1521-2cef-494d-84d2-49a6ecfc11f1',)
INFO     sqlalchemy.engine.Engine:base.py:1117 ROLLBACK
INFO     sqlalchemy.engine.Engine:base.py:1091 BEGIN (implicit)
INFO     sqlalchemy.engine.Engine:base.py:1901 SELECT uploaded_files.id, uploaded_files.session_id, uploaded_files.filename, uploaded_files.file_type, uploaded_files.file_size, uploaded_files.storage_path, uploaded_files.upload_time, uploaded_files.last_referenced, uploaded_files.reference_count, uploaded_files.file_metadata
FROM uploaded_files
WHERE uploaded_files.session_id = $1::VARCHAR ORDER BY uploaded_files.upload_time DESC
 LIMIT $2::INTEGER
INFO     sqlalchemy.engine.Engine:base.py:1906 [generated in 0.00031s] ('test_weights_f472f2803ed845a28327d28454cc52ef', 10)
INFO     sqlalchemy.engine.Engine:base.py:1117 ROLLBACK
--------------------------- Captured stdout teardown ---------------------------
2025-07-14 19:08:50 [info     ] Database connection closed
--------------------------- Captured stderr teardown ---------------------------
ERROR:sqlalchemy.pool.impl.AsyncAdaptedQueuePool:Exception closing connection <AdaptedConnection <asyncpg.connection.Connection object at 0x1592fb8b0>>
RuntimeError: Task <Task pending name='Task-8' coro=<DatabaseConnection.close() running at /Users/xian/Development/piper-morgan/services/database/connection.py:85> cb=[_run_until_complete_cb() at /Library/Developer/CommandLineTools/Library/Frameworks/Python3.framework/Versions/3.9/lib/python3.9/asyncio/base_events.py:184]> got Future <Future pending cb=[Protocol._on_waiter_completed()]> attached to a different loop

During handling of the above exception, another exception occurred:

Traceback (most recent call last):
  File "/Users/xian/Development/piper-morgan/.venv/lib/python3.9/site-packages/sqlalchemy/pool/base.py", line 379, in _close_connection
    self._dialect.do_close(connection)
  File "/Users/xian/Development/piper-morgan/.venv/lib/python3.9/site-packages/sqlalchemy/engine/default.py", line 701, in do_close
    dbapi_connection.close()
  File "/Users/xian/Development/piper-morgan/.venv/lib/python3.9/site-packages/sqlalchemy/dialects/postgresql/asyncpg.py", line 894, in close
    self.await_(self._connection.close())
  File "/Users/xian/Development/piper-morgan/.venv/lib/python3.9/site-packages/sqlalchemy/util/_concurrency_py3k.py", line 125, in await_only
    return current.driver.switch(awaitable)  # type: ignore[no-any-return]
  File "/Users/xian/Development/piper-morgan/.venv/lib/python3.9/site-packages/sqlalchemy/util/_concurrency_py3k.py", line 185, in greenlet_spawn
    value = await result
  File "/Users/xian/Development/piper-morgan/.venv/lib/python3.9/site-packages/asyncpg/connection.py", line 1467, in close
    await self._protocol.close(timeout)
  File "asyncpg/protocol/protocol.pyx", line 649, in close
  File "/Library/Developer/CommandLineTools/Library/Frameworks/Python3.framework/Versions/3.9/lib/python3.9/asyncio/selector_events.py", line 680, in abort
    self._force_close(None)
  File "/Library/Developer/CommandLineTools/Library/Frameworks/Python3.framework/Versions/3.9/lib/python3.9/asyncio/selector_events.py", line 731, in _force_close
    self._loop.call_soon(self._call_connection_lost, exc)
  File "/Library/Developer/CommandLineTools/Library/Frameworks/Python3.framework/Versions/3.9/lib/python3.9/asyncio/base_events.py", line 746, in call_soon
    self._check_closed()
  File "/Library/Developer/CommandLineTools/Library/Frameworks/Python3.framework/Versions/3.9/lib/python3.9/asyncio/base_events.py", line 510, in _check_closed
    raise RuntimeError('Event loop is closed')
RuntimeError: Event loop is closed
---------------------------- Captured log teardown -----------------------------
ERROR    sqlalchemy.pool.impl.AsyncAdaptedQueuePool:base.py:381 Exception closing connection <AdaptedConnection <asyncpg.connection.Connection object at 0x1592fb8b0>>
RuntimeError: Task <Task pending name='Task-8' coro=<DatabaseConnection.close() running at /Users/xian/Development/piper-morgan/services/database/connection.py:85> cb=[_run_until_complete_cb() at /Library/Developer/CommandLineTools/Library/Frameworks/Python3.framework/Versions/3.9/lib/python3.9/asyncio/base_events.py:184]> got Future <Future pending cb=[Protocol._on_waiter_completed()]> attached to a different loop

During handling of the above exception, another exception occurred:

Traceback (most recent call last):
  File "/Users/xian/Development/piper-morgan/.venv/lib/python3.9/site-packages/sqlalchemy/pool/base.py", line 379, in _close_connection
    self._dialect.do_close(connection)
  File "/Users/xian/Development/piper-morgan/.venv/lib/python3.9/site-packages/sqlalchemy/engine/default.py", line 701, in do_close
    dbapi_connection.close()
  File "/Users/xian/Development/piper-morgan/.venv/lib/python3.9/site-packages/sqlalchemy/dialects/postgresql/asyncpg.py", line 894, in close
    self.await_(self._connection.close())
  File "/Users/xian/Development/piper-morgan/.venv/lib/python3.9/site-packages/sqlalchemy/util/_concurrency_py3k.py", line 125, in await_only
    return current.driver.switch(awaitable)  # type: ignore[no-any-return]
  File "/Users/xian/Development/piper-morgan/.venv/lib/python3.9/site-packages/sqlalchemy/util/_concurrency_py3k.py", line 185, in greenlet_spawn
    value = await result
  File "/Users/xian/Development/piper-morgan/.venv/lib/python3.9/site-packages/asyncpg/connection.py", line 1467, in close
    await self._protocol.close(timeout)
  File "asyncpg/protocol/protocol.pyx", line 649, in close
  File "/Library/Developer/CommandLineTools/Library/Frameworks/Python3.framework/Versions/3.9/lib/python3.9/asyncio/selector_events.py", line 680, in abort
    self._force_close(None)
  File "/Library/Developer/CommandLineTools/Library/Frameworks/Python3.framework/Versions/3.9/lib/python3.9/asyncio/selector_events.py", line 731, in _force_close
    self._loop.call_soon(self._call_connection_lost, exc)
  File "/Library/Developer/CommandLineTools/Library/Frameworks/Python3.framework/Versions/3.9/lib/python3.9/asyncio/base_events.py", line 746, in call_soon
    self._check_closed()
  File "/Library/Developer/CommandLineTools/Library/Frameworks/Python3.framework/Versions/3.9/lib/python3.9/asyncio/base_events.py", line 510, in _check_closed
    raise RuntimeError('Event loop is closed')
RuntimeError: Event loop is closed
=============================== warnings summary ===============================
.venv/lib/python3.9/site-packages/urllib3/__init__.py:35
  /Users/xian/Development/piper-morgan/.venv/lib/python3.9/site-packages/urllib3/__init__.py:35: NotOpenSSLWarning: urllib3 v2 only supports OpenSSL 1.1.1+, currently the 'ssl' module is compiled with 'LibreSSL 2.8.3'. See: https://github.com/urllib3/urllib3/issues/3020
    warnings.warn(

.venv/lib/python3.9/site-packages/PyPDF2/__init__.py:21
  /Users/xian/Development/piper-morgan/.venv/lib/python3.9/site-packages/PyPDF2/__init__.py:21: DeprecationWarning: PyPDF2 is deprecated. Please move to the pypdf library instead.
    warnings.warn(

.venv/lib/python3.9/site-packages/github/MainClass.py:145
.venv/lib/python3.9/site-packages/github/MainClass.py:145
  /Users/xian/Development/piper-morgan/.venv/lib/python3.9/site-packages/github/MainClass.py:145: DeprecationWarning: Argument login_or_token is deprecated, please use auth=github.Auth.Token(...) instead
    warnings.warn(

-- Docs: https://docs.pytest.org/en/stable/how-to/capture-warnings.html
=========================== short test summary info ============================
FAILED tests/test_file_scoring_weights.py::test_scoring_weight_distribution
======================== 1 failed, 4 warnings in 0.75s =========================
