============================= test session starts ==============================
platform darwin -- Python 3.9.6, pytest-8.4.1, pluggy-1.6.0
rootdir: /Users/xian/Development/piper-morgan-product
plugins: anyio-4.9.0, asyncio-1.0.0
asyncio: mode=strict, asyncio_default_fixture_loop_scope=None, asyncio_default_test_loop_scope=function
collected 7 items

tests/test_api_query_integration.py .......                              [100%]Exception terminating connection <AdaptedConnection <asyncpg.connection.Connection object at 0x147bd1d60>>
Traceback (most recent call last):
  File "/Users/xian/Development/piper-morgan-product/venv/lib/python3.9/site-packages/sqlalchemy/pool/base.py", line 377, in _close_connection
    self._dialect.do_terminate(connection)
  File "/Users/xian/Development/piper-morgan-product/venv/lib/python3.9/site-packages/sqlalchemy/dialects/postgresql/asyncpg.py", line 1104, in do_terminate
    dbapi_connection.terminate()
  File "/Users/xian/Development/piper-morgan-product/venv/lib/python3.9/site-packages/sqlalchemy/dialects/postgresql/asyncpg.py", line 897, in terminate
    self._connection.terminate()
  File "/Users/xian/Development/piper-morgan-product/venv/lib/python3.9/site-packages/asyncpg/connection.py", line 1478, in terminate
    self._abort()
  File "/Users/xian/Development/piper-morgan-product/venv/lib/python3.9/site-packages/asyncpg/connection.py", line 1505, in _abort
    self._protocol.abort()
  File "asyncpg/protocol/protocol.pyx", line 607, in asyncpg.protocol.protocol.BaseProtocol.abort
  File "/Library/Developer/CommandLineTools/Library/Frameworks/Python3.framework/Versions/3.9/lib/python3.9/asyncio/selector_events.py", line 680, in abort
    self._force_close(None)
  File "/Library/Developer/CommandLineTools/Library/Frameworks/Python3.framework/Versions/3.9/lib/python3.9/asyncio/selector_events.py", line 731, in _force_close
    self._loop.call_soon(self._call_connection_lost, exc)
  File "/Library/Developer/CommandLineTools/Library/Frameworks/Python3.framework/Versions/3.9/lib/python3.9/asyncio/base_events.py", line 746, in call_soon
    self._check_closed()
  File "/Library/Developer/CommandLineTools/Library/Frameworks/Python3.framework/Versions/3.9/lib/python3.9/asyncio/base_events.py", line 510, in _check_closed
    raise RuntimeError('Event loop is closed')
RuntimeError: Event loop is closed
The garbage collector is trying to clean up non-checked-in connection <AdaptedConnection <asyncpg.connection.Connection object at 0x147bd1d60>>, which will be terminated.  Please ensure that SQLAlchemy pooled connections are returned to the pool explicitly, either by calling ``close()`` or by using appropriate context managers to manage their lifecycle.
/Users/xian/Development/piper-morgan-product/venv/lib/python3.9/site-packages/_pytest/unraisableexception.py:33: SAWarning: The garbage collector is trying to clean up non-checked-in connection <AdaptedConnection <asyncpg.connection.Connection object at 0x147bd1d60>>, which will be terminated.  Please ensure that SQLAlchemy pooled connections are returned to the pool explicitly, either by calling ``close()`` or by using appropriate context managers to manage their lifecycle.
  gc.collect()


=============================== warnings summary ===============================
venv/lib/python3.9/site-packages/urllib3/__init__.py:35
  /Users/xian/Development/piper-morgan-product/venv/lib/python3.9/site-packages/urllib3/__init__.py:35: NotOpenSSLWarning: urllib3 v2 only supports OpenSSL 1.1.1+, currently the 'ssl' module is compiled with 'LibreSSL 2.8.3'. See: https://github.com/urllib3/urllib3/issues/3020
    warnings.warn(

venv/lib/python3.9/site-packages/PyPDF2/__init__.py:21
  /Users/xian/Development/piper-morgan-product/venv/lib/python3.9/site-packages/PyPDF2/__init__.py:21: DeprecationWarning: PyPDF2 is deprecated. Please move to the pypdf library instead.
    warnings.warn(

venv/lib/python3.9/site-packages/github/MainClass.py:145
  /Users/xian/Development/piper-morgan-product/venv/lib/python3.9/site-packages/github/MainClass.py:145: DeprecationWarning: Argument login_or_token is deprecated, please use auth=github.Auth.Token(...) instead
    warnings.warn(

tests/test_api_query_integration.py::test_get_project_query
  /Users/xian/Development/piper-morgan-product/venv/lib/python3.9/site-packages/httpcore/_sync/connection_pool.py:403: SAWarning: The garbage collector is trying to clean up non-checked-in connection <AdaptedConnection <asyncpg.connection.Connection object at 0x14786cb80>>, which will be terminated.  Please ensure that SQLAlchemy pooled connections are returned to the pool explicitly, either by calling ``close()`` or by using appropriate context managers to manage their lifecycle.
    for part in self._stream:

tests/test_api_query_integration.py::test_find_project_query_missing_name
  /Users/xian/Development/piper-morgan-product/venv/lib/python3.9/site-packages/httpx/_models.py:950: SAWarning: The garbage collector is trying to clean up non-checked-in connection <AdaptedConnection <asyncpg.connection.Connection object at 0x147bd18b0>>, which will be terminated.  Please ensure that SQLAlchemy pooled connections are returned to the pool explicitly, either by calling ``close()`` or by using appropriate context managers to manage their lifecycle.
    with request_context(request=self._request):

-- Docs: https://docs.pytest.org/en/stable/how-to/capture-warnings.html
======================== 7 passed, 5 warnings in 45.58s ========================
