{"meta": {"format": 3, "version": "7.10.7", "timestamp": "2025-09-25T14:11:55.761531", "branch_coverage": false, "show_contexts": false}, "files": {"services/orchestration/__init__.py": {"executed_lines": [1, 7, 8, 11, 14, 16], "summary": {"covered_lines": 5, "num_statements": 5, "percent_covered": 100.0, "percent_covered_display": "100", "missing_lines": 0, "excluded_lines": 0}, "missing_lines": [], "excluded_lines": [], "functions": {"": {"executed_lines": [1, 7, 8, 11, 14, 16], "summary": {"covered_lines": 5, "num_statements": 5, "percent_covered": 100.0, "percent_covered_display": "100", "missing_lines": 0, "excluded_lines": 0}, "missing_lines": [], "excluded_lines": []}}, "classes": {"": {"executed_lines": [1, 7, 8, 11, 14, 16], "summary": {"covered_lines": 5, "num_statements": 5, "percent_covered": 100.0, "percent_covered_display": "100", "missing_lines": 0, "excluded_lines": 0}, "missing_lines": [], "excluded_lines": []}}}, "services/orchestration/chain_of_draft.py": {"executed_lines": [], "summary": {"covered_lines": 0, "num_statements": 219, "percent_covered": 0.0, "percent_covered_display": "0", "missing_lines": 219, "excluded_lines": 0}, "missing_lines": [8, 9, 10, 11, 12, 13, 14, 16, 18, 19, 26, 29, 32, 33, 34, 35, 38, 41, 42, 43, 44, 45, 48, 49, 52, 53, 54, 55, 56, 57, 58, 61, 62, 65, 66, 67, 68, 69, 70, 71, 72, 75, 76, 79, 80, 81, 82, 83, 84, 85, 86, 89, 92, 102, 105, 106, 107, 108, 109, 110, 112, 114, 117, 118, 121, 122, 123, 124, 125, 126, 128, 130, 133, 134, 141, 149, 150, 151, 152, 154, 156, 158, 161, 164, 165, 166, 167, 168, 169, 171, 173, 176, 184, 185, 186, 187, 189, 202, 203, 205, 209, 211, 213, 216, 219, 222, 225, 228, 230, 241, 243, 249, 251, 252, 257, 268, 274, 275, 276, 277, 279, 281, 283, 286, 290, 304, 311, 313, 317, 318, 319, 323, 326, 328, 329, 331, 332, 334, 335, 337, 338, 341, 343, 344, 348, 349, 353, 354, 358, 359, 363, 374, 379, 392, 393, 395, 396, 398, 399, 403, 405, 407, 409, 412, 413, 415, 416, 419, 429, 431, 436, 440, 441, 444, 445, 446, 447, 448, 452, 455, 456, 457, 458, 460, 464, 467, 468, 470, 473, 488, 490, 491, 493, 494, 496, 497, 498, 499, 504, 506, 509, 511, 512, 513, 514, 515, 517, 522, 524, 531, 533, 535, 538, 545, 546, 547, 548, 549, 551], "excluded_lines": [], "functions": {"DraftQualityAssessor.assess_coordination_quality": {"executed_lines": [], "summary": {"covered_lines": 0, "num_statements": 38, "percent_covered": 0.0, "percent_covered_display": "0", "missing_lines": 38, "excluded_lines": 0}, "missing_lines": [102, 105, 106, 107, 108, 109, 110, 112, 114, 117, 118, 121, 122, 123, 124, 125, 126, 128, 130, 133, 134, 141, 149, 150, 151, 152, 154, 156, 158, 161, 164, 165, 166, 167, 168, 169, 171, 173], "excluded_lines": []}, "ChainOfDraftExperiment.__init__": {"executed_lines": [], "summary": {"covered_lines": 0, "num_statements": 3, "percent_covered": 0.0, "percent_covered_display": "0", "missing_lines": 3, "excluded_lines": 0}, "missing_lines": [185, 186, 187], "excluded_lines": []}, "ChainOfDraftExperiment.run_draft_experiment": {"executed_lines": [], "summary": {"covered_lines": 0, "num_statements": 18, "percent_covered": 0.0, "percent_covered_display": "0", "missing_lines": 18, "excluded_lines": 0}, "missing_lines": [202, 203, 205, 209, 211, 213, 216, 219, 222, 225, 228, 230, 241, 243, 249, 251, 252, 257], "excluded_lines": []}, "ChainOfDraftExperiment._execute_draft": {"executed_lines": [], "summary": {"covered_lines": 0, "num_statements": 11, "percent_covered": 0.0, "percent_covered_display": "0", "missing_lines": 11, "excluded_lines": 0}, "missing_lines": [274, 275, 276, 277, 279, 281, 283, 286, 290, 304, 311], "excluded_lines": []}, "ChainOfDraftExperiment._compare_drafts": {"executed_lines": [], "summary": {"covered_lines": 0, "num_statements": 23, "percent_covered": 0.0, "percent_covered_display": "0", "missing_lines": 23, "excluded_lines": 0}, "missing_lines": [317, 318, 319, 323, 326, 328, 329, 331, 332, 334, 335, 337, 338, 341, 343, 344, 348, 349, 353, 354, 358, 359, 363], "excluded_lines": []}, "ChainOfDraftExperiment._generate_learning_summary": {"executed_lines": [], "summary": {"covered_lines": 0, "num_statements": 8, "percent_covered": 0.0, "percent_covered_display": "0", "missing_lines": 8, "excluded_lines": 0}, "missing_lines": [379, 392, 393, 395, 396, 398, 399, 403], "excluded_lines": []}, "ChainOfDraftExperiment.get_experiment_results": {"executed_lines": [], "summary": {"covered_lines": 0, "num_statements": 1, "percent_covered": 0.0, "percent_covered_display": "0", "missing_lines": 1, "excluded_lines": 0}, "missing_lines": [407], "excluded_lines": []}, "ChainOfDraftExperiment.get_learning_analytics": {"executed_lines": [], "summary": {"covered_lines": 0, "num_statements": 21, "percent_covered": 0.0, "percent_covered_display": "0", "missing_lines": 21, "excluded_lines": 0}, "missing_lines": [412, 413, 415, 416, 419, 429, 431, 436, 440, 441, 444, 445, 446, 447, 448, 452, 455, 456, 457, 458, 460], "excluded_lines": []}, "run_chain_of_draft_validation": {"executed_lines": [], "summary": {"covered_lines": 0, "num_statements": 24, "percent_covered": 0.0, "percent_covered_display": "0", "missing_lines": 24, "excluded_lines": 0}, "missing_lines": [467, 468, 470, 473, 488, 490, 491, 493, 494, 496, 497, 498, 499, 504, 506, 509, 511, 512, 513, 514, 515, 517, 522, 524], "excluded_lines": []}, "test_chain_of_draft": {"executed_lines": [], "summary": {"covered_lines": 0, "num_statements": 4, "percent_covered": 0.0, "percent_covered_display": "0", "missing_lines": 4, "excluded_lines": 0}, "missing_lines": [546, 547, 548, 549], "excluded_lines": []}, "": {"executed_lines": [], "summary": {"covered_lines": 0, "num_statements": 68, "percent_covered": 0.0, "percent_covered_display": "0", "missing_lines": 68, "excluded_lines": 0}, "missing_lines": [8, 9, 10, 11, 12, 13, 14, 16, 18, 19, 26, 29, 32, 33, 34, 35, 38, 41, 42, 43, 44, 45, 48, 49, 52, 53, 54, 55, 56, 57, 58, 61, 62, 65, 66, 67, 68, 69, 70, 71, 72, 75, 76, 79, 80, 81, 82, 83, 84, 85, 86, 89, 92, 176, 184, 189, 268, 313, 374, 405, 409, 464, 531, 533, 535, 538, 545, 551], "excluded_lines": []}}, "classes": {"DraftQuality": {"executed_lines": [], "summary": {"covered_lines": 0, "num_statements": 0, "percent_covered": 100.0, "percent_covered_display": "100", "missing_lines": 0, "excluded_lines": 0}, "missing_lines": [], "excluded_lines": []}, "ImprovementType": {"executed_lines": [], "summary": {"covered_lines": 0, "num_statements": 0, "percent_covered": 100.0, "percent_covered_display": "100", "missing_lines": 0, "excluded_lines": 0}, "missing_lines": [], "excluded_lines": []}, "DraftResult": {"executed_lines": [], "summary": {"covered_lines": 0, "num_statements": 0, "percent_covered": 100.0, "percent_covered_display": "100", "missing_lines": 0, "excluded_lines": 0}, "missing_lines": [], "excluded_lines": []}, "DraftComparison": {"executed_lines": [], "summary": {"covered_lines": 0, "num_statements": 0, "percent_covered": 100.0, "percent_covered_display": "100", "missing_lines": 0, "excluded_lines": 0}, "missing_lines": [], "excluded_lines": []}, "ChainOfDraftResult": {"executed_lines": [], "summary": {"covered_lines": 0, "num_statements": 0, "percent_covered": 100.0, "percent_covered_display": "100", "missing_lines": 0, "excluded_lines": 0}, "missing_lines": [], "excluded_lines": []}, "DraftQualityAssessor": {"executed_lines": [], "summary": {"covered_lines": 0, "num_statements": 38, "percent_covered": 0.0, "percent_covered_display": "0", "missing_lines": 38, "excluded_lines": 0}, "missing_lines": [102, 105, 106, 107, 108, 109, 110, 112, 114, 117, 118, 121, 122, 123, 124, 125, 126, 128, 130, 133, 134, 141, 149, 150, 151, 152, 154, 156, 158, 161, 164, 165, 166, 167, 168, 169, 171, 173], "excluded_lines": []}, "ChainOfDraftExperiment": {"executed_lines": [], "summary": {"covered_lines": 0, "num_statements": 85, "percent_covered": 0.0, "percent_covered_display": "0", "missing_lines": 85, "excluded_lines": 0}, "missing_lines": [185, 186, 187, 202, 203, 205, 209, 211, 213, 216, 219, 222, 225, 228, 230, 241, 243, 249, 251, 252, 257, 274, 275, 276, 277, 279, 281, 283, 286, 290, 304, 311, 317, 318, 319, 323, 326, 328, 329, 331, 332, 334, 335, 337, 338, 341, 343, 344, 348, 349, 353, 354, 358, 359, 363, 379, 392, 393, 395, 396, 398, 399, 403, 407, 412, 413, 415, 416, 419, 429, 431, 436, 440, 441, 444, 445, 446, 447, 448, 452, 455, 456, 457, 458, 460], "excluded_lines": []}, "": {"executed_lines": [], "summary": {"covered_lines": 0, "num_statements": 96, "percent_covered": 0.0, "percent_covered_display": "0", "missing_lines": 96, "excluded_lines": 0}, "missing_lines": [8, 9, 10, 11, 12, 13, 14, 16, 18, 19, 26, 29, 32, 33, 34, 35, 38, 41, 42, 43, 44, 45, 48, 49, 52, 53, 54, 55, 56, 57, 58, 61, 62, 65, 66, 67, 68, 69, 70, 71, 72, 75, 76, 79, 80, 81, 82, 83, 84, 85, 86, 89, 92, 176, 184, 189, 268, 313, 374, 405, 409, 464, 467, 468, 470, 473, 488, 490, 491, 493, 494, 496, 497, 498, 499, 504, 506, 509, 511, 512, 513, 514, 515, 517, 522, 524, 531, 533, 535, 538, 545, 546, 547, 548, 549, 551], "excluded_lines": []}}}, "services/orchestration/engine.py": {"executed_lines": [1, 8, 9, 10, 11, 12, 14, 16, 17, 18, 19, 22, 23, 24, 25, 26, 27, 31, 32, 33, 34, 37, 39, 42, 43, 44, 46, 47, 48, 49, 50, 53, 54, 55, 57, 58, 59, 60, 61, 64, 65, 70, 72, 73, 75, 77, 80, 82, 83, 87, 89, 90, 93, 94, 95, 97, 99, 100, 101, 108, 113, 115, 117, 119, 121, 124, 126, 127, 135, 144, 146, 147, 150, 165, 212, 262, 311, 330, 362, 384, 409, 443, 446], "summary": {"covered_lines": 79, "num_statements": 179, "percent_covered": 44.134078212290504, "percent_covered_display": "44", "missing_lines": 100, "excluded_lines": 0}, "missing_lines": [137, 138, 156, 157, 158, 172, 173, 176, 177, 178, 179, 180, 181, 183, 184, 185, 186, 187, 188, 189, 193, 197, 198, 199, 202, 203, 204, 206, 208, 209, 210, 216, 217, 219, 221, 224, 225, 226, 229, 233, 234, 243, 244, 251, 252, 253, 254, 264, 266, 267, 269, 270, 271, 272, 273, 274, 275, 276, 277, 278, 280, 282, 283, 285, 292, 293, 294, 296, 303, 314, 317, 323, 334, 337, 338, 341, 353, 355, 365, 368, 369, 372, 380, 382, 388, 389, 390, 391, 394, 405, 407, 412, 413, 421, 424, 426, 427, 433, 435, 452], "excluded_lines": [], "functions": {"OrchestrationEngine.__init__": {"executed_lines": [72, 73, 75, 77, 80, 82, 83, 87, 89, 90, 93, 94, 95], "summary": {"covered_lines": 13, "num_statements": 13, "percent_covered": 100.0, "percent_covered_display": "100", "missing_lines": 0, "excluded_lines": 0}, "missing_lines": [], "excluded_lines": []}, "OrchestrationEngine.get_query_router": {"executed_lines": [99, 100, 101, 108, 113, 115], "summary": {"covered_lines": 6, "num_statements": 6, "percent_covered": 100.0, "percent_covered_display": "100", "missing_lines": 0, "excluded_lines": 0}, "missing_lines": [], "excluded_lines": []}, "OrchestrationEngine.handle_query_intent": {"executed_lines": [119, 121, 124, 126, 127, 135, 144, 146, 147, 150], "summary": {"covered_lines": 10, "num_statements": 15, "percent_covered": 66.66666666666667, "percent_covered_display": "67", "missing_lines": 5, "excluded_lines": 0}, "missing_lines": [137, 138, 156, 157, 158], "excluded_lines": []}, "OrchestrationEngine.create_workflow_from_intent": {"executed_lines": [], "summary": {"covered_lines": 0, "num_statements": 26, "percent_covered": 0.0, "percent_covered_display": "0", "missing_lines": 26, "excluded_lines": 0}, "missing_lines": [172, 173, 176, 177, 178, 179, 180, 181, 183, 184, 185, 186, 187, 188, 189, 193, 197, 198, 199, 202, 203, 204, 206, 208, 209, 210], "excluded_lines": []}, "OrchestrationEngine.execute_workflow": {"executed_lines": [], "summary": {"covered_lines": 0, "num_statements": 16, "percent_covered": 0.0, "percent_covered_display": "0", "missing_lines": 16, "excluded_lines": 0}, "missing_lines": [216, 217, 219, 221, 224, 225, 226, 229, 233, 234, 243, 244, 251, 252, 253, 254], "excluded_lines": []}, "OrchestrationEngine._execute_task": {"executed_lines": [], "summary": {"covered_lines": 0, "num_statements": 22, "percent_covered": 0.0, "percent_covered_display": "0", "missing_lines": 22, "excluded_lines": 0}, "missing_lines": [264, 266, 267, 269, 270, 271, 272, 273, 274, 275, 276, 277, 278, 280, 282, 283, 285, 292, 293, 294, 296, 303], "excluded_lines": []}, "OrchestrationEngine._analyze_request_task": {"executed_lines": [], "summary": {"covered_lines": 0, "num_statements": 3, "percent_covered": 0.0, "percent_covered_display": "0", "missing_lines": 3, "excluded_lines": 0}, "missing_lines": [314, 317, 323], "excluded_lines": []}, "OrchestrationEngine._extract_requirements_task": {"executed_lines": [], "summary": {"covered_lines": 0, "num_statements": 6, "percent_covered": 0.0, "percent_covered_display": "0", "missing_lines": 6, "excluded_lines": 0}, "missing_lines": [334, 337, 338, 341, 353, 355], "excluded_lines": []}, "OrchestrationEngine._identify_dependencies_task": {"executed_lines": [], "summary": {"covered_lines": 0, "num_statements": 6, "percent_covered": 0.0, "percent_covered_display": "0", "missing_lines": 6, "excluded_lines": 0}, "missing_lines": [365, 368, 369, 372, 380, 382], "excluded_lines": []}, "OrchestrationEngine._generate_documentation_task": {"executed_lines": [], "summary": {"covered_lines": 0, "num_statements": 7, "percent_covered": 0.0, "percent_covered_display": "0", "missing_lines": 7, "excluded_lines": 0}, "missing_lines": [388, 389, 390, 391, 394, 405, 407], "excluded_lines": []}, "OrchestrationEngine._execute_github_action_task": {"executed_lines": [], "summary": {"covered_lines": 0, "num_statements": 8, "percent_covered": 0.0, "percent_covered_display": "0", "missing_lines": 8, "excluded_lines": 0}, "missing_lines": [412, 413, 421, 424, 426, 427, 433, 435], "excluded_lines": []}, "set_global_engine": {"executed_lines": [], "summary": {"covered_lines": 0, "num_statements": 1, "percent_covered": 0.0, "percent_covered_display": "0", "missing_lines": 1, "excluded_lines": 0}, "missing_lines": [452], "excluded_lines": []}, "": {"executed_lines": [1, 8, 9, 10, 11, 12, 14, 16, 17, 18, 19, 22, 23, 24, 25, 26, 27, 31, 32, 33, 34, 37, 39, 42, 43, 44, 46, 47, 48, 49, 50, 53, 54, 55, 57, 58, 59, 60, 61, 64, 65, 70, 97, 117, 165, 212, 262, 311, 330, 362, 384, 409, 443, 446], "summary": {"covered_lines": 50, "num_statements": 50, "percent_covered": 100.0, "percent_covered_display": "100", "missing_lines": 0, "excluded_lines": 0}, "missing_lines": [], "excluded_lines": []}}, "classes": {"TaskResult": {"executed_lines": [], "summary": {"covered_lines": 0, "num_statements": 0, "percent_covered": 100.0, "percent_covered_display": "100", "missing_lines": 0, "excluded_lines": 0}, "missing_lines": [], "excluded_lines": []}, "WorkflowResult": {"executed_lines": [], "summary": {"covered_lines": 0, "num_statements": 0, "percent_covered": 100.0, "percent_covered_display": "100", "missing_lines": 0, "excluded_lines": 0}, "missing_lines": [], "excluded_lines": []}, "OrchestrationEngine": {"executed_lines": [72, 73, 75, 77, 80, 82, 83, 87, 89, 90, 93, 94, 95, 99, 100, 101, 108, 113, 115, 119, 121, 124, 126, 127, 135, 144, 146, 147, 150], "summary": {"covered_lines": 29, "num_statements": 128, "percent_covered": 22.65625, "percent_covered_display": "23", "missing_lines": 99, "excluded_lines": 0}, "missing_lines": [137, 138, 156, 157, 158, 172, 173, 176, 177, 178, 179, 180, 181, 183, 184, 185, 186, 187, 188, 189, 193, 197, 198, 199, 202, 203, 204, 206, 208, 209, 210, 216, 217, 219, 221, 224, 225, 226, 229, 233, 234, 243, 244, 251, 252, 253, 254, 264, 266, 267, 269, 270, 271, 272, 273, 274, 275, 276, 277, 278, 280, 282, 283, 285, 292, 293, 294, 296, 303, 314, 317, 323, 334, 337, 338, 341, 353, 355, 365, 368, 369, 372, 380, 382, 388, 389, 390, 391, 394, 405, 407, 412, 413, 421, 424, 426, 427, 433, 435], "excluded_lines": []}, "": {"executed_lines": [1, 8, 9, 10, 11, 12, 14, 16, 17, 18, 19, 22, 23, 24, 25, 26, 27, 31, 32, 33, 34, 37, 39, 42, 43, 44, 46, 47, 48, 49, 50, 53, 54, 55, 57, 58, 59, 60, 61, 64, 65, 70, 97, 117, 165, 212, 262, 311, 330, 362, 384, 409, 443, 446], "summary": {"covered_lines": 50, "num_statements": 51, "percent_covered": 98.03921568627452, "percent_covered_display": "98", "missing_lines": 1, "excluded_lines": 0}, "missing_lines": [452], "excluded_lines": []}}}, "services/orchestration/excellence_flywheel_integration.py": {"executed_lines": [], "summary": {"covered_lines": 0, "num_statements": 280, "percent_covered": 0.0, "percent_covered_display": "0", "missing_lines": 280, "excluded_lines": 0}, "missing_lines": [8, 9, 10, 11, 12, 13, 14, 16, 18, 19, 26, 29, 32, 33, 34, 35, 36, 39, 42, 43, 44, 45, 48, 49, 52, 53, 54, 55, 56, 57, 58, 59, 62, 63, 66, 67, 68, 69, 70, 71, 72, 75, 86, 87, 88, 89, 90, 97, 110, 112, 117, 127, 129, 132, 137, 140, 143, 146, 151, 153, 163, 165, 167, 177, 179, 186, 196, 198, 203, 206, 207, 208, 209, 212, 213, 214, 215, 218, 219, 220, 221, 223, 228, 231, 234, 235, 236, 237, 240, 241, 242, 243, 245, 247, 252, 255, 256, 257, 258, 261, 262, 263, 264, 267, 268, 269, 270, 272, 278, 279, 282, 283, 286, 289, 299, 301, 307, 308, 313, 314, 318, 325, 326, 327, 328, 330, 333, 336, 337, 338, 339, 340, 341, 342, 344, 346, 357, 361, 362, 363, 366, 368, 369, 371, 375, 386, 391, 392, 394, 395, 397, 408, 411, 414, 415, 416, 417, 418, 419, 420, 421, 422, 424, 425, 427, 441, 444, 445, 457, 458, 459, 460, 463, 464, 470, 484, 487, 488, 490, 492, 507, 510, 513, 514, 516, 519, 522, 523, 525, 527, 528, 529, 530, 532, 534, 545, 548, 549, 551, 553, 568, 573, 581, 583, 588, 591, 592, 595, 596, 599, 602, 603, 606, 607, 609, 611, 616, 618, 627, 629, 632, 633, 635, 637, 650, 651, 652, 655, 656, 657, 659, 664, 665, 666, 667, 668, 669, 671, 672, 673, 675, 676, 680, 684, 687, 688, 690, 693, 708, 710, 711, 713, 714, 716, 717, 718, 720, 723, 724, 725, 728, 729, 730, 731, 733, 736, 738, 739, 740, 741, 742, 743, 748, 757, 761, 771, 773, 775, 777, 778], "excluded_lines": [], "functions": {"ExcellenceFlywheelIntegrator.__init__": {"executed_lines": [], "summary": {"covered_lines": 0, "num_statements": 4, "percent_covered": 0.0, "percent_covered_display": "0", "missing_lines": 4, "excluded_lines": 0}, "missing_lines": [87, 88, 89, 90], "excluded_lines": []}, "ExcellenceFlywheelIntegrator.coordinate_with_excellence_flywheel": {"executed_lines": [], "summary": {"covered_lines": 0, "num_statements": 19, "percent_covered": 0.0, "percent_covered_display": "0", "missing_lines": 19, "excluded_lines": 0}, "missing_lines": [110, 112, 117, 127, 129, 132, 137, 140, 143, 146, 151, 153, 163, 165, 167, 177, 179, 186, 196], "excluded_lines": []}, "ExcellenceFlywheelIntegrator._verify_pre_coordination": {"executed_lines": [], "summary": {"covered_lines": 0, "num_statements": 13, "percent_covered": 0.0, "percent_covered_display": "0", "missing_lines": 13, "excluded_lines": 0}, "missing_lines": [203, 206, 207, 208, 209, 212, 213, 214, 215, 218, 219, 220, 221], "excluded_lines": []}, "ExcellenceFlywheelIntegrator._execute_verified_coordination": {"executed_lines": [], "summary": {"covered_lines": 0, "num_statements": 11, "percent_covered": 0.0, "percent_covered_display": "0", "missing_lines": 11, "excluded_lines": 0}, "missing_lines": [228, 231, 234, 235, 236, 237, 240, 241, 242, 243, 245], "excluded_lines": []}, "ExcellenceFlywheelIntegrator._verify_post_coordination": {"executed_lines": [], "summary": {"covered_lines": 0, "num_statements": 13, "percent_covered": 0.0, "percent_covered_display": "0", "missing_lines": 13, "excluded_lines": 0}, "missing_lines": [252, 255, 256, 257, 258, 261, 262, 263, 264, 267, 268, 269, 270], "excluded_lines": []}, "ExcellenceFlywheelIntegrator._capture_learning_and_patterns": {"executed_lines": [], "summary": {"covered_lines": 0, "num_statements": 7, "percent_covered": 0.0, "percent_covered_display": "0", "missing_lines": 7, "excluded_lines": 0}, "missing_lines": [278, 279, 282, 283, 286, 289, 299], "excluded_lines": []}, "ExcellenceFlywheelIntegrator._update_acceleration_metrics": {"executed_lines": [], "summary": {"covered_lines": 0, "num_statements": 10, "percent_covered": 0.0, "percent_covered_display": "0", "missing_lines": 10, "excluded_lines": 0}, "missing_lines": [307, 308, 313, 314, 318, 325, 326, 327, 328, 330], "excluded_lines": []}, "ExcellenceFlywheelIntegrator._verify_intent_structure": {"executed_lines": [], "summary": {"covered_lines": 0, "num_statements": 9, "percent_covered": 0.0, "percent_covered_display": "0", "missing_lines": 9, "excluded_lines": 0}, "missing_lines": [336, 337, 338, 339, 340, 341, 342, 344, 346], "excluded_lines": []}, "ExcellenceFlywheelIntegrator._verify_pattern_availability": {"executed_lines": [], "summary": {"covered_lines": 0, "num_statements": 8, "percent_covered": 0.0, "percent_covered_display": "0", "missing_lines": 8, "excluded_lines": 0}, "missing_lines": [361, 362, 363, 366, 368, 369, 371, 375], "excluded_lines": []}, "ExcellenceFlywheelIntegrator._verify_context_adequacy": {"executed_lines": [], "summary": {"covered_lines": 0, "num_statements": 5, "percent_covered": 0.0, "percent_covered_display": "0", "missing_lines": 5, "excluded_lines": 0}, "missing_lines": [391, 392, 394, 395, 397], "excluded_lines": []}, "ExcellenceFlywheelIntegrator._verify_task_decomposition": {"executed_lines": [], "summary": {"covered_lines": 0, "num_statements": 13, "percent_covered": 0.0, "percent_covered_display": "0", "missing_lines": 13, "excluded_lines": 0}, "missing_lines": [411, 414, 415, 416, 417, 418, 419, 420, 421, 422, 424, 425, 427], "excluded_lines": []}, "ExcellenceFlywheelIntegrator._verify_agent_assignments": {"executed_lines": [], "summary": {"covered_lines": 0, "num_statements": 9, "percent_covered": 0.0, "percent_covered_display": "0", "missing_lines": 9, "excluded_lines": 0}, "missing_lines": [444, 445, 457, 458, 459, 460, 463, 464, 470], "excluded_lines": []}, "ExcellenceFlywheelIntegrator._verify_performance_targets": {"executed_lines": [], "summary": {"covered_lines": 0, "num_statements": 4, "percent_covered": 0.0, "percent_covered_display": "0", "missing_lines": 4, "excluded_lines": 0}, "missing_lines": [487, 488, 490, 492], "excluded_lines": []}, "ExcellenceFlywheelIntegrator._verify_coordination_quality": {"executed_lines": [], "summary": {"covered_lines": 0, "num_statements": 14, "percent_covered": 0.0, "percent_covered_display": "0", "missing_lines": 14, "excluded_lines": 0}, "missing_lines": [510, 513, 514, 516, 519, 522, 523, 525, 527, 528, 529, 530, 532, 534], "excluded_lines": []}, "ExcellenceFlywheelIntegrator._verify_success_metrics": {"executed_lines": [], "summary": {"covered_lines": 0, "num_statements": 4, "percent_covered": 0.0, "percent_covered_display": "0", "missing_lines": 4, "excluded_lines": 0}, "missing_lines": [548, 549, 551, 553], "excluded_lines": []}, "ExcellenceFlywheelIntegrator._detect_coordination_patterns": {"executed_lines": [], "summary": {"covered_lines": 0, "num_statements": 2, "percent_covered": 0.0, "percent_covered_display": "0", "missing_lines": 2, "excluded_lines": 0}, "missing_lines": [573, 581], "excluded_lines": []}, "ExcellenceFlywheelIntegrator._generate_learning_insights": {"executed_lines": [], "summary": {"covered_lines": 0, "num_statements": 11, "percent_covered": 0.0, "percent_covered_display": "0", "missing_lines": 11, "excluded_lines": 0}, "missing_lines": [588, 591, 592, 595, 596, 599, 602, 603, 606, 607, 609], "excluded_lines": []}, "ExcellenceFlywheelIntegrator._update_pattern_library": {"executed_lines": [], "summary": {"covered_lines": 0, "num_statements": 3, "percent_covered": 0.0, "percent_covered_display": "0", "missing_lines": 3, "excluded_lines": 0}, "missing_lines": [616, 618, 627], "excluded_lines": []}, "ExcellenceFlywheelIntegrator.get_flywheel_analytics": {"executed_lines": [], "summary": {"covered_lines": 0, "num_statements": 23, "percent_covered": 0.0, "percent_covered_display": "0", "missing_lines": 23, "excluded_lines": 0}, "missing_lines": [632, 633, 635, 637, 650, 651, 652, 655, 656, 657, 659, 664, 665, 666, 667, 668, 669, 671, 672, 673, 675, 676, 680], "excluded_lines": []}, "run_excellence_flywheel_validation": {"executed_lines": [], "summary": {"covered_lines": 0, "num_statements": 31, "percent_covered": 0.0, "percent_covered_display": "0", "missing_lines": 31, "excluded_lines": 0}, "missing_lines": [687, 688, 690, 693, 708, 710, 711, 713, 714, 716, 717, 718, 720, 723, 724, 725, 728, 729, 730, 731, 733, 736, 738, 739, 740, 741, 742, 743, 748, 757, 761], "excluded_lines": []}, "": {"executed_lines": [], "summary": {"covered_lines": 0, "num_statements": 67, "percent_covered": 0.0, "percent_covered_display": "0", "missing_lines": 67, "excluded_lines": 0}, "missing_lines": [8, 9, 10, 11, 12, 13, 14, 16, 18, 19, 26, 29, 32, 33, 34, 35, 36, 39, 42, 43, 44, 45, 48, 49, 52, 53, 54, 55, 56, 57, 58, 59, 62, 63, 66, 67, 68, 69, 70, 71, 72, 75, 86, 97, 198, 223, 247, 272, 301, 333, 357, 386, 408, 441, 484, 507, 545, 568, 583, 611, 629, 684, 771, 773, 775, 777, 778], "excluded_lines": []}}, "classes": {"VerificationPhase": {"executed_lines": [], "summary": {"covered_lines": 0, "num_statements": 0, "percent_covered": 100.0, "percent_covered_display": "100", "missing_lines": 0, "excluded_lines": 0}, "missing_lines": [], "excluded_lines": []}, "VerificationResult": {"executed_lines": [], "summary": {"covered_lines": 0, "num_statements": 0, "percent_covered": 100.0, "percent_covered_display": "100", "missing_lines": 0, "excluded_lines": 0}, "missing_lines": [], "excluded_lines": []}, "VerificationCheck": {"executed_lines": [], "summary": {"covered_lines": 0, "num_statements": 0, "percent_covered": 100.0, "percent_covered_display": "100", "missing_lines": 0, "excluded_lines": 0}, "missing_lines": [], "excluded_lines": []}, "ExcellenceFlywheel": {"executed_lines": [], "summary": {"covered_lines": 0, "num_statements": 0, "percent_covered": 100.0, "percent_covered_display": "100", "missing_lines": 0, "excluded_lines": 0}, "missing_lines": [], "excluded_lines": []}, "ExcellenceFlywheelIntegrator": {"executed_lines": [], "summary": {"covered_lines": 0, "num_statements": 182, "percent_covered": 0.0, "percent_covered_display": "0", "missing_lines": 182, "excluded_lines": 0}, "missing_lines": [87, 88, 89, 90, 110, 112, 117, 127, 129, 132, 137, 140, 143, 146, 151, 153, 163, 165, 167, 177, 179, 186, 196, 203, 206, 207, 208, 209, 212, 213, 214, 215, 218, 219, 220, 221, 228, 231, 234, 235, 236, 237, 240, 241, 242, 243, 245, 252, 255, 256, 257, 258, 261, 262, 263, 264, 267, 268, 269, 270, 278, 279, 282, 283, 286, 289, 299, 307, 308, 313, 314, 318, 325, 326, 327, 328, 330, 336, 337, 338, 339, 340, 341, 342, 344, 346, 361, 362, 363, 366, 368, 369, 371, 375, 391, 392, 394, 395, 397, 411, 414, 415, 416, 417, 418, 419, 420, 421, 422, 424, 425, 427, 444, 445, 457, 458, 459, 460, 463, 464, 470, 487, 488, 490, 492, 510, 513, 514, 516, 519, 522, 523, 525, 527, 528, 529, 530, 532, 534, 548, 549, 551, 553, 573, 581, 588, 591, 592, 595, 596, 599, 602, 603, 606, 607, 609, 616, 618, 627, 632, 633, 635, 637, 650, 651, 652, 655, 656, 657, 659, 664, 665, 666, 667, 668, 669, 671, 672, 673, 675, 676, 680], "excluded_lines": []}, "": {"executed_lines": [], "summary": {"covered_lines": 0, "num_statements": 98, "percent_covered": 0.0, "percent_covered_display": "0", "missing_lines": 98, "excluded_lines": 0}, "missing_lines": [8, 9, 10, 11, 12, 13, 14, 16, 18, 19, 26, 29, 32, 33, 34, 35, 36, 39, 42, 43, 44, 45, 48, 49, 52, 53, 54, 55, 56, 57, 58, 59, 62, 63, 66, 67, 68, 69, 70, 71, 72, 75, 86, 97, 198, 223, 247, 272, 301, 333, 357, 386, 408, 441, 484, 507, 545, 568, 583, 611, 629, 684, 687, 688, 690, 693, 708, 710, 711, 713, 714, 716, 717, 718, 720, 723, 724, 725, 728, 729, 730, 731, 733, 736, 738, 739, 740, 741, 742, 743, 748, 757, 761, 771, 773, 775, 777, 778], "excluded_lines": []}}}, "services/orchestration/exceptions.py": {"executed_lines": [], "summary": {"covered_lines": 0, "num_statements": 27, "percent_covered": 0.0, "percent_covered_display": "0", "missing_lines": 27, "excluded_lines": 0}, "missing_lines": [3, 6, 9, 12, 15, 16, 17, 20, 23, 30, 31, 33, 34, 36, 37, 38, 39, 40, 43, 44, 46, 49, 52, 53, 60, 63, 64], "excluded_lines": [], "functions": {"WorkflowValidationError.__init__": {"executed_lines": [], "summary": {"covered_lines": 0, "num_statements": 2, "percent_covered": 0.0, "percent_covered_display": "0", "missing_lines": 2, "excluded_lines": 0}, "missing_lines": [16, 17], "excluded_lines": []}, "ContextValidationError.__init__": {"executed_lines": [], "summary": {"covered_lines": 0, "num_statements": 12, "percent_covered": 0.0, "percent_covered_display": "0", "missing_lines": 12, "excluded_lines": 0}, "missing_lines": [30, 31, 33, 34, 36, 37, 38, 39, 40, 43, 44, 46], "excluded_lines": []}, "InsufficientContextError.__init__": {"executed_lines": [], "summary": {"covered_lines": 0, "num_statements": 1, "percent_covered": 0.0, "percent_covered_display": "0", "missing_lines": 1, "excluded_lines": 0}, "missing_lines": [53], "excluded_lines": []}, "InvalidContextError.__init__": {"executed_lines": [], "summary": {"covered_lines": 0, "num_statements": 1, "percent_covered": 0.0, "percent_covered_display": "0", "missing_lines": 1, "excluded_lines": 0}, "missing_lines": [64], "excluded_lines": []}, "": {"executed_lines": [], "summary": {"covered_lines": 0, "num_statements": 11, "percent_covered": 0.0, "percent_covered_display": "0", "missing_lines": 11, "excluded_lines": 0}, "missing_lines": [3, 6, 9, 12, 15, 20, 23, 49, 52, 60, 63], "excluded_lines": []}}, "classes": {"OrchestrationError": {"executed_lines": [], "summary": {"covered_lines": 0, "num_statements": 0, "percent_covered": 100.0, "percent_covered_display": "100", "missing_lines": 0, "excluded_lines": 0}, "missing_lines": [], "excluded_lines": []}, "WorkflowValidationError": {"executed_lines": [], "summary": {"covered_lines": 0, "num_statements": 2, "percent_covered": 0.0, "percent_covered_display": "0", "missing_lines": 2, "excluded_lines": 0}, "missing_lines": [16, 17], "excluded_lines": []}, "ContextValidationError": {"executed_lines": [], "summary": {"covered_lines": 0, "num_statements": 12, "percent_covered": 0.0, "percent_covered_display": "0", "missing_lines": 12, "excluded_lines": 0}, "missing_lines": [30, 31, 33, 34, 36, 37, 38, 39, 40, 43, 44, 46], "excluded_lines": []}, "InsufficientContextError": {"executed_lines": [], "summary": {"covered_lines": 0, "num_statements": 1, "percent_covered": 0.0, "percent_covered_display": "0", "missing_lines": 1, "excluded_lines": 0}, "missing_lines": [53], "excluded_lines": []}, "InvalidContextError": {"executed_lines": [], "summary": {"covered_lines": 0, "num_statements": 1, "percent_covered": 0.0, "percent_covered_display": "0", "missing_lines": 1, "excluded_lines": 0}, "missing_lines": [64], "excluded_lines": []}, "": {"executed_lines": [], "summary": {"covered_lines": 0, "num_statements": 11, "percent_covered": 0.0, "percent_covered_display": "0", "missing_lines": 11, "excluded_lines": 0}, "missing_lines": [3, 6, 9, 12, 15, 20, 23, 49, 52, 60, 63], "excluded_lines": []}}}, "services/orchestration/integration/__init__.py": {"executed_lines": [1, 6, 7, 8, 10], "summary": {"covered_lines": 4, "num_statements": 4, "percent_covered": 100.0, "percent_covered_display": "100", "missing_lines": 0, "excluded_lines": 0}, "missing_lines": [], "excluded_lines": [], "functions": {"": {"executed_lines": [1, 6, 7, 8, 10], "summary": {"covered_lines": 4, "num_statements": 4, "percent_covered": 100.0, "percent_covered_display": "100", "missing_lines": 0, "excluded_lines": 0}, "missing_lines": [], "excluded_lines": []}}, "classes": {"": {"executed_lines": [1, 6, 7, 8, 10], "summary": {"covered_lines": 4, "num_statements": 4, "percent_covered": 100.0, "percent_covered_display": "100", "missing_lines": 0, "excluded_lines": 0}, "missing_lines": [], "excluded_lines": []}}}, "services/orchestration/integration/performance_monitoring.py": {"executed_lines": [1, 6, 7, 8, 10, 11, 14, 15, 17, 18, 19, 21, 65], "summary": {"covered_lines": 11, "num_statements": 32, "percent_covered": 34.375, "percent_covered_display": "34", "missing_lines": 21, "excluded_lines": 0}, "missing_lines": [24, 26, 33, 34, 35, 37, 47, 50, 51, 53, 55, 56, 62, 63, 68, 69, 71, 72, 73, 79, 81], "excluded_lines": [], "functions": {"PerformanceMonitor.__init__": {"executed_lines": [18, 19], "summary": {"covered_lines": 2, "num_statements": 2, "percent_covered": 100.0, "percent_covered_display": "100", "missing_lines": 0, "excluded_lines": 0}, "missing_lines": [], "excluded_lines": []}, "PerformanceMonitor.check_multi_agent_health": {"executed_lines": [], "summary": {"covered_lines": 0, "num_statements": 14, "percent_covered": 0.0, "percent_covered_display": "0", "missing_lines": 14, "excluded_lines": 0}, "missing_lines": [24, 26, 33, 34, 35, 37, 47, 50, 51, 53, 55, 56, 62, 63], "excluded_lines": []}, "PerformanceMonitor.get_performance_metrics": {"executed_lines": [], "summary": {"covered_lines": 0, "num_statements": 7, "percent_covered": 0.0, "percent_covered_display": "0", "missing_lines": 7, "excluded_lines": 0}, "missing_lines": [68, 69, 71, 72, 73, 79, 81], "excluded_lines": []}, "": {"executed_lines": [1, 6, 7, 8, 10, 11, 14, 15, 17, 21, 65], "summary": {"covered_lines": 9, "num_statements": 9, "percent_covered": 100.0, "percent_covered_display": "100", "missing_lines": 0, "excluded_lines": 0}, "missing_lines": [], "excluded_lines": []}}, "classes": {"PerformanceMonitor": {"executed_lines": [18, 19], "summary": {"covered_lines": 2, "num_statements": 23, "percent_covered": 8.695652173913043, "percent_covered_display": "9", "missing_lines": 21, "excluded_lines": 0}, "missing_lines": [24, 26, 33, 34, 35, 37, 47, 50, 51, 53, 55, 56, 62, 63, 68, 69, 71, 72, 73, 79, 81], "excluded_lines": []}, "": {"executed_lines": [1, 6, 7, 8, 10, 11, 14, 15, 17, 21, 65], "summary": {"covered_lines": 9, "num_statements": 9, "percent_covered": 100.0, "percent_covered_display": "100", "missing_lines": 0, "excluded_lines": 0}, "missing_lines": [], "excluded_lines": []}}}, "services/orchestration/integration/session_integration.py": {"executed_lines": [1, 6, 7, 8, 10, 11, 14, 15, 17, 18, 20, 61, 65], "summary": {"covered_lines": 11, "num_statements": 24, "percent_covered": 45.833333333333336, "percent_covered_display": "46", "missing_lines": 13, "excluded_lines": 0}, "missing_lines": [26, 27, 33, 35, 40, 47, 54, 55, 63, 67, 68, 69, 70], "excluded_lines": [], "functions": {"SessionIntegration.__init__": {"executed_lines": [18], "summary": {"covered_lines": 1, "num_statements": 1, "percent_covered": 100.0, "percent_covered_display": "100", "missing_lines": 0, "excluded_lines": 0}, "missing_lines": [], "excluded_lines": []}, "SessionIntegration.trigger_multi_agent_coordination": {"executed_lines": [], "summary": {"covered_lines": 0, "num_statements": 8, "percent_covered": 0.0, "percent_covered_display": "0", "missing_lines": 8, "excluded_lines": 0}, "missing_lines": [26, 27, 33, 35, 40, 47, 54, 55], "excluded_lines": []}, "SessionIntegration.get_coordination_status": {"executed_lines": [], "summary": {"covered_lines": 0, "num_statements": 1, "percent_covered": 0.0, "percent_covered_display": "0", "missing_lines": 1, "excluded_lines": 0}, "missing_lines": [63], "excluded_lines": []}, "SessionIntegration.clear_coordination": {"executed_lines": [], "summary": {"covered_lines": 0, "num_statements": 4, "percent_covered": 0.0, "percent_covered_display": "0", "missing_lines": 4, "excluded_lines": 0}, "missing_lines": [67, 68, 69, 70], "excluded_lines": []}, "": {"executed_lines": [1, 6, 7, 8, 10, 11, 14, 15, 17, 20, 61, 65], "summary": {"covered_lines": 10, "num_statements": 10, "percent_covered": 100.0, "percent_covered_display": "100", "missing_lines": 0, "excluded_lines": 0}, "missing_lines": [], "excluded_lines": []}}, "classes": {"SessionIntegration": {"executed_lines": [18], "summary": {"covered_lines": 1, "num_statements": 14, "percent_covered": 7.142857142857143, "percent_covered_display": "7", "missing_lines": 13, "excluded_lines": 0}, "missing_lines": [26, 27, 33, 35, 40, 47, 54, 55, 63, 67, 68, 69, 70], "excluded_lines": []}, "": {"executed_lines": [1, 6, 7, 8, 10, 11, 14, 15, 17, 20, 61, 65], "summary": {"covered_lines": 10, "num_statements": 10, "percent_covered": 100.0, "percent_covered_display": "100", "missing_lines": 0, "excluded_lines": 0}, "missing_lines": [], "excluded_lines": []}}}, "services/orchestration/integration/workflow_integration.py": {"executed_lines": [1, 6, 7, 8, 9, 11, 12, 13, 16, 17, 19, 20, 22, 46, 81], "summary": {"covered_lines": 13, "num_statements": 36, "percent_covered": 36.111111111111114, "percent_covered_display": "36", "missing_lines": 23, "excluded_lines": 0}, "missing_lines": [27, 29, 31, 34, 36, 37, 39, 41, 42, 43, 44, 51, 68, 69, 77, 79, 83, 84, 85, 86, 87, 88, 90], "excluded_lines": [], "functions": {"WorkflowIntegration.__init__": {"executed_lines": [20], "summary": {"covered_lines": 1, "num_statements": 1, "percent_covered": 100.0, "percent_covered_display": "100", "missing_lines": 0, "excluded_lines": 0}, "missing_lines": [], "excluded_lines": []}, "WorkflowIntegration.create_multi_agent_workflow": {"executed_lines": [], "summary": {"covered_lines": 0, "num_statements": 11, "percent_covered": 0.0, "percent_covered_display": "0", "missing_lines": 11, "excluded_lines": 0}, "missing_lines": [27, 29, 31, 34, 36, 37, 39, 41, 42, 43, 44], "excluded_lines": []}, "WorkflowIntegration._create_workflow_from_coordination": {"executed_lines": [], "summary": {"covered_lines": 0, "num_statements": 5, "percent_covered": 0.0, "percent_covered_display": "0", "missing_lines": 5, "excluded_lines": 0}, "missing_lines": [51, 68, 69, 77, 79], "excluded_lines": []}, "WorkflowIntegration._map_subtask_to_task_type": {"executed_lines": [], "summary": {"covered_lines": 0, "num_statements": 7, "percent_covered": 0.0, "percent_covered_display": "0", "missing_lines": 7, "excluded_lines": 0}, "missing_lines": [83, 84, 85, 86, 87, 88, 90], "excluded_lines": []}, "": {"executed_lines": [1, 6, 7, 8, 9, 11, 12, 13, 16, 17, 19, 22, 46, 81], "summary": {"covered_lines": 12, "num_statements": 12, "percent_covered": 100.0, "percent_covered_display": "100", "missing_lines": 0, "excluded_lines": 0}, "missing_lines": [], "excluded_lines": []}}, "classes": {"WorkflowIntegration": {"executed_lines": [20], "summary": {"covered_lines": 1, "num_statements": 24, "percent_covered": 4.166666666666667, "percent_covered_display": "4", "missing_lines": 23, "excluded_lines": 0}, "missing_lines": [27, 29, 31, 34, 36, 37, 39, 41, 42, 43, 44, 51, 68, 69, 77, 79, 83, 84, 85, 86, 87, 88, 90], "excluded_lines": []}, "": {"executed_lines": [1, 6, 7, 8, 9, 11, 12, 13, 16, 17, 19, 22, 46, 81], "summary": {"covered_lines": 12, "num_statements": 12, "percent_covered": 100.0, "percent_covered_display": "100", "missing_lines": 0, "excluded_lines": 0}, "missing_lines": [], "excluded_lines": []}}}, "services/orchestration/kind_communication.py": {"executed_lines": [], "summary": {"covered_lines": 0, "num_statements": 203, "percent_covered": 0.0, "percent_covered_display": "0", "missing_lines": 203, "excluded_lines": 0}, "missing_lines": [8, 9, 10, 11, 12, 13, 15, 17, 18, 24, 27, 30, 31, 32, 33, 34, 37, 40, 41, 42, 43, 44, 47, 48, 51, 52, 53, 54, 55, 56, 57, 58, 61, 62, 65, 66, 67, 68, 69, 70, 73, 81, 82, 83, 85, 98, 104, 105, 106, 107, 108, 109, 111, 113, 119, 120, 122, 123, 126, 128, 129, 132, 133, 140, 148, 149, 152, 153, 154, 155, 158, 159, 160, 161, 164, 165, 166, 167, 169, 170, 173, 174, 175, 176, 178, 180, 196, 201, 203, 204, 206, 208, 210, 211, 212, 213, 214, 215, 217, 220, 223, 229, 231, 248, 253, 255, 256, 258, 260, 261, 268, 269, 273, 275, 277, 279, 281, 297, 302, 304, 305, 307, 318, 321, 334, 335, 336, 338, 340, 343, 344, 346, 349, 360, 361, 362, 363, 365, 367, 370, 373, 376, 377, 378, 379, 380, 383, 384, 385, 388, 389, 392, 393, 394, 396, 398, 400, 402, 404, 405, 413, 416, 417, 420, 423, 424, 426, 433, 434, 436, 437, 438, 439, 440, 441, 443, 445, 455, 456, 457, 458, 459, 461, 463, 470, 471, 474, 477, 479, 480, 481, 484, 494, 496, 497, 498, 499, 501, 505, 516, 518, 520, 521], "excluded_lines": [], "functions": {"KindCommunicationWrapper.__init__": {"executed_lines": [], "summary": {"covered_lines": 0, "num_statements": 2, "percent_covered": 0.0, "percent_covered_display": "0", "missing_lines": 2, "excluded_lines": 0}, "missing_lines": [82, 83], "excluded_lines": []}, "KindCommunicationWrapper.wrap_coordination_result": {"executed_lines": [], "summary": {"covered_lines": 0, "num_statements": 8, "percent_covered": 0.0, "percent_covered_display": "0", "missing_lines": 8, "excluded_lines": 0}, "missing_lines": [98, 104, 105, 106, 107, 108, 109, 111], "excluded_lines": []}, "KindCommunicationWrapper._create_success_message": {"executed_lines": [], "summary": {"covered_lines": 0, "num_statements": 32, "percent_covered": 0.0, "percent_covered_display": "0", "missing_lines": 32, "excluded_lines": 0}, "missing_lines": [119, 120, 122, 123, 126, 128, 129, 132, 133, 140, 148, 149, 152, 153, 154, 155, 158, 159, 160, 161, 164, 165, 166, 167, 169, 170, 173, 174, 175, 176, 178, 180], "excluded_lines": []}, "KindCommunicationWrapper._create_error_message": {"executed_lines": [], "summary": {"covered_lines": 0, "num_statements": 16, "percent_covered": 0.0, "percent_covered_display": "0", "missing_lines": 16, "excluded_lines": 0}, "missing_lines": [201, 203, 204, 206, 208, 210, 211, 212, 213, 214, 215, 217, 220, 223, 229, 231], "excluded_lines": []}, "KindCommunicationWrapper._create_progress_message": {"executed_lines": [], "summary": {"covered_lines": 0, "num_statements": 13, "percent_covered": 0.0, "percent_covered_display": "0", "missing_lines": 13, "excluded_lines": 0}, "missing_lines": [253, 255, 256, 258, 260, 261, 268, 269, 273, 275, 277, 279, 281], "excluded_lines": []}, "KindCommunicationWrapper._create_status_message": {"executed_lines": [], "summary": {"covered_lines": 0, "num_statements": 4, "percent_covered": 0.0, "percent_covered_display": "0", "missing_lines": 4, "excluded_lines": 0}, "missing_lines": [302, 304, 305, 307], "excluded_lines": []}, "KindCommunicationWrapper._extract_action_verb": {"executed_lines": [], "summary": {"covered_lines": 0, "num_statements": 5, "percent_covered": 0.0, "percent_covered_display": "0", "missing_lines": 5, "excluded_lines": 0}, "missing_lines": [321, 334, 335, 336, 338], "excluded_lines": []}, "KindCommunicationWrapper._humanize_task_description": {"executed_lines": [], "summary": {"covered_lines": 0, "num_statements": 9, "percent_covered": 0.0, "percent_covered_display": "0", "missing_lines": 9, "excluded_lines": 0}, "missing_lines": [343, 344, 346, 349, 360, 361, 362, 363, 365], "excluded_lines": []}, "KindCommunicationWrapper.format_message_for_display": {"executed_lines": [], "summary": {"covered_lines": 0, "num_statements": 16, "percent_covered": 0.0, "percent_covered_display": "0", "missing_lines": 16, "excluded_lines": 0}, "missing_lines": [370, 373, 376, 377, 378, 379, 380, 383, 384, 385, 388, 389, 392, 393, 394, 396], "excluded_lines": []}, "KindCommunicationWrapper.get_message_history": {"executed_lines": [], "summary": {"covered_lines": 0, "num_statements": 1, "percent_covered": 0.0, "percent_covered_display": "0", "missing_lines": 1, "excluded_lines": 0}, "missing_lines": [400], "excluded_lines": []}, "KindCommunicationWrapper.update_preferences": {"executed_lines": [], "summary": {"covered_lines": 0, "num_statements": 2, "percent_covered": 0.0, "percent_covered_display": "0", "missing_lines": 2, "excluded_lines": 0}, "missing_lines": [404, 405], "excluded_lines": []}, "run_kind_communication_validation": {"executed_lines": [], "summary": {"covered_lines": 0, "num_statements": 38, "percent_covered": 0.0, "percent_covered_display": "0", "missing_lines": 38, "excluded_lines": 0}, "missing_lines": [416, 417, 420, 423, 424, 426, 433, 434, 436, 437, 438, 439, 440, 441, 443, 445, 455, 456, 457, 458, 459, 461, 463, 470, 471, 474, 477, 479, 480, 481, 484, 494, 496, 497, 498, 499, 501, 505], "excluded_lines": []}, "": {"executed_lines": [], "summary": {"covered_lines": 0, "num_statements": 57, "percent_covered": 0.0, "percent_covered_display": "0", "missing_lines": 57, "excluded_lines": 0}, "missing_lines": [8, 9, 10, 11, 12, 13, 15, 17, 18, 24, 27, 30, 31, 32, 33, 34, 37, 40, 41, 42, 43, 44, 47, 48, 51, 52, 53, 54, 55, 56, 57, 58, 61, 62, 65, 66, 67, 68, 69, 70, 73, 81, 85, 113, 196, 248, 297, 318, 340, 367, 398, 402, 413, 516, 518, 520, 521], "excluded_lines": []}}, "classes": {"MessageTone": {"executed_lines": [], "summary": {"covered_lines": 0, "num_statements": 0, "percent_covered": 100.0, "percent_covered_display": "100", "missing_lines": 0, "excluded_lines": 0}, "missing_lines": [], "excluded_lines": []}, "MessageType": {"executed_lines": [], "summary": {"covered_lines": 0, "num_statements": 0, "percent_covered": 100.0, "percent_covered_display": "100", "missing_lines": 0, "excluded_lines": 0}, "missing_lines": [], "excluded_lines": []}, "KindMessage": {"executed_lines": [], "summary": {"covered_lines": 0, "num_statements": 0, "percent_covered": 100.0, "percent_covered_display": "100", "missing_lines": 0, "excluded_lines": 0}, "missing_lines": [], "excluded_lines": []}, "CommunicationPreferences": {"executed_lines": [], "summary": {"covered_lines": 0, "num_statements": 0, "percent_covered": 100.0, "percent_covered_display": "100", "missing_lines": 0, "excluded_lines": 0}, "missing_lines": [], "excluded_lines": []}, "KindCommunicationWrapper": {"executed_lines": [], "summary": {"covered_lines": 0, "num_statements": 108, "percent_covered": 0.0, "percent_covered_display": "0", "missing_lines": 108, "excluded_lines": 0}, "missing_lines": [82, 83, 98, 104, 105, 106, 107, 108, 109, 111, 119, 120, 122, 123, 126, 128, 129, 132, 133, 140, 148, 149, 152, 153, 154, 155, 158, 159, 160, 161, 164, 165, 166, 167, 169, 170, 173, 174, 175, 176, 178, 180, 201, 203, 204, 206, 208, 210, 211, 212, 213, 214, 215, 217, 220, 223, 229, 231, 253, 255, 256, 258, 260, 261, 268, 269, 273, 275, 277, 279, 281, 302, 304, 305, 307, 321, 334, 335, 336, 338, 343, 344, 346, 349, 360, 361, 362, 363, 365, 370, 373, 376, 377, 378, 379, 380, 383, 384, 385, 388, 389, 392, 393, 394, 396, 400, 404, 405], "excluded_lines": []}, "": {"executed_lines": [], "summary": {"covered_lines": 0, "num_statements": 95, "percent_covered": 0.0, "percent_covered_display": "0", "missing_lines": 95, "excluded_lines": 0}, "missing_lines": [8, 9, 10, 11, 12, 13, 15, 17, 18, 24, 27, 30, 31, 32, 33, 34, 37, 40, 41, 42, 43, 44, 47, 48, 51, 52, 53, 54, 55, 56, 57, 58, 61, 62, 65, 66, 67, 68, 69, 70, 73, 81, 85, 113, 196, 248, 297, 318, 340, 367, 398, 402, 413, 416, 417, 420, 423, 424, 426, 433, 434, 436, 437, 438, 439, 440, 441, 443, 445, 455, 456, 457, 458, 459, 461, 463, 470, 471, 474, 477, 479, 480, 481, 484, 494, 496, 497, 498, 499, 501, 505, 516, 518, 520, 521], "excluded_lines": []}}}, "services/orchestration/multi_agent_coordinator.py": {"executed_lines": [1, 8, 9, 10, 11, 12, 13, 14, 16, 18, 19, 21, 24, 25, 27, 28, 29, 32, 33, 35, 36, 37, 40, 41, 43, 44, 45, 46, 47, 48, 49, 52, 53, 54, 56, 57, 58, 59, 60, 61, 64, 65, 66, 68, 69, 70, 71, 72, 73, 74, 75, 76, 77, 79, 84, 85, 86, 88, 89, 90, 91, 92, 93, 94, 95, 98, 99, 101, 102, 104, 106, 164, 214, 239, 270, 292, 330, 350, 394, 449, 473, 474, 481, 482, 483, 484, 486, 581, 613, 639, 660, 664], "summary": {"covered_lines": 83, "num_statements": 214, "percent_covered": 38.78504672897196, "percent_covered_display": "39", "missing_lines": 131, "excluded_lines": 0}, "missing_lines": [80, 81, 175, 176, 178, 180, 182, 184, 186, 188, 192, 194, 195, 197, 211, 212, 218, 219, 220, 223, 224, 225, 227, 228, 231, 232, 233, 234, 235, 237, 241, 244, 251, 252, 255, 256, 264, 265, 266, 268, 272, 273, 276, 286, 287, 288, 290, 294, 297, 305, 308, 309, 321, 326, 328, 334, 335, 337, 354, 357, 358, 360, 390, 392, 398, 399, 402, 447, 451, 452, 454, 456, 457, 462, 463, 464, 466, 467, 468, 470, 499, 500, 502, 508, 510, 513, 516, 519, 521, 546, 549, 550, 556, 562, 564, 565, 575, 579, 584, 585, 587, 589, 590, 593, 594, 598, 599, 605, 609, 611, 617, 618, 619, 626, 629, 637, 642, 643, 646, 652, 653, 654, 658, 662, 667, 668, 670, 671, 672, 673, 677], "excluded_lines": [], "functions": {"SubTask.__post_init__": {"executed_lines": [], "summary": {"covered_lines": 0, "num_statements": 2, "percent_covered": 0.0, "percent_covered_display": "0", "missing_lines": 2, "excluded_lines": 0}, "missing_lines": [80, 81], "excluded_lines": []}, "TaskDecomposer.__init__": {"executed_lines": [102], "summary": {"covered_lines": 1, "num_statements": 1, "percent_covered": 100.0, "percent_covered_display": "100", "missing_lines": 0, "excluded_lines": 0}, "missing_lines": [], "excluded_lines": []}, "TaskDecomposer._initialize_agent_capabilities": {"executed_lines": [106], "summary": {"covered_lines": 1, "num_statements": 1, "percent_covered": 100.0, "percent_covered_display": "100", "missing_lines": 0, "excluded_lines": 0}, "missing_lines": [], "excluded_lines": []}, "TaskDecomposer.decompose_task": {"executed_lines": [], "summary": {"covered_lines": 0, "num_statements": 14, "percent_covered": 0.0, "percent_covered_display": "0", "missing_lines": 14, "excluded_lines": 0}, "missing_lines": [175, 176, 178, 180, 182, 184, 186, 188, 192, 194, 195, 197, 211, 212], "excluded_lines": []}, "TaskDecomposer._analyze_complexity": {"executed_lines": [], "summary": {"covered_lines": 0, "num_statements": 14, "percent_covered": 0.0, "percent_covered_display": "0", "missing_lines": 14, "excluded_lines": 0}, "missing_lines": [218, 219, 220, 223, 224, 225, 227, 228, 231, 232, 233, 234, 235, 237], "excluded_lines": []}, "TaskDecomposer._identify_required_domains": {"executed_lines": [], "summary": {"covered_lines": 0, "num_statements": 10, "percent_covered": 0.0, "percent_covered_display": "0", "missing_lines": 10, "excluded_lines": 0}, "missing_lines": [241, 244, 251, 252, 255, 256, 264, 265, 266, 268], "excluded_lines": []}, "TaskDecomposer._identify_required_capabilities": {"executed_lines": [], "summary": {"covered_lines": 0, "num_statements": 7, "percent_covered": 0.0, "percent_covered_display": "0", "missing_lines": 7, "excluded_lines": 0}, "missing_lines": [272, 273, 276, 286, 287, 288, 290], "excluded_lines": []}, "TaskDecomposer._estimate_duration": {"executed_lines": [], "summary": {"covered_lines": 0, "num_statements": 8, "percent_covered": 0.0, "percent_covered_display": "0", "missing_lines": 8, "excluded_lines": 0}, "missing_lines": [294, 297, 305, 308, 309, 321, 326, 328], "excluded_lines": []}, "TaskDecomposer._create_simple_subtask": {"executed_lines": [], "summary": {"covered_lines": 0, "num_statements": 3, "percent_covered": 0.0, "percent_covered_display": "0", "missing_lines": 3, "excluded_lines": 0}, "missing_lines": [334, 335, 337], "excluded_lines": []}, "TaskDecomposer._create_moderate_subtasks": {"executed_lines": [], "summary": {"covered_lines": 0, "num_statements": 6, "percent_covered": 0.0, "percent_covered_display": "0", "missing_lines": 6, "excluded_lines": 0}, "missing_lines": [354, 357, 358, 360, 390, 392], "excluded_lines": []}, "TaskDecomposer._create_complex_subtasks": {"executed_lines": [], "summary": {"covered_lines": 0, "num_statements": 4, "percent_covered": 0.0, "percent_covered_display": "0", "missing_lines": 4, "excluded_lines": 0}, "missing_lines": [398, 399, 402, 447], "excluded_lines": []}, "TaskDecomposer._select_best_agent": {"executed_lines": [], "summary": {"covered_lines": 0, "num_statements": 12, "percent_covered": 0.0, "percent_covered_display": "0", "missing_lines": 12, "excluded_lines": 0}, "missing_lines": [451, 452, 454, 456, 457, 462, 463, 464, 466, 467, 468, 470], "excluded_lines": []}, "MultiAgentCoordinator.__init__": {"executed_lines": [482, 483, 484], "summary": {"covered_lines": 3, "num_statements": 3, "percent_covered": 100.0, "percent_covered_display": "100", "missing_lines": 0, "excluded_lines": 0}, "missing_lines": [], "excluded_lines": []}, "MultiAgentCoordinator.coordinate_task": {"executed_lines": [], "summary": {"covered_lines": 0, "num_statements": 18, "percent_covered": 0.0, "percent_covered_display": "0", "missing_lines": 18, "excluded_lines": 0}, "missing_lines": [499, 500, 502, 508, 510, 513, 516, 519, 521, 546, 549, 550, 556, 562, 564, 565, 575, 579], "excluded_lines": []}, "MultiAgentCoordinator._validate_agent_assignments": {"executed_lines": [], "summary": {"covered_lines": 0, "num_statements": 12, "percent_covered": 0.0, "percent_covered_display": "0", "missing_lines": 12, "excluded_lines": 0}, "missing_lines": [584, 585, 587, 589, 590, 593, 594, 598, 599, 605, 609, 611], "excluded_lines": []}, "MultiAgentCoordinator._setup_coordination_protocol": {"executed_lines": [], "summary": {"covered_lines": 0, "num_statements": 6, "percent_covered": 0.0, "percent_covered_display": "0", "missing_lines": 6, "excluded_lines": 0}, "missing_lines": [617, 618, 619, 626, 629, 637], "excluded_lines": []}, "MultiAgentCoordinator._identify_parallel_groups": {"executed_lines": [], "summary": {"covered_lines": 0, "num_statements": 7, "percent_covered": 0.0, "percent_covered_display": "0", "missing_lines": 7, "excluded_lines": 0}, "missing_lines": [642, 643, 646, 652, 653, 654, 658], "excluded_lines": []}, "MultiAgentCoordinator.get_coordination_status": {"executed_lines": [], "summary": {"covered_lines": 0, "num_statements": 1, "percent_covered": 0.0, "percent_covered_display": "0", "missing_lines": 1, "excluded_lines": 0}, "missing_lines": [662], "excluded_lines": []}, "MultiAgentCoordinator.get_performance_metrics": {"executed_lines": [], "summary": {"covered_lines": 0, "num_statements": 7, "percent_covered": 0.0, "percent_covered_display": "0", "missing_lines": 7, "excluded_lines": 0}, "missing_lines": [667, 668, 670, 671, 672, 673, 677], "excluded_lines": []}, "": {"executed_lines": [1, 8, 9, 10, 11, 12, 13, 14, 16, 18, 19, 21, 24, 25, 27, 28, 29, 32, 33, 35, 36, 37, 40, 41, 43, 44, 45, 46, 47, 48, 49, 52, 53, 54, 56, 57, 58, 59, 60, 61, 64, 65, 66, 68, 69, 70, 71, 72, 73, 74, 75, 76, 77, 79, 84, 85, 86, 88, 89, 90, 91, 92, 93, 94, 95, 98, 99, 101, 104, 164, 214, 239, 270, 292, 330, 350, 394, 449, 473, 474, 481, 486, 581, 613, 639, 660, 664], "summary": {"covered_lines": 78, "num_statements": 78, "percent_covered": 100.0, "percent_covered_display": "100", "missing_lines": 0, "excluded_lines": 0}, "missing_lines": [], "excluded_lines": []}}, "classes": {"AgentType": {"executed_lines": [], "summary": {"covered_lines": 0, "num_statements": 0, "percent_covered": 100.0, "percent_covered_display": "100", "missing_lines": 0, "excluded_lines": 0}, "missing_lines": [], "excluded_lines": []}, "TaskComplexity": {"executed_lines": [], "summary": {"covered_lines": 0, "num_statements": 0, "percent_covered": 100.0, "percent_covered_display": "100", "missing_lines": 0, "excluded_lines": 0}, "missing_lines": [], "excluded_lines": []}, "CoordinationStatus": {"executed_lines": [], "summary": {"covered_lines": 0, "num_statements": 0, "percent_covered": 100.0, "percent_covered_display": "100", "missing_lines": 0, "excluded_lines": 0}, "missing_lines": [], "excluded_lines": []}, "AgentCapability": {"executed_lines": [], "summary": {"covered_lines": 0, "num_statements": 0, "percent_covered": 100.0, "percent_covered_display": "100", "missing_lines": 0, "excluded_lines": 0}, "missing_lines": [], "excluded_lines": []}, "SubTask": {"executed_lines": [], "summary": {"covered_lines": 0, "num_statements": 2, "percent_covered": 0.0, "percent_covered_display": "0", "missing_lines": 2, "excluded_lines": 0}, "missing_lines": [80, 81], "excluded_lines": []}, "CoordinationResult": {"executed_lines": [], "summary": {"covered_lines": 0, "num_statements": 0, "percent_covered": 100.0, "percent_covered_display": "100", "missing_lines": 0, "excluded_lines": 0}, "missing_lines": [], "excluded_lines": []}, "TaskDecomposer": {"executed_lines": [102, 106], "summary": {"covered_lines": 2, "num_statements": 80, "percent_covered": 2.5, "percent_covered_display": "2", "missing_lines": 78, "excluded_lines": 0}, "missing_lines": [175, 176, 178, 180, 182, 184, 186, 188, 192, 194, 195, 197, 211, 212, 218, 219, 220, 223, 224, 225, 227, 228, 231, 232, 233, 234, 235, 237, 241, 244, 251, 252, 255, 256, 264, 265, 266, 268, 272, 273, 276, 286, 287, 288, 290, 294, 297, 305, 308, 309, 321, 326, 328, 334, 335, 337, 354, 357, 358, 360, 390, 392, 398, 399, 402, 447, 451, 452, 454, 456, 457, 462, 463, 464, 466, 467, 468, 470], "excluded_lines": []}, "MultiAgentCoordinator": {"executed_lines": [482, 483, 484], "summary": {"covered_lines": 3, "num_statements": 54, "percent_covered": 5.555555555555555, "percent_covered_display": "6", "missing_lines": 51, "excluded_lines": 0}, "missing_lines": [499, 500, 502, 508, 510, 513, 516, 519, 521, 546, 549, 550, 556, 562, 564, 565, 575, 579, 584, 585, 587, 589, 590, 593, 594, 598, 599, 605, 609, 611, 617, 618, 619, 626, 629, 637, 642, 643, 646, 652, 653, 654, 658, 662, 667, 668, 670, 671, 672, 673, 677], "excluded_lines": []}, "": {"executed_lines": [1, 8, 9, 10, 11, 12, 13, 14, 16, 18, 19, 21, 24, 25, 27, 28, 29, 32, 33, 35, 36, 37, 40, 41, 43, 44, 45, 46, 47, 48, 49, 52, 53, 54, 56, 57, 58, 59, 60, 61, 64, 65, 66, 68, 69, 70, 71, 72, 73, 74, 75, 76, 77, 79, 84, 85, 86, 88, 89, 90, 91, 92, 93, 94, 95, 98, 99, 101, 104, 164, 214, 239, 270, 292, 330, 350, 394, 449, 473, 474, 481, 486, 581, 613, 639, 660, 664], "summary": {"covered_lines": 78, "num_statements": 78, "percent_covered": 100.0, "percent_covered_display": "100", "missing_lines": 0, "excluded_lines": 0}, "missing_lines": [], "excluded_lines": []}}}, "services/orchestration/session_persistence.py": {"executed_lines": [], "summary": {"covered_lines": 0, "num_statements": 145, "percent_covered": 0.0, "percent_covered_display": "0", "missing_lines": 145, "excluded_lines": 0}, "missing_lines": [9, 10, 11, 12, 14, 15, 18, 29, 36, 37, 38, 40, 53, 55, 60, 71, 73, 75, 77, 79, 92, 94, 96, 98, 99, 100, 103, 104, 107, 108, 109, 112, 113, 114, 117, 118, 119, 124, 125, 128, 129, 131, 133, 135, 137, 147, 148, 149, 150, 152, 162, 163, 164, 167, 169, 170, 171, 174, 175, 177, 178, 179, 181, 183, 185, 186, 188, 202, 204, 205, 206, 209, 212, 213, 214, 215, 216, 219, 220, 221, 222, 227, 228, 230, 232, 233, 235, 242, 243, 245, 246, 247, 249, 251, 252, 253, 256, 257, 260, 261, 262, 263, 265, 266, 268, 276, 277, 287, 290, 291, 293, 296, 297, 299, 302, 303, 304, 306, 309, 310, 313, 320, 327, 328, 329, 331, 349, 352, 353, 354, 356, 358, 360, 373, 375, 378, 379, 381, 383, 384, 386, 394, 395, 405, 407], "excluded_lines": [], "functions": {"SessionPersistenceManager.__init__": {"executed_lines": [], "summary": {"covered_lines": 0, "num_statements": 3, "percent_covered": 0.0, "percent_covered_display": "0", "missing_lines": 3, "excluded_lines": 0}, "missing_lines": [36, 37, 38], "excluded_lines": []}, "SessionPersistenceManager.save_session_context": {"executed_lines": [], "summary": {"covered_lines": 0, "num_statements": 7, "percent_covered": 0.0, "percent_covered_display": "0", "missing_lines": 7, "excluded_lines": 0}, "missing_lines": [53, 55, 60, 71, 73, 75, 77], "excluded_lines": []}, "SessionPersistenceManager.restore_session_context": {"executed_lines": [], "summary": {"covered_lines": 0, "num_statements": 24, "percent_covered": 0.0, "percent_covered_display": "0", "missing_lines": 24, "excluded_lines": 0}, "missing_lines": [92, 94, 96, 98, 99, 100, 103, 104, 107, 108, 109, 112, 113, 114, 117, 118, 119, 124, 125, 128, 129, 131, 133, 135], "excluded_lines": []}, "SessionPersistenceManager.get_persisted_context": {"executed_lines": [], "summary": {"covered_lines": 0, "num_statements": 4, "percent_covered": 0.0, "percent_covered_display": "0", "missing_lines": 4, "excluded_lines": 0}, "missing_lines": [147, 148, 149, 150], "excluded_lines": []}, "SessionPersistenceManager.cleanup_expired_sessions": {"executed_lines": [], "summary": {"covered_lines": 0, "num_statements": 16, "percent_covered": 0.0, "percent_covered_display": "0", "missing_lines": 16, "excluded_lines": 0}, "missing_lines": [162, 163, 164, 167, 169, 170, 171, 174, 175, 177, 178, 179, 181, 183, 185, 186], "excluded_lines": []}, "SessionPersistenceManager.migrate_session_context": {"executed_lines": [], "summary": {"covered_lines": 0, "num_statements": 19, "percent_covered": 0.0, "percent_covered_display": "0", "missing_lines": 19, "excluded_lines": 0}, "missing_lines": [202, 204, 205, 206, 209, 212, 213, 214, 215, 216, 219, 220, 221, 222, 227, 228, 230, 232, 233], "excluded_lines": []}, "SessionPersistenceManager.get_session_statistics": {"executed_lines": [], "summary": {"covered_lines": 0, "num_statements": 20, "percent_covered": 0.0, "percent_covered_display": "0", "missing_lines": 20, "excluded_lines": 0}, "missing_lines": [242, 243, 245, 246, 247, 249, 251, 252, 253, 256, 257, 260, 261, 262, 263, 265, 266, 268, 276, 277], "excluded_lines": []}, "SessionPersistenceManager._save_to_storage": {"executed_lines": [], "summary": {"covered_lines": 0, "num_statements": 2, "percent_covered": 0.0, "percent_covered_display": "0", "missing_lines": 2, "excluded_lines": 0}, "missing_lines": [290, 291], "excluded_lines": []}, "SessionPersistenceManager._get_from_storage": {"executed_lines": [], "summary": {"covered_lines": 0, "num_statements": 2, "percent_covered": 0.0, "percent_covered_display": "0", "missing_lines": 2, "excluded_lines": 0}, "missing_lines": [296, 297], "excluded_lines": []}, "SessionPersistenceManager._delete_from_storage": {"executed_lines": [], "summary": {"covered_lines": 0, "num_statements": 3, "percent_covered": 0.0, "percent_covered_display": "0", "missing_lines": 3, "excluded_lines": 0}, "missing_lines": [302, 303, 304], "excluded_lines": []}, "SessionPersistenceManager._get_all_sessions": {"executed_lines": [], "summary": {"covered_lines": 0, "num_statements": 2, "percent_covered": 0.0, "percent_covered_display": "0", "missing_lines": 2, "excluded_lines": 0}, "missing_lines": [309, 310], "excluded_lines": []}, "SessionContextManager.__init__": {"executed_lines": [], "summary": {"covered_lines": 0, "num_statements": 3, "percent_covered": 0.0, "percent_covered_display": "0", "missing_lines": 3, "excluded_lines": 0}, "missing_lines": [327, 328, 329], "excluded_lines": []}, "SessionContextManager.get_or_create_session_with_context": {"executed_lines": [], "summary": {"covered_lines": 0, "num_statements": 6, "percent_covered": 0.0, "percent_covered_display": "0", "missing_lines": 6, "excluded_lines": 0}, "missing_lines": [349, 352, 353, 354, 356, 358], "excluded_lines": []}, "SessionContextManager.end_session_with_persistence": {"executed_lines": [], "summary": {"covered_lines": 0, "num_statements": 7, "percent_covered": 0.0, "percent_covered_display": "0", "missing_lines": 7, "excluded_lines": 0}, "missing_lines": [373, 375, 378, 379, 381, 383, 384], "excluded_lines": []}, "SessionContextManager.cleanup_expired_sessions": {"executed_lines": [], "summary": {"covered_lines": 0, "num_statements": 4, "percent_covered": 0.0, "percent_covered_display": "0", "missing_lines": 4, "excluded_lines": 0}, "missing_lines": [394, 395, 405, 407], "excluded_lines": []}, "": {"executed_lines": [], "summary": {"covered_lines": 0, "num_statements": 23, "percent_covered": 0.0, "percent_covered_display": "0", "missing_lines": 23, "excluded_lines": 0}, "missing_lines": [9, 10, 11, 12, 14, 15, 18, 29, 40, 79, 137, 152, 188, 235, 287, 293, 299, 306, 313, 320, 331, 360, 386], "excluded_lines": []}}, "classes": {"SessionPersistenceManager": {"executed_lines": [], "summary": {"covered_lines": 0, "num_statements": 102, "percent_covered": 0.0, "percent_covered_display": "0", "missing_lines": 102, "excluded_lines": 0}, "missing_lines": [36, 37, 38, 53, 55, 60, 71, 73, 75, 77, 92, 94, 96, 98, 99, 100, 103, 104, 107, 108, 109, 112, 113, 114, 117, 118, 119, 124, 125, 128, 129, 131, 133, 135, 147, 148, 149, 150, 162, 163, 164, 167, 169, 170, 171, 174, 175, 177, 178, 179, 181, 183, 185, 186, 202, 204, 205, 206, 209, 212, 213, 214, 215, 216, 219, 220, 221, 222, 227, 228, 230, 232, 233, 242, 243, 245, 246, 247, 249, 251, 252, 253, 256, 257, 260, 261, 262, 263, 265, 266, 268, 276, 277, 290, 291, 296, 297, 302, 303, 304, 309, 310], "excluded_lines": []}, "SessionContextManager": {"executed_lines": [], "summary": {"covered_lines": 0, "num_statements": 20, "percent_covered": 0.0, "percent_covered_display": "0", "missing_lines": 20, "excluded_lines": 0}, "missing_lines": [327, 328, 329, 349, 352, 353, 354, 356, 358, 373, 375, 378, 379, 381, 383, 384, 394, 395, 405, 407], "excluded_lines": []}, "": {"executed_lines": [], "summary": {"covered_lines": 0, "num_statements": 23, "percent_covered": 0.0, "percent_covered_display": "0", "missing_lines": 23, "excluded_lines": 0}, "missing_lines": [9, 10, 11, 12, 14, 15, 18, 29, 40, 79, 137, 152, 188, 235, 287, 293, 299, 306, 313, 320, 331, 360, 386], "excluded_lines": []}}}, "services/orchestration/tasks.py": {"executed_lines": [1, 6, 7, 10, 11, 12, 14, 15, 16], "summary": {"covered_lines": 7, "num_statements": 7, "percent_covered": 100.0, "percent_covered_display": "100", "missing_lines": 0, "excluded_lines": 0}, "missing_lines": [], "excluded_lines": [], "functions": {"": {"executed_lines": [1, 6, 7, 10, 11, 12, 14, 15, 16], "summary": {"covered_lines": 7, "num_statements": 7, "percent_covered": 100.0, "percent_covered_display": "100", "missing_lines": 0, "excluded_lines": 0}, "missing_lines": [], "excluded_lines": []}}, "classes": {"TaskResult": {"executed_lines": [], "summary": {"covered_lines": 0, "num_statements": 0, "percent_covered": 100.0, "percent_covered_display": "100", "missing_lines": 0, "excluded_lines": 0}, "missing_lines": [], "excluded_lines": []}, "": {"executed_lines": [1, 6, 7, 10, 11, 12, 14, 15, 16], "summary": {"covered_lines": 7, "num_statements": 7, "percent_covered": 100.0, "percent_covered_display": "100", "missing_lines": 0, "excluded_lines": 0}, "missing_lines": [], "excluded_lines": []}}}, "services/orchestration/validation.py": {"executed_lines": [1, 8, 9, 11, 12, 15, 16, 18, 36, 84, 85, 91, 92, 94, 96, 158, 204, 223, 232, 249], "summary": {"covered_lines": 17, "num_statements": 71, "percent_covered": 23.943661971830984, "percent_covered_display": "24", "missing_lines": 54, "excluded_lines": 0}, "missing_lines": [25, 26, 27, 28, 31, 33, 34, 41, 50, 52, 53, 58, 59, 65, 66, 72, 73, 80, 81, 171, 173, 175, 176, 177, 180, 181, 182, 185, 186, 187, 190, 193, 194, 206, 207, 209, 212, 213, 214, 215, 216, 217, 218, 219, 221, 225, 226, 229, 230, 236, 237, 238, 239, 240], "excluded_lines": [], "functions": {"ContextValidationError.__init__": {"executed_lines": [], "summary": {"covered_lines": 0, "num_statements": 7, "percent_covered": 0.0, "percent_covered_display": "0", "missing_lines": 7, "excluded_lines": 0}, "missing_lines": [25, 26, 27, 28, 31, 33, 34], "excluded_lines": []}, "ContextValidationError._create_user_message": {"executed_lines": [], "summary": {"covered_lines": 0, "num_statements": 12, "percent_covered": 0.0, "percent_covered_display": "0", "missing_lines": 12, "excluded_lines": 0}, "missing_lines": [41, 50, 52, 53, 58, 59, 65, 66, 72, 73, 80, 81], "excluded_lines": []}, "WorkflowContextValidator.__init__": {"executed_lines": [92], "summary": {"covered_lines": 1, "num_statements": 1, "percent_covered": 100.0, "percent_covered_display": "100", "missing_lines": 0, "excluded_lines": 0}, "missing_lines": [], "excluded_lines": []}, "WorkflowContextValidator._define_validation_rules": {"executed_lines": [96], "summary": {"covered_lines": 1, "num_statements": 1, "percent_covered": 100.0, "percent_covered_display": "100", "missing_lines": 0, "excluded_lines": 0}, "missing_lines": [], "excluded_lines": []}, "WorkflowContextValidator.validate_workflow_context": {"executed_lines": [], "summary": {"covered_lines": 0, "num_statements": 14, "percent_covered": 0.0, "percent_covered_display": "0", "missing_lines": 14, "excluded_lines": 0}, "missing_lines": [171, 173, 175, 176, 177, 180, 181, 182, 185, 186, 187, 190, 193, 194], "excluded_lines": []}, "WorkflowContextValidator._field_exists_and_valid": {"executed_lines": [], "summary": {"covered_lines": 0, "num_statements": 12, "percent_covered": 0.0, "percent_covered_display": "0", "missing_lines": 12, "excluded_lines": 0}, "missing_lines": [206, 207, 209, 212, 213, 214, 215, 216, 217, 218, 219, 221], "excluded_lines": []}, "WorkflowContextValidator.validate_github_url": {"executed_lines": [], "summary": {"covered_lines": 0, "num_statements": 4, "percent_covered": 0.0, "percent_covered_display": "0", "missing_lines": 4, "excluded_lines": 0}, "missing_lines": [225, 226, 229, 230], "excluded_lines": []}, "WorkflowContextValidator.get_validation_summary": {"executed_lines": [], "summary": {"covered_lines": 0, "num_statements": 5, "percent_covered": 0.0, "percent_covered_display": "0", "missing_lines": 5, "excluded_lines": 0}, "missing_lines": [236, 237, 238, 239, 240], "excluded_lines": []}, "": {"executed_lines": [1, 8, 9, 11, 12, 15, 16, 18, 36, 84, 85, 91, 94, 158, 204, 223, 232, 249], "summary": {"covered_lines": 15, "num_statements": 15, "percent_covered": 100.0, "percent_covered_display": "100", "missing_lines": 0, "excluded_lines": 0}, "missing_lines": [], "excluded_lines": []}}, "classes": {"ContextValidationError": {"executed_lines": [], "summary": {"covered_lines": 0, "num_statements": 19, "percent_covered": 0.0, "percent_covered_display": "0", "missing_lines": 19, "excluded_lines": 0}, "missing_lines": [25, 26, 27, 28, 31, 33, 34, 41, 50, 52, 53, 58, 59, 65, 66, 72, 73, 80, 81], "excluded_lines": []}, "WorkflowContextValidator": {"executed_lines": [92, 96], "summary": {"covered_lines": 2, "num_statements": 37, "percent_covered": 5.405405405405405, "percent_covered_display": "5", "missing_lines": 35, "excluded_lines": 0}, "missing_lines": [171, 173, 175, 176, 177, 180, 181, 182, 185, 186, 187, 190, 193, 194, 206, 207, 209, 212, 213, 214, 215, 216, 217, 218, 219, 221, 225, 226, 229, 230, 236, 237, 238, 239, 240], "excluded_lines": []}, "": {"executed_lines": [1, 8, 9, 11, 12, 15, 16, 18, 36, 84, 85, 91, 94, 158, 204, 223, 232, 249], "summary": {"covered_lines": 15, "num_statements": 15, "percent_covered": 100.0, "percent_covered_display": "100", "missing_lines": 0, "excluded_lines": 0}, "missing_lines": [], "excluded_lines": []}}}, "services/orchestration/workflow_factory.py": {"executed_lines": [1, 8, 11, 12, 14, 15, 16, 19, 20, 22, 23, 24, 27, 29, 31, 63, 68, 125, 129, 134, 359, 423, 442], "summary": {"covered_lines": 21, "num_statements": 162, "percent_covered": 12.962962962962964, "percent_covered_display": "13", "missing_lines": 141, "excluded_lines": 0}, "missing_lines": [127, 131, 132, 145, 146, 147, 150, 151, 154, 155, 156, 157, 158, 159, 161, 163, 164, 165, 167, 168, 169, 171, 172, 173, 174, 175, 176, 179, 180, 183, 184, 187, 189, 190, 191, 194, 195, 196, 199, 200, 203, 204, 206, 209, 217, 219, 224, 227, 232, 234, 239, 240, 242, 247, 248, 250, 255, 256, 258, 260, 261, 264, 265, 267, 276, 278, 283, 284, 286, 291, 292, 294, 299, 300, 302, 307, 308, 310, 315, 316, 318, 323, 324, 326, 331, 332, 334, 339, 340, 342, 347, 350, 355, 357, 371, 372, 375, 376, 377, 380, 381, 382, 385, 386, 388, 389, 390, 393, 394, 396, 397, 398, 401, 406, 407, 420, 421, 425, 426, 428, 431, 432, 434, 435, 437, 438, 440, 446, 448, 449, 450, 451, 452, 453, 454, 455, 456, 457, 458, 460, 462], "excluded_lines": [], "functions": {"WorkflowFactory.__init__": {"executed_lines": [23, 24, 27], "summary": {"covered_lines": 3, "num_statements": 3, "percent_covered": 100.0, "percent_covered_display": "100", "missing_lines": 0, "excluded_lines": 0}, "missing_lines": [], "excluded_lines": []}, "WorkflowFactory._register_default_workflows": {"executed_lines": [31], "summary": {"covered_lines": 1, "num_statements": 1, "percent_covered": 100.0, "percent_covered_display": "100", "missing_lines": 0, "excluded_lines": 0}, "missing_lines": [], "excluded_lines": []}, "WorkflowFactory._register_validation_requirements": {"executed_lines": [68], "summary": {"covered_lines": 1, "num_statements": 1, "percent_covered": 100.0, "percent_covered_display": "100", "missing_lines": 0, "excluded_lines": 0}, "missing_lines": [], "excluded_lines": []}, "WorkflowFactory.get_validation_requirements": {"executed_lines": [], "summary": {"covered_lines": 0, "num_statements": 1, "percent_covered": 0.0, "percent_covered_display": "0", "missing_lines": 1, "excluded_lines": 0}, "missing_lines": [127], "excluded_lines": []}, "WorkflowFactory.get_performance_threshold": {"executed_lines": [], "summary": {"covered_lines": 0, "num_statements": 2, "percent_covered": 0.0, "percent_covered_display": "0", "missing_lines": 2, "excluded_lines": 0}, "missing_lines": [131, 132], "excluded_lines": []}, "WorkflowFactory.create_from_intent": {"executed_lines": [], "summary": {"covered_lines": 0, "num_statements": 91, "percent_covered": 0.0, "percent_covered_display": "0", "missing_lines": 91, "excluded_lines": 0}, "missing_lines": [145, 146, 147, 150, 151, 154, 155, 156, 157, 158, 159, 161, 163, 164, 165, 167, 168, 169, 171, 172, 173, 174, 175, 176, 179, 180, 183, 184, 187, 189, 190, 191, 194, 195, 196, 199, 200, 203, 204, 206, 209, 217, 219, 224, 227, 232, 234, 239, 240, 242, 247, 248, 250, 255, 256, 258, 260, 261, 264, 265, 267, 276, 278, 283, 284, 286, 291, 292, 294, 299, 300, 302, 307, 308, 310, 315, 316, 318, 323, 324, 326, 331, 332, 334, 339, 340, 342, 347, 350, 355, 357], "excluded_lines": []}, "WorkflowFactory._validate_workflow_context": {"executed_lines": [], "summary": {"covered_lines": 0, "num_statements": 23, "percent_covered": 0.0, "percent_covered_display": "0", "missing_lines": 23, "excluded_lines": 0}, "missing_lines": [371, 372, 375, 376, 377, 380, 381, 382, 385, 386, 388, 389, 390, 393, 394, 396, 397, 398, 401, 406, 407, 420, 421], "excluded_lines": []}, "WorkflowFactory._field_exists_and_valid": {"executed_lines": [], "summary": {"covered_lines": 0, "num_statements": 10, "percent_covered": 0.0, "percent_covered_display": "0", "missing_lines": 10, "excluded_lines": 0}, "missing_lines": [425, 426, 428, 431, 432, 434, 435, 437, 438, 440], "excluded_lines": []}, "WorkflowFactory._generate_field_suggestions": {"executed_lines": [], "summary": {"covered_lines": 0, "num_statements": 14, "percent_covered": 0.0, "percent_covered_display": "0", "missing_lines": 14, "excluded_lines": 0}, "missing_lines": [446, 448, 449, 450, 451, 452, 453, 454, 455, 456, 457, 458, 460, 462], "excluded_lines": []}, "": {"executed_lines": [1, 8, 11, 12, 14, 15, 16, 19, 20, 22, 29, 63, 125, 129, 134, 359, 423, 442], "summary": {"covered_lines": 16, "num_statements": 16, "percent_covered": 100.0, "percent_covered_display": "100", "missing_lines": 0, "excluded_lines": 0}, "missing_lines": [], "excluded_lines": []}}, "classes": {"WorkflowFactory": {"executed_lines": [23, 24, 27, 31, 68], "summary": {"covered_lines": 5, "num_statements": 146, "percent_covered": 3.4246575342465753, "percent_covered_display": "3", "missing_lines": 141, "excluded_lines": 0}, "missing_lines": [127, 131, 132, 145, 146, 147, 150, 151, 154, 155, 156, 157, 158, 159, 161, 163, 164, 165, 167, 168, 169, 171, 172, 173, 174, 175, 176, 179, 180, 183, 184, 187, 189, 190, 191, 194, 195, 196, 199, 200, 203, 204, 206, 209, 217, 219, 224, 227, 232, 234, 239, 240, 242, 247, 248, 250, 255, 256, 258, 260, 261, 264, 265, 267, 276, 278, 283, 284, 286, 291, 292, 294, 299, 300, 302, 307, 308, 310, 315, 316, 318, 323, 324, 326, 331, 332, 334, 339, 340, 342, 347, 350, 355, 357, 371, 372, 375, 376, 377, 380, 381, 382, 385, 386, 388, 389, 390, 393, 394, 396, 397, 398, 401, 406, 407, 420, 421, 425, 426, 428, 431, 432, 434, 435, 437, 438, 440, 446, 448, 449, 450, 451, 452, 453, 454, 455, 456, 457, 458, 460, 462], "excluded_lines": []}, "": {"executed_lines": [1, 8, 11, 12, 14, 15, 16, 19, 20, 22, 29, 63, 125, 129, 134, 359, 423, 442], "summary": {"covered_lines": 16, "num_statements": 16, "percent_covered": 100.0, "percent_covered_display": "100", "missing_lines": 0, "excluded_lines": 0}, "missing_lines": [], "excluded_lines": []}}}, "services/orchestration/workflows.py": {"executed_lines": [], "summary": {"covered_lines": 0, "num_statements": 0, "percent_covered": 100.0, "percent_covered_display": "100", "missing_lines": 0, "excluded_lines": 0}, "missing_lines": [], "excluded_lines": [], "functions": {"": {"executed_lines": [], "summary": {"covered_lines": 0, "num_statements": 0, "percent_covered": 100.0, "percent_covered_display": "100", "missing_lines": 0, "excluded_lines": 0}, "missing_lines": [], "excluded_lines": []}}, "classes": {"": {"executed_lines": [], "summary": {"covered_lines": 0, "num_statements": 0, "percent_covered": 100.0, "percent_covered_display": "100", "missing_lines": 0, "excluded_lines": 0}, "missing_lines": [], "excluded_lines": []}}}}, "totals": {"covered_lines": 251, "num_statements": 1608, "percent_covered": 15.609452736318408, "percent_covered_display": "16", "missing_lines": 1357, "excluded_lines": 0}}
