============================= test session starts ==============================
platform darwin -- Python 3.9.6, pytest-8.4.1, pluggy-1.6.0 -- /Users/xian/Development/piper-morgan/.venv/bin/python
cachedir: .pytest_cache
rootdir: /Users/xian/Development/piper-morgan
configfile: pyproject.toml
plugins: anyio-3.7.1, asyncio-1.0.0
asyncio: mode=auto, asyncio_default_fixture_loop_scope=None, asyncio_default_test_loop_scope=function
collecting ... collected 220 items

tests/integration/test_humanized_workflow_messages.py::TestHumanizedWorkflowMessages::test_workflow_acknowledgment_uses_humanized_action PASSED [  0%]
tests/integration/test_humanized_workflow_messages.py::TestHumanizedWorkflowMessages::test_create_ticket_workflow_message PASSED [  0%]
tests/integration/test_humanized_workflow_messages.py::TestHumanizedWorkflowMessages::test_analyze_file_workflow_message PASSED [  1%]
tests/integration/test_humanized_workflow_messages.py::TestHumanizedWorkflowMessages::test_summarize_document_workflow_message PASSED [  1%]
tests/integration/test_humanized_workflow_messages.py::TestHumanizedWorkflowMessages::test_unknown_action_fallback PASSED [  2%]
tests/integration/test_humanized_workflow_messages.py::TestHumanizedWorkflowMessages::test_action_without_underscores PASSED [  2%]
tests/integration/test_humanized_workflow_messages.py::TestHumanizedWorkflowMessages::test_template_without_human_action_placeholder PASSED [  3%]
tests/integration/test_humanized_workflow_messages.py::TestHumanizedWorkflowMessages::test_template_with_additional_context PASSED [  3%]
tests/services/analysis/test_analyzer_factory.py::TestAnalyzerFactory::test_create_data_analyzer PASSED [  4%]
tests/services/analysis/test_analyzer_factory.py::TestAnalyzerFactory::test_create_document_analyzer PASSED [  4%]
tests/services/analysis/test_analyzer_factory.py::TestAnalyzerFactory::test_create_text_analyzer PASSED [  5%]
tests/services/analysis/test_analyzer_factory.py::TestAnalyzerFactory::test_unsupported_analysis_type_error PASSED [  5%]
tests/services/analysis/test_analyzer_factory.py::TestAnalyzerFactory::test_dependency_injection_document_analyzer PASSED [  5%]
tests/services/analysis/test_analyzer_factory.py::TestAnalyzerFactory::test_factory_without_dependencies PASSED [  6%]
tests/services/analysis/test_analyzer_factory.py::TestAnalyzerFactory::test_factory_with_all_dependencies PASSED [  6%]
tests/services/analysis/test_analyzer_factory.py::test_factory_creates_data_analyzer PASSED [  7%]
tests/services/analysis/test_analyzer_factory.py::test_factory_creates_document_analyzer PASSED [  7%]
tests/services/analysis/test_analyzer_factory.py::test_factory_creates_text_analyzer PASSED [  8%]
tests/services/analysis/test_analyzer_factory.py::test_factory_unsupported_type PASSED [  8%]
tests/services/analysis/test_analyzer_factory.py::test_factory_dependency_injection PASSED [  9%]
tests/services/analysis/test_csv_analyzer.py::TestCSVAnalyzer::test_basic_csv_analysis PASSED [  9%]
tests/services/analysis/test_csv_analyzer.py::TestCSVAnalyzer::test_statistical_summary_numeric_columns PASSED [ 10%]
tests/services/analysis/test_csv_analyzer.py::TestCSVAnalyzer::test_missing_data_detection PASSED [ 10%]
tests/services/analysis/test_csv_analyzer.py::TestCSVAnalyzer::test_empty_csv_handling PASSED [ 10%]
tests/services/analysis/test_csv_analyzer.py::TestCSVAnalyzer::test_malformed_csv_handling PASSED [ 11%]
tests/services/analysis/test_csv_analyzer.py::TestCSVAnalyzer::test_inherits_from_base_analyzer PASSED [ 11%]
tests/services/analysis/test_csv_analyzer.py::TestCSVAnalyzer::test_analyze_returns_analysis_result PASSED [ 12%]
tests/services/analysis/test_csv_analyzer.py::test_csv_basic_analysis PASSED [ 12%]
tests/services/analysis/test_csv_analyzer.py::test_csv_statistical_summary PASSED [ 13%]
tests/services/analysis/test_csv_analyzer.py::test_csv_missing_data_detection PASSED [ 13%]
tests/services/analysis/test_csv_analyzer.py::test_csv_empty_handling PASSED [ 14%]
tests/services/analysis/test_csv_analyzer.py::test_csv_malformed_handling PASSED [ 14%]
tests/services/analysis/test_csv_analyzer.py::test_csv_inherits_base_analyzer PASSED [ 15%]
tests/services/analysis/test_csv_analyzer.py::test_csv_analyze_returns_analysis_result PASSED [ 15%]
tests/services/analysis/test_document_analyzer.py::TestDocumentAnalyzer::test_basic_pdf_analysis PASSED [ 15%]
tests/services/analysis/test_document_analyzer.py::TestDocumentAnalyzer::test_summary_generation_with_llm PASSED [ 16%]
tests/services/analysis/test_document_analyzer.py::TestDocumentAnalyzer::test_key_points_extraction PASSED [ 16%]
tests/services/analysis/test_document_analyzer.py::TestDocumentAnalyzer::test_empty_pdf_handling PASSED [ 17%]
tests/services/analysis/test_document_analyzer.py::TestDocumentAnalyzer::test_corrupted_pdf_handling PASSED [ 17%]
tests/services/analysis/test_document_analyzer.py::TestDocumentAnalyzer::test_inherits_from_base_analyzer PASSED [ 18%]
tests/services/analysis/test_document_analyzer.py::TestDocumentAnalyzer::test_analyze_returns_analysis_result PASSED [ 18%]
tests/services/analysis/test_document_analyzer.py::TestDocumentAnalyzer::test_llm_dependency_injection PASSED [ 19%]
tests/services/analysis/test_document_analyzer.py::test_document_basic_pdf_analysis PASSED [ 19%]
tests/services/analysis/test_document_analyzer.py::test_document_summary_generation PASSED [ 20%]
tests/services/analysis/test_document_analyzer.py::test_document_key_points_extraction PASSED [ 20%]
tests/services/analysis/test_document_analyzer.py::test_document_empty_pdf_handling PASSED [ 20%]
tests/services/analysis/test_document_analyzer.py::test_document_corrupted_pdf_handling PASSED [ 21%]
tests/services/analysis/test_document_analyzer.py::test_document_inherits_base_analyzer PASSED [ 21%]
tests/services/analysis/test_document_analyzer.py::test_document_analyze_returns_analysis_result PASSED [ 22%]
tests/services/analysis/test_document_analyzer.py::test_document_llm_dependency_injection PASSED [ 22%]
tests/services/analysis/test_json_summarization.py::TestSummarySection::test_empty_section_to_markdown PASSED [ 23%]
tests/services/analysis/test_json_summarization.py::TestSummarySection::test_section_with_points_to_markdown PASSED [ 23%]
tests/services/analysis/test_json_summarization.py::TestSummarySection::test_section_with_special_characters PASSED [ 24%]
tests/services/analysis/test_json_summarization.py::TestDocumentSummary::test_minimal_summary_to_markdown PASSED [ 24%]
tests/services/analysis/test_json_summarization.py::TestDocumentSummary::test_summary_with_key_findings PASSED [ 25%]
tests/services/analysis/test_json_summarization.py::TestDocumentSummary::test_summary_with_sections PASSED [ 25%]
tests/services/analysis/test_json_summarization.py::TestDocumentSummary::test_get_section_by_heading PASSED [ 25%]
tests/services/analysis/test_json_summarization.py::TestDocumentSummary::test_clean_bullet_formatting_in_output PASSED [ 26%]
tests/services/analysis/test_json_summarization.py::TestSummaryParser::test_parse_valid_json_to_summary PASSED [ 26%]
tests/services/analysis/test_json_summarization.py::TestSummaryParser::test_parse_minimal_json PASSED [ 27%]
tests/services/analysis/test_json_summarization.py::TestSummaryParser::test_parse_invalid_json_returns_error_summary PASSED [ 27%]
tests/services/analysis/test_json_summarization.py::TestSummaryParser::test_parse_json_missing_required_fields PASSED [ 28%]
tests/services/analysis/test_json_summarization.py::TestSummaryParser::test_parse_json_with_empty_sections PASSED [ 28%]
tests/services/analysis/test_json_summarization.py::TestSummaryParser::test_parse_json_with_malformed_key_findings_string PASSED [ 29%]
tests/services/analysis/test_json_summarization.py::TestSummaryParser::test_parse_json_with_inline_bold_headings PASSED [ 29%]
tests/services/analysis/test_json_summarization.py::TestSummaryParser::test_parse_json_with_numbered_lists PASSED [ 30%]
tests/services/analysis/test_json_summarization.py::TestSummaryParser::test_parse_json_with_malformed_section_points PASSED [ 30%]
tests/services/analysis/test_json_summarization.py::TestEndToEndMarkdownGeneration::test_complex_document_generates_clean_markdown PASSED [ 30%]
tests/services/analysis/test_json_summarization.py::TestEndToEndMarkdownGeneration::test_no_malformed_headers_in_output PASSED [ 31%]
tests/services/analysis/test_text_analyzer.py::test_basic_text_file_analysis PASSED [ 31%]
tests/services/analysis/test_text_analyzer.py::test_markdown_structure_detection PASSED [ 32%]
tests/services/analysis/test_text_analyzer.py::test_plain_text_vs_markdown PASSED [ 32%]
tests/services/analysis/test_text_analyzer.py::test_empty_file_handling PASSED [ 33%]
tests/services/analysis/test_text_analyzer.py::test_large_text_file_handling PASSED [ 33%]
tests/services/analysis/test_text_analyzer.py::test_inherits_from_base_analyzer PASSED [ 34%]
tests/services/analysis/test_text_analyzer.py::test_analyze_returns_analysis_result PASSED [ 34%]
tests/services/analysis/test_text_analyzer.py::test_encoding_detection PASSED [ 35%]
tests/services/analysis/test_text_analyzer.py::test_llm_integration_with_summarize_task_type PASSED [ 35%]
tests/services/analysis/test_text_analyzer.py::test_llm_integration_with_different_file_types PASSED [ 35%]
tests/services/analysis/test_text_analyzer.py::test_llm_markdown_formatting PASSED [ 36%]
tests/services/orchestration/test_orchestration_engine.py::TestOrchestrationEngine::test_create_workflow_from_intent_success PASSED [ 36%]
tests/services/orchestration/test_orchestration_engine.py::TestOrchestrationEngine::test_create_workflow_from_intent_failure PASSED [ 37%]
tests/services/orchestration/test_orchestration_engine.py::TestOrchestrationEngine::test_execute_workflow_not_found PASSED [ 37%]
tests/services/orchestration/test_orchestration_engine.py::TestOrchestrationEngine::test_analyze_file_success FAILED [ 38%]
tests/services/orchestration/test_orchestration_engine.py::TestOrchestrationEngine::test_analyze_file_missing_file_id PASSED [ 38%]
tests/services/orchestration/test_orchestration_engine.py::TestOrchestrationEngine::test_analyze_file_file_not_found FAILED [ 39%]
tests/services/orchestration/test_orchestration_engine.py::TestOrchestrationEngine::test_analyze_file_analysis_exception FAILED [ 39%]
tests/services/orchestration/test_orchestration_engine.py::TestOrchestrationEngine::test_task_handler_registration PASSED [ 40%]
tests/services/orchestration/test_orchestration_engine.py::TestOrchestrationEngine::test_placeholder_handler PASSED [ 40%]
tests/services/orchestration/test_orchestration_engine.py::TestOrchestrationEngine::test_workflow_state_transitions PASSED [ 40%]
tests/services/orchestration/test_orchestration_engine.py::TestOrchestrationEngine::test_workflow_error_handling PASSED [ 41%]
tests/services/queries/test_file_queries.py::TestFileQueryService::test_read_file_contents PASSED [ 41%]
tests/services/ui_messages/test_template_renderer.py::TestTemplateRenderer::test_template_renderer_calls_action_humanizer PASSED [ 42%]
tests/services/ui_messages/test_template_renderer.py::TestTemplateRenderer::test_human_action_placeholder_replacement PASSED [ 42%]
tests/services/ui_messages/test_template_renderer.py::TestTemplateRenderer::test_fallback_when_humanizer_not_available PASSED [ 43%]
tests/services/ui_messages/test_template_renderer.py::TestTemplateRenderer::test_no_human_action_placeholder_no_humanizer_call PASSED [ 43%]
tests/services/ui_messages/test_template_renderer.py::TestTemplateRenderer::test_preserves_original_action_placeholder PASSED [ 44%]
tests/services/ui_messages/test_template_renderer.py::TestTemplateRenderer::test_additional_kwargs_passed_through PASSED [ 44%]
tests/test_api_query_integration.py::test_list_projects_query FAILED     [ 45%]
tests/test_api_query_integration.py::test_get_project_query PASSED       [ 45%]
tests/test_api_query_integration.py::test_get_default_project_query FAILED [ 45%]
tests/test_api_query_integration.py::test_find_project_query PASSED      [ 46%]
tests/test_api_query_integration.py::test_count_projects_query FAILED    [ 46%]
tests/test_api_query_integration.py::test_get_project_query_missing_id PASSED [ 47%]
tests/test_api_query_integration.py::test_find_project_query_missing_name PASSED [ 47%]
tests/test_clarification_edge_cases.py::TestClarificationEdgeCases::test_context_switch_during_clarification FAILED [ 48%]
tests/test_clarification_edge_cases.py::TestClarificationEdgeCases::test_multiple_clarifications_needed PASSED [ 48%]
tests/test_clarification_edge_cases.py::TestClarificationEdgeCases::test_session_timeout_during_clarification FAILED [ 49%]
tests/test_clarification_edge_cases.py::TestClarificationEdgeCases::test_invalid_clarification_response PASSED [ 49%]
tests/test_clarification_edge_cases.py::TestClarificationEdgeCases::test_session_cleanup PASSED [ 50%]
tests/test_clarification_edge_cases.py::TestClarificationEdgeCases::test_session_performance PASSED [ 50%]
tests/test_clarification_edge_cases.py::TestClarificationEdgeCases::test_concurrent_session_access PASSED [ 50%]
tests/test_clarification_edge_cases.py::TestClarificationEdgeCases::test_clarification_with_empty_response PASSED [ 51%]
tests/test_clarification_edge_cases.py::TestClarificationEdgeCases::test_clarification_with_very_long_response FAILED [ 51%]
tests/test_error_handling_integration.py::test_low_confidence_intent_error PASSED [ 52%]
tests/test_error_handling_integration.py::test_workflow_task_failed_error FAILED [ 52%]
tests/test_error_handling_integration.py::test_github_auth_failed_error PASSED [ 53%]
tests/test_file_reference_detection.py::TestFileReferenceDetection::test_file_reference_patterns FAILED [ 53%]
tests/test_file_reference_detection.py::TestFileReferenceDetection::test_non_file_references PASSED [ 54%]
tests/test_file_reference_detection.py::TestFileReferenceDetection::test_classification_with_file_context PASSED [ 54%]
tests/test_file_reference_detection.py::TestFileReferenceDetection::test_classification_without_file_context PASSED [ 55%]
tests/test_file_reference_detection.py::TestFileReferenceDetection::test_file_reference_with_multiple_files PASSED [ 55%]
tests/test_file_reference_detection.py::TestFileReferenceDetection::test_file_reference_edge_cases FAILED [ 55%]
tests/test_file_repository_migration.py::test_file_repository_with_async_session FAILED [ 56%]
tests/test_file_repository_migration.py::test_get_file_by_id FAILED      [ 56%]
tests/test_file_repository_migration.py::test_get_files_for_session FAILED [ 57%]
tests/test_file_repository_migration.py::test_search_files_by_name FAILED [ 57%]
tests/test_file_repository_migration.py::test_increment_reference_count FAILED [ 58%]
tests/test_file_repository_migration.py::test_delete_file FAILED         [ 58%]
tests/test_file_repository_migration.py::test_repository_inherits_from_base PASSED [ 59%]
tests/test_file_repository_migration.py::test_file_repository_returns_domain_models FAILED [ 59%]
tests/test_file_resolver_edge_cases.py::TestFileResolverEdgeCases::test_no_files_in_session FAILED [ 60%]
tests/test_file_resolver_edge_cases.py::TestFileResolverEdgeCases::test_very_old_file_scoring FAILED [ 60%]
tests/test_file_resolver_edge_cases.py::TestFileResolverEdgeCases::test_identical_filenames_different_times FAILED [ 60%]
tests/test_file_resolver_edge_cases.py::TestFileResolverEdgeCases::test_special_characters_in_filename FAILED [ 61%]
tests/test_file_resolver_edge_cases.py::TestFileResolverEdgeCases::test_performance_with_many_files FAILED [ 61%]
tests/test_file_scoring_weights.py::test_scoring_weight_distribution FAILED [ 62%]
tests/test_file_scoring_weights.py::test_scoring_component_breakdown FAILED [ 62%]
tests/test_file_scoring_weights.py::test_scoring_with_different_intent_types FAILED [ 63%]
tests/test_file_scoring_weights.py::test_scoring_edge_cases FAILED       [ 63%]
tests/test_file_scoring_weights.py::test_minimal_file_repository_operations FAILED [ 64%]
tests/test_file_scoring_weights.py::test_minimal_file_repository_loop FAILED [ 64%]
tests/test_github_integration_e2e.py::TestGitHubIntegrationE2E::test_work_item_extraction_from_prompt PASSED [ 65%]
tests/test_github_integration_e2e.py::TestGitHubIntegrationE2E::test_work_item_extraction_fallback PASSED [ 65%]
tests/test_github_integration_e2e.py::TestGitHubIntegrationE2E::test_github_agent_work_item_creation PASSED [ 65%]
tests/test_github_integration_e2e.py::TestGitHubIntegrationE2E::test_complete_workflow_execution PASSED [ 66%]
tests/test_github_integration_e2e.py::TestGitHubIntegrationE2E::test_error_handling_in_extraction PASSED [ 66%]
tests/test_github_integration_e2e.py::TestGitHubIntegrationE2E::test_error_handling_in_github_creation PASSED [ 67%]
tests/test_github_integration_e2e.py::TestGitHubIntegrationE2E::test_work_item_validation PASSED [ 67%]
tests/test_intent_classification.py::test_classify_user_complaint_as_create_ticket PASSED [ 68%]
tests/test_intent_enricher.py::test_intent_enricher_high_confidence FAILED [ 68%]
tests/test_intent_enricher.py::test_intent_enricher_medium_confidence FAILED [ 69%]
tests/test_intent_enricher.py::test_intent_enricher_no_file_reference PASSED [ 69%]
tests/test_pm009_project_support.py::TestProjectDomainModel::test_project_creation_with_defaults PASSED [ 70%]
tests/test_pm009_project_support.py::TestProjectDomainModel::test_get_github_integration PASSED [ 70%]
tests/test_pm009_project_support.py::TestProjectDomainModel::test_get_github_repository_shortcut PASSED [ 70%]
tests/test_pm009_project_support.py::TestProjectDomainModel::test_validate_integrations PASSED [ 71%]
tests/test_pm009_project_support.py::TestProjectContext::test_explicit_project_id_takes_precedence PASSED [ 71%]
tests/test_pm009_project_support.py::TestProjectContext::test_uses_last_project_from_session PASSED [ 72%]
tests/test_pm009_project_support.py::TestProjectContext::test_infers_project_from_message_context PASSED [ 72%]
tests/test_pm009_project_support.py::TestProjectContext::test_needs_confirmation_when_ambiguous PASSED [ 73%]
tests/test_pm009_project_support.py::TestProjectContext::test_falls_back_to_default_project PASSED [ 73%]
tests/test_pm009_project_support.py::TestProjectContext::test_raises_ambiguous_error_when_unclear PASSED [ 74%]
tests/test_pm009_project_support.py::TestProjectContext::test_handles_project_not_found_error PASSED [ 74%]
tests/test_pm009_project_support.py::TestWorkflowFactoryIntegration::test_workflow_includes_project_context PASSED [ 75%]
tests/test_pm009_project_support.py::TestGitHubAgentProjectIntegration::test_uses_project_github_configuration PASSED [ 75%]
tests/test_pm009_project_support.py::TestNoHardcodedValues::test_uses_enum_not_strings_for_integration_type PASSED [ 75%]
tests/test_pm009_project_support.py::TestNoHardcodedValues::test_repository_pattern_for_database_operations PASSED [ 76%]
tests/test_pm009_project_support.py::TestListProjectsQuery::test_list_projects_query_returns_all_projects PASSED [ 76%]
tests/test_pm009_project_support.py::TestListProjectsQuery::test_list_projects_query_handles_empty_repository PASSED [ 77%]
tests/test_pm009_project_support.py::TestListProjectsQuery::test_list_projects_query_handles_repository_error PASSED [ 77%]
tests/test_pm009_project_support.py::TestListProjectsQuery::test_list_projects_intent_classification PASSED [ 78%]
tests/test_pm009_project_support.py::TestQueryRouter::test_router_routes_list_projects_query PASSED [ 78%]
tests/test_pm009_project_support.py::TestQueryRouter::test_router_rejects_non_query_intents PASSED [ 79%]
tests/test_pm009_project_support.py::TestQueryRouter::test_router_handles_unknown_query_action PASSED [ 79%]
tests/test_pm009_project_support.py::TestQueryRouter::test_router_supported_queries PASSED [ 80%]
tests/test_pm009_project_support.py::test_get_project_by_id_returns_project PASSED [ 80%]
tests/test_pm009_project_support.py::test_get_project_by_id_returns_none_for_missing PASSED [ 80%]
tests/test_pm009_project_support.py::test_get_project_by_id_handles_repository_error PASSED [ 81%]
tests/test_pm009_project_support.py::test_get_default_project_returns_project PASSED [ 81%]
tests/test_pm009_project_support.py::test_get_default_project_returns_none_if_missing PASSED [ 82%]
tests/test_pm009_project_support.py::test_find_project_by_name_returns_project PASSED [ 82%]
tests/test_pm009_project_support.py::test_find_project_by_name_returns_none_for_missing PASSED [ 83%]
tests/test_pm009_project_support.py::test_count_active_projects_returns_count PASSED [ 83%]
tests/test_pm009_project_support.py::test_count_active_projects_handles_repository_error PASSED [ 84%]
tests/test_pm009_project_support.py::test_get_project_by_id_with_invalid_id PASSED [ 84%]
tests/test_pm009_project_support.py::test_find_project_by_name_with_invalid_name PASSED [ 85%]
tests/test_pm009_project_support_per_call.py::TestWorkflowFactoryIntegration::test_workflow_includes_project_context PASSED [ 85%]
tests/test_pre_classifier.py::TestPreClassifier::test_greeting_patterns PASSED [ 85%]
tests/test_pre_classifier.py::TestPreClassifier::test_farewell_patterns PASSED [ 86%]
tests/test_pre_classifier.py::TestPreClassifier::test_thanks_patterns PASSED [ 86%]
tests/test_pre_classifier.py::TestPreClassifier::test_greeting_with_punctuation PASSED [ 87%]
tests/test_pre_classifier.py::TestPreClassifier::test_farewell_with_punctuation PASSED [ 87%]
tests/test_pre_classifier.py::TestPreClassifier::test_thanks_with_punctuation PASSED [ 88%]
tests/test_pre_classifier.py::TestPreClassifier::test_non_conversational_patterns FAILED [ 88%]
tests/test_pre_classifier.py::TestPreClassifier::test_case_insensitivity PASSED [ 89%]
tests/test_pre_classifier.py::TestPreClassifier::test_whitespace_handling PASSED [ 89%]
tests/test_pre_classifier.py::TestPreClassifier::test_empty_and_edge_cases FAILED [ 90%]
tests/test_pre_classifier.py::TestPreClassifier::test_partial_matches_should_fail FAILED [ 90%]
tests/test_pre_classifier.py::TestPreClassifier::test_greeting_with_follow_up FAILED [ 90%]
tests/test_pre_classifier.py::TestPreClassifier::test_yes_no_not_preclassified PASSED [ 91%]
tests/test_project_context.py::test_resolve_explicit_project PASSED      [ 91%]
tests/test_project_context.py::test_resolve_last_used_project_confirmed PASSED [ 92%]
tests/test_project_context.py::test_resolve_last_used_project_unconfirmed PASSED [ 92%]
tests/test_project_context.py::test_resolve_llm_inferred_project FAILED  [ 93%]
tests/test_project_context.py::test_resolve_default_project FAILED       [ 93%]
tests/test_project_context.py::test_ambiguous_project_error PASSED       [ 94%]
tests/test_session_file_tracking.py::TestSessionFileTracking::test_add_uploaded_file PASSED [ 94%]
tests/test_session_file_tracking.py::TestSessionFileTracking::test_get_recent_files PASSED [ 95%]
tests/test_session_file_tracking.py::TestSessionFileTracking::test_active_file_id_tracking PASSED [ 95%]
tests/test_session_file_tracking.py::TestSessionFileTracking::test_file_reference_tracking PASSED [ 95%]
tests/test_session_file_tracking.py::TestSessionFileTracking::test_session_persistence PASSED [ 96%]
tests/test_session_manager.py::test_conversation_session_interaction FAILED [ 96%]
tests/test_session_manager.py::test_session_manager_get_or_create PASSED [ 97%]
tests/test_workflow_repository_migration.py::TestWorkflowRepositoryMigration::test_repository_inherits_from_base PASSED [ 97%]
tests/test_workflow_repository_migration.py::TestWorkflowRepositoryMigration::test_find_by_id_method_exists PASSED [ 98%]
tests/test_workflow_repository_migration.py::TestWorkflowRepositoryMigration::test_find_by_id_returns_domain_workflow FAILED [ 98%]
tests/test_workflow_repository_migration.py::TestWorkflowRepositoryMigration::test_find_by_id_returns_none_for_nonexistent FAILED [ 99%]
tests/test_workflow_repository_migration.py::TestWorkflowRepositoryMigration::test_find_by_id_handles_database_conversion FAILED [ 99%]
tests/test_workflow_repository_migration.py::TestWorkflowRepositoryMigration::test_find_by_id_compatible_with_legacy_interface FAILED [100%]

=================================== FAILURES ===================================
______________ TestOrchestrationEngine.test_analyze_file_success _______________
tests/services/orchestration/test_orchestration_engine.py:163: in test_analyze_file_success
    assert result.success is True
E   assert False is True
E    +  where False = TaskResult(success=False, output_data=None, error="Analysis error: cannot import name 'FileRepository' from 'services.database.repositories' (/Users/xian/Development/piper-morgan/services/database/repositories.py)").success
----------------------------- Captured stdout call -----------------------------
2025-07-15 10:59:45 [info     ] Database connection initialized
2025-07-15 10:59:45 [error    ] File analysis failed: cannot import name 'FileRepository' from 'services.database.repositories' (/Users/xian/Development/piper-morgan/services/database/repositories.py)
___________ TestOrchestrationEngine.test_analyze_file_file_not_found ___________
tests/services/orchestration/test_orchestration_engine.py:209: in test_analyze_file_file_not_found
    assert "File not found: test-file-123" in result.error
E   assert 'File not found: test-file-123' in "Analysis error: cannot import name 'FileRepository' from 'services.database.repositories' (/Users/xian/Development/piper-morgan/services/database/repositories.py)"
E    +  where "Analysis error: cannot import name 'FileRepository' from 'services.database.repositories' (/Users/xian/Development/piper-morgan/services/database/repositories.py)" = TaskResult(success=False, output_data=None, error="Analysis error: cannot import name 'FileRepository' from 'services.database.repositories' (/Users/xian/Development/piper-morgan/services/database/repositories.py)").error
----------------------------- Captured stdout call -----------------------------
2025-07-15 10:59:45 [error    ] File analysis failed: cannot import name 'FileRepository' from 'services.database.repositories' (/Users/xian/Development/piper-morgan/services/database/repositories.py)
_________ TestOrchestrationEngine.test_analyze_file_analysis_exception _________
tests/services/orchestration/test_orchestration_engine.py:242: in test_analyze_file_analysis_exception
    assert "Analysis error: Analysis failed" in result.error
E   assert 'Analysis error: Analysis failed' in "Analysis error: cannot import name 'FileRepository' from 'services.database.repositories' (/Users/xian/Development/piper-morgan/services/database/repositories.py)"
E    +  where "Analysis error: cannot import name 'FileRepository' from 'services.database.repositories' (/Users/xian/Development/piper-morgan/services/database/repositories.py)" = TaskResult(success=False, output_data=None, error="Analysis error: cannot import name 'FileRepository' from 'services.database.repositories' (/Users/xian/Development/piper-morgan/services/database/repositories.py)").error
----------------------------- Captured stdout call -----------------------------
2025-07-15 10:59:45 [error    ] File analysis failed: cannot import name 'FileRepository' from 'services.database.repositories' (/Users/xian/Development/piper-morgan/services/database/repositories.py)
___________________________ test_list_projects_query ___________________________
tests/test_api_query_integration.py:17: in test_list_projects_query
    assert response.status_code == 200
E   assert 500 == 200
E    +  where 500 = <Response [500 Internal Server Error]>.status_code
---------------------------- Captured stdout setup -----------------------------
2025-07-15 10:59:46 [info     ] Knowledge collection initialized with 0 documents
----------------------------- Captured stdout call -----------------------------
🔍 Processing intent: List all projects
2025-07-15 10:59:46 [info     ] PRE_CLASSIFIER DEBUG - Original: 'List all projects'
2025-07-15 10:59:46 [info     ] PRE_CLASSIFIER DEBUG - Clean: 'list all projects'
2025-07-15 10:59:46 [info     ] PRE_CLASSIFIER DEBUG - Clean for matching: 'list all projects'
2025-07-15 10:59:46 [info     ] PRE_CLASSIFIER DEBUG - Greeting match: False
2025-07-15 10:59:46 [info     ] intent_classification_attempt  message_length=17 message_preview=List all projects source=LLM
2025-07-15 10:59:48 [info     ] llm_usage                      provider=anthropic tokens_received=111 tokens_sent=615
2025-07-15 10:59:48 [info     ] intent_classification          action=list_projects confidence=0.95 message_length=17 source=LLM
🔍 Intent classification result: Intent(category=<IntentCategory.QUERY: 'query'>, action='list_projects', id='e5abe28b-5ccc-4be3-a274-9e41bbf87b20', context={'original_message': 'List all projects', 'knowledge_used': ['project management terminology', 'database query patterns']}, confidence=0.95, created_at=datetime.datetime(2025, 7, 15, 10, 59, 48, 818582))
DEBUG: Intent classified as - Category: IntentCategory.QUERY, Action: list_projects, Confidence: 0.95
2025-07-15 10:59:48,869 INFO sqlalchemy.engine.Engine BEGIN (implicit)
2025-07-15 10:59:48,871 INFO sqlalchemy.engine.Engine SELECT projects.id, projects.name, projects.description, projects.is_default, projects.is_archived, projects.created_at, projects.updated_at
FROM projects
WHERE projects.is_archived = false ORDER BY projects.name
2025-07-15 10:59:48,872 INFO sqlalchemy.engine.Engine [generated in 0.00037s] ()
2025-07-15 10:59:48,872 INFO sqlalchemy.engine.Engine ROLLBACK
----------------------------- Captured stderr call -----------------------------
INFO:httpx:HTTP Request: POST https://api.anthropic.com/v1/messages "HTTP/1.1 200 OK"
INFO:sqlalchemy.engine.Engine:BEGIN (implicit)
INFO:sqlalchemy.engine.Engine:SELECT projects.id, projects.name, projects.description, projects.is_default, projects.is_archived, projects.created_at, projects.updated_at
FROM projects
WHERE projects.is_archived = false ORDER BY projects.name
INFO:sqlalchemy.engine.Engine:[generated in 0.00037s] ()
INFO:sqlalchemy.engine.Engine:ROLLBACK
ERROR:main:Query processing failed: (sqlalchemy.dialects.postgresql.asyncpg.InterfaceError) <class 'asyncpg.exceptions._base.InterfaceError'>: cannot perform operation: another operation is in progress
[SQL: SELECT projects.id, projects.name, projects.description, projects.is_default, projects.is_archived, projects.created_at, projects.updated_at
FROM projects
WHERE projects.is_archived = false ORDER BY projects.name]
(Background on this error at: https://sqlalche.me/e/20/rvf5)
INFO:httpx:HTTP Request: POST http://testserver/api/v1/intent "HTTP/1.1 500 Internal Server Error"
------------------------------ Captured log call -------------------------------
INFO     httpx:_client.py:1026 HTTP Request: POST https://api.anthropic.com/v1/messages "HTTP/1.1 200 OK"
INFO     sqlalchemy.engine.Engine:base.py:1091 BEGIN (implicit)
INFO     sqlalchemy.engine.Engine:base.py:1901 SELECT projects.id, projects.name, projects.description, projects.is_default, projects.is_archived, projects.created_at, projects.updated_at
FROM projects
WHERE projects.is_archived = false ORDER BY projects.name
INFO     sqlalchemy.engine.Engine:base.py:1906 [generated in 0.00037s] ()
INFO     sqlalchemy.engine.Engine:base.py:1117 ROLLBACK
ERROR    main:main.py:332 Query processing failed: (sqlalchemy.dialects.postgresql.asyncpg.InterfaceError) <class 'asyncpg.exceptions._base.InterfaceError'>: cannot perform operation: another operation is in progress
[SQL: SELECT projects.id, projects.name, projects.description, projects.is_default, projects.is_archived, projects.created_at, projects.updated_at
FROM projects
WHERE projects.is_archived = false ORDER BY projects.name]
(Background on this error at: https://sqlalche.me/e/20/rvf5)
INFO     httpx:_client.py:1026 HTTP Request: POST http://testserver/api/v1/intent "HTTP/1.1 500 Internal Server Error"
________________________ test_get_default_project_query ________________________
tests/test_api_query_integration.py:43: in test_get_default_project_query
    assert response.status_code == 200
E   assert 500 == 200
E    +  where 500 = <Response [500 Internal Server Error]>.status_code
----------------------------- Captured stdout call -----------------------------
🔍 Processing intent: Show me the default project
2025-07-15 10:59:51 [info     ] PRE_CLASSIFIER DEBUG - Original: 'Show me the default project'
2025-07-15 10:59:51 [info     ] PRE_CLASSIFIER DEBUG - Clean: 'show me the default project'
2025-07-15 10:59:51 [info     ] PRE_CLASSIFIER DEBUG - Clean for matching: 'show me the default project'
2025-07-15 10:59:51 [info     ] PRE_CLASSIFIER DEBUG - Greeting match: False
2025-07-15 10:59:51 [info     ] intent_classification_attempt  message_length=27 message_preview=Show me the default project source=LLM
2025-07-15 10:59:54 [info     ] llm_usage                      provider=anthropic tokens_received=112 tokens_sent=617
2025-07-15 10:59:54 [info     ] intent_classification          action=get_default_project confidence=0.95 message_length=27 source=LLM
🔍 Intent classification result: Intent(category=<IntentCategory.QUERY: 'query'>, action='get_default_project', id='45157643-11b7-404b-9fc1-cd008905dc7f', context={'original_message': 'Show me the default project', 'knowledge_used': ['project management terminology', 'system query patterns']}, confidence=0.95, created_at=datetime.datetime(2025, 7, 15, 10, 59, 54, 84129))
DEBUG: Intent classified as - Category: IntentCategory.QUERY, Action: get_default_project, Confidence: 0.95
2025-07-15 10:59:54,085 INFO sqlalchemy.engine.Engine BEGIN (implicit)
2025-07-15 10:59:54,086 INFO sqlalchemy.engine.Engine SELECT projects.id, projects.name, projects.description, projects.is_default, projects.is_archived, projects.created_at, projects.updated_at
FROM projects
WHERE projects.is_default = true AND projects.is_archived = false
2025-07-15 10:59:54,086 INFO sqlalchemy.engine.Engine [generated in 0.00036s] ()
2025-07-15 10:59:54,086 INFO sqlalchemy.engine.Engine ROLLBACK
----------------------------- Captured stderr call -----------------------------
INFO:httpx:HTTP Request: POST https://api.anthropic.com/v1/messages "HTTP/1.1 200 OK"
INFO:sqlalchemy.engine.Engine:BEGIN (implicit)
INFO:sqlalchemy.engine.Engine:SELECT projects.id, projects.name, projects.description, projects.is_default, projects.is_archived, projects.created_at, projects.updated_at
FROM projects
WHERE projects.is_default = true AND projects.is_archived = false
INFO:sqlalchemy.engine.Engine:[generated in 0.00036s] ()
INFO:sqlalchemy.engine.Engine:ROLLBACK
ERROR:main:Query processing failed: (sqlalchemy.dialects.postgresql.asyncpg.InterfaceError) <class 'asyncpg.exceptions._base.InterfaceError'>: cannot perform operation: another operation is in progress
[SQL: SELECT projects.id, projects.name, projects.description, projects.is_default, projects.is_archived, projects.created_at, projects.updated_at
FROM projects
WHERE projects.is_default = true AND projects.is_archived = false]
(Background on this error at: https://sqlalche.me/e/20/rvf5)
INFO:httpx:HTTP Request: POST http://testserver/api/v1/intent "HTTP/1.1 500 Internal Server Error"
------------------------------ Captured log call -------------------------------
INFO     httpx:_client.py:1026 HTTP Request: POST https://api.anthropic.com/v1/messages "HTTP/1.1 200 OK"
INFO     sqlalchemy.engine.Engine:base.py:1091 BEGIN (implicit)
INFO     sqlalchemy.engine.Engine:base.py:1901 SELECT projects.id, projects.name, projects.description, projects.is_default, projects.is_archived, projects.created_at, projects.updated_at
FROM projects
WHERE projects.is_default = true AND projects.is_archived = false
INFO     sqlalchemy.engine.Engine:base.py:1906 [generated in 0.00036s] ()
INFO     sqlalchemy.engine.Engine:base.py:1117 ROLLBACK
ERROR    main:main.py:332 Query processing failed: (sqlalchemy.dialects.postgresql.asyncpg.InterfaceError) <class 'asyncpg.exceptions._base.InterfaceError'>: cannot perform operation: another operation is in progress
[SQL: SELECT projects.id, projects.name, projects.description, projects.is_default, projects.is_archived, projects.created_at, projects.updated_at
FROM projects
WHERE projects.is_default = true AND projects.is_archived = false]
(Background on this error at: https://sqlalche.me/e/20/rvf5)
INFO     httpx:_client.py:1026 HTTP Request: POST http://testserver/api/v1/intent "HTTP/1.1 500 Internal Server Error"
__________________________ test_count_projects_query ___________________________
tests/test_api_query_integration.py:65: in test_count_projects_query
    assert response.status_code == 200
E   assert 500 == 200
E    +  where 500 = <Response [500 Internal Server Error]>.status_code
----------------------------- Captured stdout call -----------------------------
🔍 Processing intent: How many projects do we have?
2025-07-15 10:59:56 [info     ] PRE_CLASSIFIER DEBUG - Original: 'How many projects do we have?'
2025-07-15 10:59:56 [info     ] PRE_CLASSIFIER DEBUG - Clean: 'how many projects do we have?'
2025-07-15 10:59:56 [info     ] PRE_CLASSIFIER DEBUG - Clean for matching: 'how many projects do we have'
2025-07-15 10:59:56 [info     ] PRE_CLASSIFIER DEBUG - Greeting match: False
2025-07-15 10:59:56 [info     ] intent_classification_attempt  message_length=29 message_preview=How many projects do we have? source=LLM
2025-07-15 10:59:58 [info     ] llm_usage                      provider=anthropic tokens_received=101 tokens_sent=618
2025-07-15 10:59:58 [info     ] intent_classification          action=count_projects confidence=0.95 message_length=29 source=LLM
🔍 Intent classification result: Intent(category=<IntentCategory.QUERY: 'query'>, action='count_projects', id='b7e33421-473e-4ebb-8b15-78d64dcbc833', context={'original_message': 'How many projects do we have?', 'knowledge_used': ['project management terminology', 'query patterns']}, confidence=0.95, created_at=datetime.datetime(2025, 7, 15, 10, 59, 58, 827229))
DEBUG: Intent classified as - Category: IntentCategory.QUERY, Action: count_projects, Confidence: 0.95
2025-07-15 10:59:58,828 INFO sqlalchemy.engine.Engine BEGIN (implicit)
2025-07-15 10:59:58,829 INFO sqlalchemy.engine.Engine SELECT count(projects.id) AS count_1
FROM projects
WHERE projects.is_archived = false
2025-07-15 10:59:58,829 INFO sqlalchemy.engine.Engine [generated in 0.00025s] ()
2025-07-15 10:59:58,829 INFO sqlalchemy.engine.Engine ROLLBACK
----------------------------- Captured stderr call -----------------------------
INFO:httpx:HTTP Request: POST https://api.anthropic.com/v1/messages "HTTP/1.1 200 OK"
INFO:sqlalchemy.engine.Engine:BEGIN (implicit)
INFO:sqlalchemy.engine.Engine:SELECT count(projects.id) AS count_1
FROM projects
WHERE projects.is_archived = false
INFO:sqlalchemy.engine.Engine:[generated in 0.00025s] ()
INFO:sqlalchemy.engine.Engine:ROLLBACK
ERROR:main:Query processing failed: (sqlalchemy.dialects.postgresql.asyncpg.InterfaceError) <class 'asyncpg.exceptions._base.InterfaceError'>: cannot perform operation: another operation is in progress
[SQL: SELECT count(projects.id) AS count_1
FROM projects
WHERE projects.is_archived = false]
(Background on this error at: https://sqlalche.me/e/20/rvf5)
INFO:httpx:HTTP Request: POST http://testserver/api/v1/intent "HTTP/1.1 500 Internal Server Error"
------------------------------ Captured log call -------------------------------
INFO     httpx:_client.py:1026 HTTP Request: POST https://api.anthropic.com/v1/messages "HTTP/1.1 200 OK"
INFO     sqlalchemy.engine.Engine:base.py:1091 BEGIN (implicit)
INFO     sqlalchemy.engine.Engine:base.py:1901 SELECT count(projects.id) AS count_1
FROM projects
WHERE projects.is_archived = false
INFO     sqlalchemy.engine.Engine:base.py:1906 [generated in 0.00025s] ()
INFO     sqlalchemy.engine.Engine:base.py:1117 ROLLBACK
ERROR    main:main.py:332 Query processing failed: (sqlalchemy.dialects.postgresql.asyncpg.InterfaceError) <class 'asyncpg.exceptions._base.InterfaceError'>: cannot perform operation: another operation is in progress
[SQL: SELECT count(projects.id) AS count_1
FROM projects
WHERE projects.is_archived = false]
(Background on this error at: https://sqlalche.me/e/20/rvf5)
INFO     httpx:_client.py:1026 HTTP Request: POST http://testserver/api/v1/intent "HTTP/1.1 500 Internal Server Error"
_____ TestClarificationEdgeCases.test_context_switch_during_clarification ______
tests/test_clarification_edge_cases.py:36: in test_context_switch_during_clarification
    assert vague_intent.category == IntentCategory.CONVERSATION
E   AssertionError: assert <IntentCategory.EXECUTION: 'execution'> == <IntentCategory.CONVERSATION: 'conversation'>
E    +  where <IntentCategory.EXECUTION: 'execution'> = Intent(category=<IntentCategory.EXECUTION: 'execution'>, action='create_ticket', id='d1d01189-d640-418d-9809-6bb373458c4c', context={'original_message': 'create a ticket', 'knowledge_used': ['ticket creation workflow']}, confidence=0.8, created_at=datetime.datetime(2025, 7, 15, 11, 0, 6, 823835)).category
E    +  and   <IntentCategory.CONVERSATION: 'conversation'> = IntentCategory.CONVERSATION
----------------------------- Captured stdout call -----------------------------
2025-07-15 11:00:04 [info     ] PRE_CLASSIFIER DEBUG - Original: 'create a ticket'
2025-07-15 11:00:04 [info     ] PRE_CLASSIFIER DEBUG - Clean: 'create a ticket'
2025-07-15 11:00:04 [info     ] PRE_CLASSIFIER DEBUG - Clean for matching: 'create a ticket'
2025-07-15 11:00:04 [info     ] PRE_CLASSIFIER DEBUG - Greeting match: False
2025-07-15 11:00:04 [info     ] intent_classification_attempt  message_length=15 message_preview=create a ticket source=LLM
2025-07-15 11:00:06 [info     ] llm_usage                      provider=anthropic tokens_received=112 tokens_sent=614
2025-07-15 11:00:06 [info     ] intent_classification          action=create_ticket confidence=0.8 message_length=15 source=LLM
----------------------------- Captured stderr call -----------------------------
INFO:httpx:HTTP Request: POST https://api.anthropic.com/v1/messages "HTTP/1.1 200 OK"
------------------------------ Captured log call -------------------------------
INFO     httpx:_client.py:1026 HTTP Request: POST https://api.anthropic.com/v1/messages "HTTP/1.1 200 OK"
_____ TestClarificationEdgeCases.test_session_timeout_during_clarification _____
tests/test_clarification_edge_cases.py:131: in test_session_timeout_during_clarification
    assert session.get_pending_clarification() is not None
E   assert None is not None
E    +  where None = get_pending_clarification()
E    +    where get_pending_clarification = <services.session.session_manager.ConversationSession object at 0x17ab8c130>.get_pending_clarification
----------------------------- Captured stdout call -----------------------------
2025-07-15 11:00:09 [info     ] PRE_CLASSIFIER DEBUG - Original: 'create a ticket'
2025-07-15 11:00:09 [info     ] PRE_CLASSIFIER DEBUG - Clean: 'create a ticket'
2025-07-15 11:00:09 [info     ] PRE_CLASSIFIER DEBUG - Clean for matching: 'create a ticket'
2025-07-15 11:00:09 [info     ] PRE_CLASSIFIER DEBUG - Greeting match: False
2025-07-15 11:00:09 [info     ] intent_classification_attempt  message_length=15 message_preview=create a ticket source=LLM
2025-07-15 11:00:13 [info     ] llm_usage                      provider=anthropic tokens_received=113 tokens_sent=614
2025-07-15 11:00:13 [info     ] intent_classification          action=create_ticket confidence=0.8 message_length=15 source=LLM
----------------------------- Captured stderr call -----------------------------
INFO:httpx:HTTP Request: POST https://api.anthropic.com/v1/messages "HTTP/1.1 200 OK"
------------------------------ Captured log call -------------------------------
INFO     httpx:_client.py:1026 HTTP Request: POST https://api.anthropic.com/v1/messages "HTTP/1.1 200 OK"
____ TestClarificationEdgeCases.test_clarification_with_very_long_response _____
tests/test_clarification_edge_cases.py:289: in test_clarification_with_very_long_response
    assert (
E   assert ('what' in "i don't have any pending clarification questions. how can i help you?" or 'details' in "i don't have any pending clarification questions. how can i help you?")
E    +  where "i don't have any pending clarification questions. how can i help you?" = <built-in method lower of str object at 0x103a263b0>()
E    +    where <built-in method lower of str object at 0x103a263b0> = "I don't have any pending clarification questions. How can I help you?".lower
E    +      where "I don't have any pending clarification questions. How can I help you?" = <built-in method get of dict object at 0x17b4b0640>('message', '')
E    +        where <built-in method get of dict object at 0x17b4b0640> = {'intent': {'action': 'chitchat', 'category': 'CONVERSATION', 'confidence': 0.8}, 'message': "I don't have any pending clarification questions. How can I help you?", 'workflow_id': None}.get
E    +  and   "i don't have any pending clarification questions. how can i help you?" = <built-in method lower of str object at 0x103a263b0>()
E    +    where <built-in method lower of str object at 0x103a263b0> = "I don't have any pending clarification questions. How can I help you?".lower
E    +      where "I don't have any pending clarification questions. How can I help you?" = <built-in method get of dict object at 0x17b4b0640>('message', '')
E    +        where <built-in method get of dict object at 0x17b4b0640> = {'intent': {'action': 'chitchat', 'category': 'CONVERSATION', 'confidence': 0.8}, 'message': "I don't have any pending clarification questions. How can I help you?", 'workflow_id': None}.get
----------------------------- Captured stdout call -----------------------------
2025-07-15 11:00:19 [info     ] PRE_CLASSIFIER DEBUG - Original: 'create a ticket'
2025-07-15 11:00:19 [info     ] PRE_CLASSIFIER DEBUG - Clean: 'create a ticket'
2025-07-15 11:00:19 [info     ] PRE_CLASSIFIER DEBUG - Clean for matching: 'create a ticket'
2025-07-15 11:00:19 [info     ] PRE_CLASSIFIER DEBUG - Greeting match: False
2025-07-15 11:00:19 [info     ] intent_classification_attempt  message_length=15 message_preview=create a ticket source=LLM
2025-07-15 11:00:21 [info     ] llm_usage                      provider=anthropic tokens_received=112 tokens_sent=614
2025-07-15 11:00:21 [info     ] intent_classification          action=create_ticket confidence=0.8 message_length=15 source=LLM
----------------------------- Captured stderr call -----------------------------
INFO:httpx:HTTP Request: POST https://api.anthropic.com/v1/messages "HTTP/1.1 200 OK"
------------------------------ Captured log call -------------------------------
INFO     httpx:_client.py:1026 HTTP Request: POST https://api.anthropic.com/v1/messages "HTTP/1.1 200 OK"
_______________________ test_workflow_task_failed_error ________________________
tests/test_error_handling_integration.py:64: in test_workflow_task_failed_error
    response = test_client.post("/api/v1/intent", json={"message": "create a ticket"})
.venv/lib/python3.9/site-packages/starlette/testclient.py:590: in post
    return super().post(
.venv/lib/python3.9/site-packages/httpx/_client.py:1145: in post
    return self.request(
.venv/lib/python3.9/site-packages/starlette/testclient.py:465: in request
    return super().request(
.venv/lib/python3.9/site-packages/httpx/_client.py:827: in request
    return self.send(request, auth=auth, follow_redirects=follow_redirects)
.venv/lib/python3.9/site-packages/httpx/_client.py:914: in send
    response = self._send_handling_auth(
.venv/lib/python3.9/site-packages/httpx/_client.py:942: in _send_handling_auth
    response = self._send_handling_redirects(
.venv/lib/python3.9/site-packages/httpx/_client.py:979: in _send_handling_redirects
    response = self._send_single_request(request)
.venv/lib/python3.9/site-packages/httpx/_client.py:1015: in _send_single_request
    response = transport.handle_request(request)
.venv/lib/python3.9/site-packages/starlette/testclient.py:342: in handle_request
    raise exc
.venv/lib/python3.9/site-packages/starlette/testclient.py:339: in handle_request
    portal.call(self.app, scope, receive, send)
.venv/lib/python3.9/site-packages/anyio/from_thread.py:277: in call
    return cast(T_Retval, self.start_task_soon(func, *args).result())
/Library/Developer/CommandLineTools/Library/Frameworks/Python3.framework/Versions/3.9/lib/python3.9/concurrent/futures/_base.py:445: in result
    return self.__get_result()
/Library/Developer/CommandLineTools/Library/Frameworks/Python3.framework/Versions/3.9/lib/python3.9/concurrent/futures/_base.py:390: in __get_result
    raise self._exception
.venv/lib/python3.9/site-packages/anyio/from_thread.py:217: in _call_func
    retval = await retval
.venv/lib/python3.9/site-packages/fastapi/applications.py:1106: in __call__
    await super().__call__(scope, receive, send)
.venv/lib/python3.9/site-packages/starlette/applications.py:122: in __call__
    await self.middleware_stack(scope, receive, send)
.venv/lib/python3.9/site-packages/starlette/middleware/errors.py:184: in __call__
    raise exc
.venv/lib/python3.9/site-packages/starlette/middleware/errors.py:162: in __call__
    await self.app(scope, receive, _send)
.venv/lib/python3.9/site-packages/starlette/middleware/base.py:109: in __call__
    await response(scope, receive, send)
.venv/lib/python3.9/site-packages/starlette/responses.py:277: in __call__
    await wrap(partial(self.listen_for_disconnect, receive))
.venv/lib/python3.9/site-packages/anyio/_backends/_asyncio.py:597: in __aexit__
    raise exceptions[0]
.venv/lib/python3.9/site-packages/starlette/responses.py:273: in wrap
    await func()
.venv/lib/python3.9/site-packages/starlette/middleware/base.py:134: in stream_response
    return await super().stream_response(send)
.venv/lib/python3.9/site-packages/starlette/responses.py:262: in stream_response
    async for chunk in self.body_iterator:
.venv/lib/python3.9/site-packages/starlette/middleware/base.py:98: in body_stream
    raise app_exc
.venv/lib/python3.9/site-packages/starlette/middleware/base.py:70: in coro
    await self.app(scope, receive_or_disconnect, send_no_error)
.venv/lib/python3.9/site-packages/starlette/middleware/cors.py:83: in __call__
    await self.app(scope, receive, send)
.venv/lib/python3.9/site-packages/starlette/middleware/exceptions.py:79: in __call__
    raise exc
.venv/lib/python3.9/site-packages/starlette/middleware/exceptions.py:68: in __call__
    await self.app(scope, receive, sender)
.venv/lib/python3.9/site-packages/fastapi/middleware/asyncexitstack.py:20: in __call__
    raise e
.venv/lib/python3.9/site-packages/fastapi/middleware/asyncexitstack.py:17: in __call__
    await self.app(scope, receive, send)
.venv/lib/python3.9/site-packages/starlette/routing.py:718: in __call__
    await route.handle(scope, receive, send)
.venv/lib/python3.9/site-packages/starlette/routing.py:276: in handle
    await self.app(scope, receive, send)
.venv/lib/python3.9/site-packages/starlette/routing.py:69: in app
    await response(scope, receive, send)
.venv/lib/python3.9/site-packages/starlette/responses.py:174: in __call__
    await self.background()
.venv/lib/python3.9/site-packages/starlette/background.py:43: in __call__
    await task()
.venv/lib/python3.9/site-packages/starlette/background.py:26: in __call__
    await self.func(*self.args, **self.kwargs)
/Library/Developer/CommandLineTools/Library/Frameworks/Python3.framework/Versions/3.9/lib/python3.9/unittest/mock.py:2154: in _execute_mock_call
    raise effect
E   services.api.errors.TaskFailedError: API Error [TASK_FAILED]
----------------------------- Captured stdout call -----------------------------
🔍 Processing intent: create a ticket
🔍 Intent classification result: Intent(category=<IntentCategory.EXECUTION: 'execution'>, action='create_ticket', id='cfdcb7ad-fd49-43a3-b92a-f51016148366', context={}, confidence=0.9, created_at=datetime.datetime(2025, 7, 15, 11, 0, 21, 819527))
DEBUG: Intent classified as - Category: IntentCategory.EXECUTION, Action: create_ticket, Confidence: 0.9
🔍 Creating workflow from intent...
___________ TestFileReferenceDetection.test_file_reference_patterns ____________
tests/test_file_reference_detection.py:39: in test_file_reference_patterns
    assert PreClassifier.detect_file_reference(
E   AssertionError: Failed to detect file reference in: the data indicates
E   assert False
E    +  where False = <function PreClassifier.detect_file_reference at 0x104ab8dc0>('the data indicates')
E    +    where <function PreClassifier.detect_file_reference at 0x104ab8dc0> = PreClassifier.detect_file_reference
__________ TestFileReferenceDetection.test_file_reference_edge_cases ___________
tests/test_file_reference_detection.py:130: in test_file_reference_edge_cases
    assert result == expected, f"Expected {expected} for '{message}', got {result}"
E   AssertionError: Expected False for 'file the report', got True
E   assert True == False
___________________ test_file_repository_with_async_session ____________________
.venv/lib/python3.9/site-packages/sqlalchemy/dialects/postgresql/asyncpg.py:859: in _start_transaction
    await self._transaction.start()
.venv/lib/python3.9/site-packages/asyncpg/transaction.py:146: in start
    await self._connection.execute(query)
.venv/lib/python3.9/site-packages/asyncpg/connection.py:350: in execute
    result = await self._protocol.query(query, timeout)
asyncpg/protocol/protocol.pyx:359: in query
    ???
asyncpg/protocol/protocol.pyx:744: in asyncpg.protocol.protocol.BaseProtocol._check_state
    ???
E   asyncpg.exceptions._base.InterfaceError: cannot perform operation: another operation is in progress

The above exception was the direct cause of the following exception:
.venv/lib/python3.9/site-packages/sqlalchemy/engine/base.py:1969: in _exec_single_context
    self.dialect.do_execute(
.venv/lib/python3.9/site-packages/sqlalchemy/engine/default.py:922: in do_execute
    cursor.execute(statement, parameters)
.venv/lib/python3.9/site-packages/sqlalchemy/dialects/postgresql/asyncpg.py:591: in execute
    self._adapt_connection.await_(
.venv/lib/python3.9/site-packages/sqlalchemy/util/_concurrency_py3k.py:125: in await_only
    return current.driver.switch(awaitable)  # type: ignore[no-any-return]
.venv/lib/python3.9/site-packages/sqlalchemy/util/_concurrency_py3k.py:185: in greenlet_spawn
    value = await result
.venv/lib/python3.9/site-packages/sqlalchemy/dialects/postgresql/asyncpg.py:527: in _prepare_and_execute
    await adapt_connection._start_transaction()
.venv/lib/python3.9/site-packages/sqlalchemy/dialects/postgresql/asyncpg.py:861: in _start_transaction
    self._handle_exception(error)
.venv/lib/python3.9/site-packages/sqlalchemy/dialects/postgresql/asyncpg.py:808: in _handle_exception
    raise translated_error from error
E   sqlalchemy.dialects.postgresql.asyncpg.AsyncAdapt_asyncpg_dbapi.InterfaceError: <class 'asyncpg.exceptions._base.InterfaceError'>: cannot perform operation: another operation is in progress

The above exception was the direct cause of the following exception:
tests/test_file_repository_migration.py:40: in test_file_repository_with_async_session
    saved_file = await repo.save_file_metadata(test_file)
services/repositories/file_repository.py:33: in save_file_metadata
    await self.session.flush()
.venv/lib/python3.9/site-packages/sqlalchemy/ext/asyncio/session.py:802: in flush
    await greenlet_spawn(self.sync_session.flush, objects=objects)
.venv/lib/python3.9/site-packages/sqlalchemy/util/_concurrency_py3k.py:190: in greenlet_spawn
    result = context.throw(*sys.exc_info())
.venv/lib/python3.9/site-packages/sqlalchemy/orm/session.py:4312: in flush
    self._flush(objects)
.venv/lib/python3.9/site-packages/sqlalchemy/orm/session.py:4448: in _flush
    transaction.rollback(_capture_exception=True)
.venv/lib/python3.9/site-packages/sqlalchemy/util/langhelpers.py:146: in __exit__
    raise exc_value.with_traceback(exc_tb)
.venv/lib/python3.9/site-packages/sqlalchemy/orm/session.py:4408: in _flush
    flush_context.execute()
.venv/lib/python3.9/site-packages/sqlalchemy/orm/unitofwork.py:466: in execute
    rec.execute(self)
.venv/lib/python3.9/site-packages/sqlalchemy/orm/unitofwork.py:642: in execute
    util.preloaded.orm_persistence.save_obj(
.venv/lib/python3.9/site-packages/sqlalchemy/orm/persistence.py:93: in save_obj
    _emit_insert_statements(
.venv/lib/python3.9/site-packages/sqlalchemy/orm/persistence.py:1043: in _emit_insert_statements
    result = connection.execute(
.venv/lib/python3.9/site-packages/sqlalchemy/engine/base.py:1416: in execute
    return meth(
.venv/lib/python3.9/site-packages/sqlalchemy/sql/elements.py:516: in _execute_on_connection
    return connection._execute_clauseelement(
.venv/lib/python3.9/site-packages/sqlalchemy/engine/base.py:1639: in _execute_clauseelement
    ret = self._execute_context(
.venv/lib/python3.9/site-packages/sqlalchemy/engine/base.py:1848: in _execute_context
    return self._exec_single_context(
.venv/lib/python3.9/site-packages/sqlalchemy/engine/base.py:1988: in _exec_single_context
    self._handle_dbapi_exception(
.venv/lib/python3.9/site-packages/sqlalchemy/engine/base.py:2343: in _handle_dbapi_exception
    raise sqlalchemy_exception.with_traceback(exc_info[2]) from e
.venv/lib/python3.9/site-packages/sqlalchemy/engine/base.py:1969: in _exec_single_context
    self.dialect.do_execute(
.venv/lib/python3.9/site-packages/sqlalchemy/engine/default.py:922: in do_execute
    cursor.execute(statement, parameters)
.venv/lib/python3.9/site-packages/sqlalchemy/dialects/postgresql/asyncpg.py:591: in execute
    self._adapt_connection.await_(
.venv/lib/python3.9/site-packages/sqlalchemy/util/_concurrency_py3k.py:125: in await_only
    return current.driver.switch(awaitable)  # type: ignore[no-any-return]
.venv/lib/python3.9/site-packages/sqlalchemy/util/_concurrency_py3k.py:185: in greenlet_spawn
    value = await result
.venv/lib/python3.9/site-packages/sqlalchemy/dialects/postgresql/asyncpg.py:527: in _prepare_and_execute
    await adapt_connection._start_transaction()
.venv/lib/python3.9/site-packages/sqlalchemy/dialects/postgresql/asyncpg.py:861: in _start_transaction
    self._handle_exception(error)
.venv/lib/python3.9/site-packages/sqlalchemy/dialects/postgresql/asyncpg.py:808: in _handle_exception
    raise translated_error from error
E   sqlalchemy.exc.InterfaceError: (sqlalchemy.dialects.postgresql.asyncpg.InterfaceError) <class 'asyncpg.exceptions._base.InterfaceError'>: cannot perform operation: another operation is in progress
E   [SQL: INSERT INTO uploaded_files (id, session_id, filename, file_type, file_size, storage_path, upload_time, last_referenced, reference_count, file_metadata) VALUES ($1::VARCHAR, $2::VARCHAR, $3::VARCHAR, $4::VARCHAR, $5::INTEGER, $6::VARCHAR, $7::TIMESTAMP WITHOUT TIME ZONE, $8::TIMESTAMP WITHOUT TIME ZONE, $9::INTEGER, $10::JSON)]
E   [parameters: ('346c7920-d5fd-44e5-9fb1-47d6793f0f81', 'test_session_123', 'test_document.pdf', 'application/pdf', 1024, '/uploads/test_document.pdf', datetime.datetime(2025, 7, 15, 11, 0, 32, 808887), datetime.datetime(2025, 7, 15, 11, 0, 32, 808892), 0, '{"test": "data"}')]
E   (Background on this error at: https://sqlalche.me/e/20/rvf5)
----------------------------- Captured stdout call -----------------------------
2025-07-15 11:00:32,809 INFO sqlalchemy.engine.Engine BEGIN (implicit)
2025-07-15 11:00:32,811 INFO sqlalchemy.engine.Engine INSERT INTO uploaded_files (id, session_id, filename, file_type, file_size, storage_path, upload_time, last_referenced, reference_count, file_metadata) VALUES ($1::VARCHAR, $2::VARCHAR, $3::VARCHAR, $4::VARCHAR, $5::INTEGER, $6::VARCHAR, $7::TIMESTAMP WITHOUT TIME ZONE, $8::TIMESTAMP WITHOUT TIME ZONE, $9::INTEGER, $10::JSON)
2025-07-15 11:00:32,811 INFO sqlalchemy.engine.Engine [generated in 0.00037s] ('346c7920-d5fd-44e5-9fb1-47d6793f0f81', 'test_session_123', 'test_document.pdf', 'application/pdf', 1024, '/uploads/test_document.pdf', datetime.datetime(2025, 7, 15, 11, 0, 32, 808887), datetime.datetime(2025, 7, 15, 11, 0, 32, 808892), 0, '{"test": "data"}')
2025-07-15 11:00:32,812 INFO sqlalchemy.engine.Engine ROLLBACK
----------------------------- Captured stderr call -----------------------------
INFO:sqlalchemy.engine.Engine:BEGIN (implicit)
INFO:sqlalchemy.engine.Engine:INSERT INTO uploaded_files (id, session_id, filename, file_type, file_size, storage_path, upload_time, last_referenced, reference_count, file_metadata) VALUES ($1::VARCHAR, $2::VARCHAR, $3::VARCHAR, $4::VARCHAR, $5::INTEGER, $6::VARCHAR, $7::TIMESTAMP WITHOUT TIME ZONE, $8::TIMESTAMP WITHOUT TIME ZONE, $9::INTEGER, $10::JSON)
INFO:sqlalchemy.engine.Engine:[generated in 0.00037s] ('346c7920-d5fd-44e5-9fb1-47d6793f0f81', 'test_session_123', 'test_document.pdf', 'application/pdf', 1024, '/uploads/test_document.pdf', datetime.datetime(2025, 7, 15, 11, 0, 32, 808887), datetime.datetime(2025, 7, 15, 11, 0, 32, 808892), 0, '{"test": "data"}')
INFO:sqlalchemy.engine.Engine:ROLLBACK
------------------------------ Captured log call -------------------------------
INFO     sqlalchemy.engine.Engine:base.py:1091 BEGIN (implicit)
INFO     sqlalchemy.engine.Engine:base.py:1901 INSERT INTO uploaded_files (id, session_id, filename, file_type, file_size, storage_path, upload_time, last_referenced, reference_count, file_metadata) VALUES ($1::VARCHAR, $2::VARCHAR, $3::VARCHAR, $4::VARCHAR, $5::INTEGER, $6::VARCHAR, $7::TIMESTAMP WITHOUT TIME ZONE, $8::TIMESTAMP WITHOUT TIME ZONE, $9::INTEGER, $10::JSON)
INFO     sqlalchemy.engine.Engine:base.py:1906 [generated in 0.00037s] ('346c7920-d5fd-44e5-9fb1-47d6793f0f81', 'test_session_123', 'test_document.pdf', 'application/pdf', 1024, '/uploads/test_document.pdf', datetime.datetime(2025, 7, 15, 11, 0, 32, 808887), datetime.datetime(2025, 7, 15, 11, 0, 32, 808892), 0, '{"test": "data"}')
INFO     sqlalchemy.engine.Engine:base.py:1117 ROLLBACK
_____________________________ test_get_file_by_id ______________________________
.venv/lib/python3.9/site-packages/sqlalchemy/dialects/postgresql/asyncpg.py:859: in _start_transaction
    await self._transaction.start()
.venv/lib/python3.9/site-packages/asyncpg/transaction.py:146: in start
    await self._connection.execute(query)
.venv/lib/python3.9/site-packages/asyncpg/connection.py:350: in execute
    result = await self._protocol.query(query, timeout)
asyncpg/protocol/protocol.pyx:359: in query
    ???
asyncpg/protocol/protocol.pyx:744: in asyncpg.protocol.protocol.BaseProtocol._check_state
    ???
E   asyncpg.exceptions._base.InterfaceError: cannot perform operation: another operation is in progress

The above exception was the direct cause of the following exception:
.venv/lib/python3.9/site-packages/sqlalchemy/engine/base.py:1969: in _exec_single_context
    self.dialect.do_execute(
.venv/lib/python3.9/site-packages/sqlalchemy/engine/default.py:922: in do_execute
    cursor.execute(statement, parameters)
.venv/lib/python3.9/site-packages/sqlalchemy/dialects/postgresql/asyncpg.py:591: in execute
    self._adapt_connection.await_(
.venv/lib/python3.9/site-packages/sqlalchemy/util/_concurrency_py3k.py:125: in await_only
    return current.driver.switch(awaitable)  # type: ignore[no-any-return]
.venv/lib/python3.9/site-packages/sqlalchemy/util/_concurrency_py3k.py:185: in greenlet_spawn
    value = await result
.venv/lib/python3.9/site-packages/sqlalchemy/dialects/postgresql/asyncpg.py:527: in _prepare_and_execute
    await adapt_connection._start_transaction()
.venv/lib/python3.9/site-packages/sqlalchemy/dialects/postgresql/asyncpg.py:861: in _start_transaction
    self._handle_exception(error)
.venv/lib/python3.9/site-packages/sqlalchemy/dialects/postgresql/asyncpg.py:808: in _handle_exception
    raise translated_error from error
E   sqlalchemy.dialects.postgresql.asyncpg.AsyncAdapt_asyncpg_dbapi.InterfaceError: <class 'asyncpg.exceptions._base.InterfaceError'>: cannot perform operation: another operation is in progress

The above exception was the direct cause of the following exception:
tests/test_file_repository_migration.py:70: in test_get_file_by_id
    await repo.save_file_metadata(test_file)
services/repositories/file_repository.py:33: in save_file_metadata
    await self.session.flush()
.venv/lib/python3.9/site-packages/sqlalchemy/ext/asyncio/session.py:802: in flush
    await greenlet_spawn(self.sync_session.flush, objects=objects)
.venv/lib/python3.9/site-packages/sqlalchemy/util/_concurrency_py3k.py:190: in greenlet_spawn
    result = context.throw(*sys.exc_info())
.venv/lib/python3.9/site-packages/sqlalchemy/orm/session.py:4312: in flush
    self._flush(objects)
.venv/lib/python3.9/site-packages/sqlalchemy/orm/session.py:4448: in _flush
    transaction.rollback(_capture_exception=True)
.venv/lib/python3.9/site-packages/sqlalchemy/util/langhelpers.py:146: in __exit__
    raise exc_value.with_traceback(exc_tb)
.venv/lib/python3.9/site-packages/sqlalchemy/orm/session.py:4408: in _flush
    flush_context.execute()
.venv/lib/python3.9/site-packages/sqlalchemy/orm/unitofwork.py:466: in execute
    rec.execute(self)
.venv/lib/python3.9/site-packages/sqlalchemy/orm/unitofwork.py:642: in execute
    util.preloaded.orm_persistence.save_obj(
.venv/lib/python3.9/site-packages/sqlalchemy/orm/persistence.py:93: in save_obj
    _emit_insert_statements(
.venv/lib/python3.9/site-packages/sqlalchemy/orm/persistence.py:1043: in _emit_insert_statements
    result = connection.execute(
.venv/lib/python3.9/site-packages/sqlalchemy/engine/base.py:1416: in execute
    return meth(
.venv/lib/python3.9/site-packages/sqlalchemy/sql/elements.py:516: in _execute_on_connection
    return connection._execute_clauseelement(
.venv/lib/python3.9/site-packages/sqlalchemy/engine/base.py:1639: in _execute_clauseelement
    ret = self._execute_context(
.venv/lib/python3.9/site-packages/sqlalchemy/engine/base.py:1848: in _execute_context
    return self._exec_single_context(
.venv/lib/python3.9/site-packages/sqlalchemy/engine/base.py:1988: in _exec_single_context
    self._handle_dbapi_exception(
.venv/lib/python3.9/site-packages/sqlalchemy/engine/base.py:2343: in _handle_dbapi_exception
    raise sqlalchemy_exception.with_traceback(exc_info[2]) from e
.venv/lib/python3.9/site-packages/sqlalchemy/engine/base.py:1969: in _exec_single_context
    self.dialect.do_execute(
.venv/lib/python3.9/site-packages/sqlalchemy/engine/default.py:922: in do_execute
    cursor.execute(statement, parameters)
.venv/lib/python3.9/site-packages/sqlalchemy/dialects/postgresql/asyncpg.py:591: in execute
    self._adapt_connection.await_(
.venv/lib/python3.9/site-packages/sqlalchemy/util/_concurrency_py3k.py:125: in await_only
    return current.driver.switch(awaitable)  # type: ignore[no-any-return]
.venv/lib/python3.9/site-packages/sqlalchemy/util/_concurrency_py3k.py:185: in greenlet_spawn
    value = await result
.venv/lib/python3.9/site-packages/sqlalchemy/dialects/postgresql/asyncpg.py:527: in _prepare_and_execute
    await adapt_connection._start_transaction()
.venv/lib/python3.9/site-packages/sqlalchemy/dialects/postgresql/asyncpg.py:861: in _start_transaction
    self._handle_exception(error)
.venv/lib/python3.9/site-packages/sqlalchemy/dialects/postgresql/asyncpg.py:808: in _handle_exception
    raise translated_error from error
E   sqlalchemy.exc.InterfaceError: (sqlalchemy.dialects.postgresql.asyncpg.InterfaceError) <class 'asyncpg.exceptions._base.InterfaceError'>: cannot perform operation: another operation is in progress
E   [SQL: INSERT INTO uploaded_files (id, session_id, filename, file_type, file_size, storage_path, upload_time, last_referenced, reference_count, file_metadata) VALUES ($1::VARCHAR, $2::VARCHAR, $3::VARCHAR, $4::VARCHAR, $5::INTEGER, $6::VARCHAR, $7::TIMESTAMP WITHOUT TIME ZONE, $8::TIMESTAMP WITHOUT TIME ZONE, $9::INTEGER, $10::JSON)]
E   [parameters: ('909fac63-ab90-49c9-b4e4-1583d54c0892', 'test_session_456', 'report.xlsx', 'application/vnd.ms-excel', 2048, '/uploads/report.xlsx', datetime.datetime(2025, 7, 15, 11, 0, 33, 758868), datetime.datetime(2025, 7, 15, 11, 0, 33, 758890), 0, '{}')]
E   (Background on this error at: https://sqlalche.me/e/20/rvf5)
----------------------------- Captured stdout call -----------------------------
2025-07-15 11:00:33,759 INFO sqlalchemy.engine.Engine BEGIN (implicit)
2025-07-15 11:00:33,760 INFO sqlalchemy.engine.Engine INSERT INTO uploaded_files (id, session_id, filename, file_type, file_size, storage_path, upload_time, last_referenced, reference_count, file_metadata) VALUES ($1::VARCHAR, $2::VARCHAR, $3::VARCHAR, $4::VARCHAR, $5::INTEGER, $6::VARCHAR, $7::TIMESTAMP WITHOUT TIME ZONE, $8::TIMESTAMP WITHOUT TIME ZONE, $9::INTEGER, $10::JSON)
2025-07-15 11:00:33,760 INFO sqlalchemy.engine.Engine [cached since 0.9491s ago] ('909fac63-ab90-49c9-b4e4-1583d54c0892', 'test_session_456', 'report.xlsx', 'application/vnd.ms-excel', 2048, '/uploads/report.xlsx', datetime.datetime(2025, 7, 15, 11, 0, 33, 758868), datetime.datetime(2025, 7, 15, 11, 0, 33, 758890), 0, '{}')
2025-07-15 11:00:33,760 INFO sqlalchemy.engine.Engine ROLLBACK
----------------------------- Captured stderr call -----------------------------
INFO:sqlalchemy.engine.Engine:BEGIN (implicit)
INFO:sqlalchemy.engine.Engine:INSERT INTO uploaded_files (id, session_id, filename, file_type, file_size, storage_path, upload_time, last_referenced, reference_count, file_metadata) VALUES ($1::VARCHAR, $2::VARCHAR, $3::VARCHAR, $4::VARCHAR, $5::INTEGER, $6::VARCHAR, $7::TIMESTAMP WITHOUT TIME ZONE, $8::TIMESTAMP WITHOUT TIME ZONE, $9::INTEGER, $10::JSON)
INFO:sqlalchemy.engine.Engine:[cached since 0.9491s ago] ('909fac63-ab90-49c9-b4e4-1583d54c0892', 'test_session_456', 'report.xlsx', 'application/vnd.ms-excel', 2048, '/uploads/report.xlsx', datetime.datetime(2025, 7, 15, 11, 0, 33, 758868), datetime.datetime(2025, 7, 15, 11, 0, 33, 758890), 0, '{}')
INFO:sqlalchemy.engine.Engine:ROLLBACK
------------------------------ Captured log call -------------------------------
INFO     sqlalchemy.engine.Engine:base.py:1091 BEGIN (implicit)
INFO     sqlalchemy.engine.Engine:base.py:1901 INSERT INTO uploaded_files (id, session_id, filename, file_type, file_size, storage_path, upload_time, last_referenced, reference_count, file_metadata) VALUES ($1::VARCHAR, $2::VARCHAR, $3::VARCHAR, $4::VARCHAR, $5::INTEGER, $6::VARCHAR, $7::TIMESTAMP WITHOUT TIME ZONE, $8::TIMESTAMP WITHOUT TIME ZONE, $9::INTEGER, $10::JSON)
INFO     sqlalchemy.engine.Engine:base.py:1906 [cached since 0.9491s ago] ('909fac63-ab90-49c9-b4e4-1583d54c0892', 'test_session_456', 'report.xlsx', 'application/vnd.ms-excel', 2048, '/uploads/report.xlsx', datetime.datetime(2025, 7, 15, 11, 0, 33, 758868), datetime.datetime(2025, 7, 15, 11, 0, 33, 758890), 0, '{}')
INFO     sqlalchemy.engine.Engine:base.py:1117 ROLLBACK
__________________________ test_get_files_for_session __________________________
.venv/lib/python3.9/site-packages/sqlalchemy/dialects/postgresql/asyncpg.py:859: in _start_transaction
    await self._transaction.start()
.venv/lib/python3.9/site-packages/asyncpg/transaction.py:146: in start
    await self._connection.execute(query)
.venv/lib/python3.9/site-packages/asyncpg/connection.py:350: in execute
    result = await self._protocol.query(query, timeout)
asyncpg/protocol/protocol.pyx:359: in query
    ???
asyncpg/protocol/protocol.pyx:744: in asyncpg.protocol.protocol.BaseProtocol._check_state
    ???
E   asyncpg.exceptions._base.InterfaceError: cannot perform operation: another operation is in progress

The above exception was the direct cause of the following exception:
.venv/lib/python3.9/site-packages/sqlalchemy/engine/base.py:1969: in _exec_single_context
    self.dialect.do_execute(
.venv/lib/python3.9/site-packages/sqlalchemy/engine/default.py:922: in do_execute
    cursor.execute(statement, parameters)
.venv/lib/python3.9/site-packages/sqlalchemy/dialects/postgresql/asyncpg.py:591: in execute
    self._adapt_connection.await_(
.venv/lib/python3.9/site-packages/sqlalchemy/util/_concurrency_py3k.py:125: in await_only
    return current.driver.switch(awaitable)  # type: ignore[no-any-return]
.venv/lib/python3.9/site-packages/sqlalchemy/util/_concurrency_py3k.py:185: in greenlet_spawn
    value = await result
.venv/lib/python3.9/site-packages/sqlalchemy/dialects/postgresql/asyncpg.py:527: in _prepare_and_execute
    await adapt_connection._start_transaction()
.venv/lib/python3.9/site-packages/sqlalchemy/dialects/postgresql/asyncpg.py:861: in _start_transaction
    self._handle_exception(error)
.venv/lib/python3.9/site-packages/sqlalchemy/dialects/postgresql/asyncpg.py:808: in _handle_exception
    raise translated_error from error
E   sqlalchemy.dialects.postgresql.asyncpg.AsyncAdapt_asyncpg_dbapi.InterfaceError: <class 'asyncpg.exceptions._base.InterfaceError'>: cannot perform operation: another operation is in progress

The above exception was the direct cause of the following exception:
tests/test_file_repository_migration.py:110: in test_get_files_for_session
    await repo.save_file_metadata(file)
services/repositories/file_repository.py:33: in save_file_metadata
    await self.session.flush()
.venv/lib/python3.9/site-packages/sqlalchemy/ext/asyncio/session.py:802: in flush
    await greenlet_spawn(self.sync_session.flush, objects=objects)
.venv/lib/python3.9/site-packages/sqlalchemy/util/_concurrency_py3k.py:190: in greenlet_spawn
    result = context.throw(*sys.exc_info())
.venv/lib/python3.9/site-packages/sqlalchemy/orm/session.py:4312: in flush
    self._flush(objects)
.venv/lib/python3.9/site-packages/sqlalchemy/orm/session.py:4448: in _flush
    transaction.rollback(_capture_exception=True)
.venv/lib/python3.9/site-packages/sqlalchemy/util/langhelpers.py:146: in __exit__
    raise exc_value.with_traceback(exc_tb)
.venv/lib/python3.9/site-packages/sqlalchemy/orm/session.py:4408: in _flush
    flush_context.execute()
.venv/lib/python3.9/site-packages/sqlalchemy/orm/unitofwork.py:466: in execute
    rec.execute(self)
.venv/lib/python3.9/site-packages/sqlalchemy/orm/unitofwork.py:642: in execute
    util.preloaded.orm_persistence.save_obj(
.venv/lib/python3.9/site-packages/sqlalchemy/orm/persistence.py:93: in save_obj
    _emit_insert_statements(
.venv/lib/python3.9/site-packages/sqlalchemy/orm/persistence.py:1043: in _emit_insert_statements
    result = connection.execute(
.venv/lib/python3.9/site-packages/sqlalchemy/engine/base.py:1416: in execute
    return meth(
.venv/lib/python3.9/site-packages/sqlalchemy/sql/elements.py:516: in _execute_on_connection
    return connection._execute_clauseelement(
.venv/lib/python3.9/site-packages/sqlalchemy/engine/base.py:1639: in _execute_clauseelement
    ret = self._execute_context(
.venv/lib/python3.9/site-packages/sqlalchemy/engine/base.py:1848: in _execute_context
    return self._exec_single_context(
.venv/lib/python3.9/site-packages/sqlalchemy/engine/base.py:1988: in _exec_single_context
    self._handle_dbapi_exception(
.venv/lib/python3.9/site-packages/sqlalchemy/engine/base.py:2343: in _handle_dbapi_exception
    raise sqlalchemy_exception.with_traceback(exc_info[2]) from e
.venv/lib/python3.9/site-packages/sqlalchemy/engine/base.py:1969: in _exec_single_context
    self.dialect.do_execute(
.venv/lib/python3.9/site-packages/sqlalchemy/engine/default.py:922: in do_execute
    cursor.execute(statement, parameters)
.venv/lib/python3.9/site-packages/sqlalchemy/dialects/postgresql/asyncpg.py:591: in execute
    self._adapt_connection.await_(
.venv/lib/python3.9/site-packages/sqlalchemy/util/_concurrency_py3k.py:125: in await_only
    return current.driver.switch(awaitable)  # type: ignore[no-any-return]
.venv/lib/python3.9/site-packages/sqlalchemy/util/_concurrency_py3k.py:185: in greenlet_spawn
    value = await result
.venv/lib/python3.9/site-packages/sqlalchemy/dialects/postgresql/asyncpg.py:527: in _prepare_and_execute
    await adapt_connection._start_transaction()
.venv/lib/python3.9/site-packages/sqlalchemy/dialects/postgresql/asyncpg.py:861: in _start_transaction
    self._handle_exception(error)
.venv/lib/python3.9/site-packages/sqlalchemy/dialects/postgresql/asyncpg.py:808: in _handle_exception
    raise translated_error from error
E   sqlalchemy.exc.InterfaceError: (sqlalchemy.dialects.postgresql.asyncpg.InterfaceError) <class 'asyncpg.exceptions._base.InterfaceError'>: cannot perform operation: another operation is in progress
E   [SQL: INSERT INTO uploaded_files (id, session_id, filename, file_type, file_size, storage_path, upload_time, last_referenced, reference_count, file_metadata) VALUES ($1::VARCHAR, $2::VARCHAR, $3::VARCHAR, $4::VARCHAR, $5::INTEGER, $6::VARCHAR, $7::TIMESTAMP WITHOUT TIME ZONE, $8::TIMESTAMP WITHOUT TIME ZONE, $9::INTEGER, $10::JSON)]
E   [parameters: ('f0460c10-6c99-4d96-8a2e-be97a666d40d', 'test_session_789', 'file_0.txt', 'text/plain', 100, '/uploads/file_0.txt', datetime.datetime(2025, 7, 15, 11, 0, 34, 690452), datetime.datetime(2025, 7, 15, 11, 0, 34, 690462), 0, '{}')]
E   (Background on this error at: https://sqlalche.me/e/20/rvf5)
----------------------------- Captured stdout call -----------------------------
2025-07-15 11:00:34,691 INFO sqlalchemy.engine.Engine BEGIN (implicit)
2025-07-15 11:00:34,691 INFO sqlalchemy.engine.Engine INSERT INTO uploaded_files (id, session_id, filename, file_type, file_size, storage_path, upload_time, last_referenced, reference_count, file_metadata) VALUES ($1::VARCHAR, $2::VARCHAR, $3::VARCHAR, $4::VARCHAR, $5::INTEGER, $6::VARCHAR, $7::TIMESTAMP WITHOUT TIME ZONE, $8::TIMESTAMP WITHOUT TIME ZONE, $9::INTEGER, $10::JSON)
2025-07-15 11:00:34,691 INFO sqlalchemy.engine.Engine [cached since 1.881s ago] ('f0460c10-6c99-4d96-8a2e-be97a666d40d', 'test_session_789', 'file_0.txt', 'text/plain', 100, '/uploads/file_0.txt', datetime.datetime(2025, 7, 15, 11, 0, 34, 690452), datetime.datetime(2025, 7, 15, 11, 0, 34, 690462), 0, '{}')
2025-07-15 11:00:34,692 INFO sqlalchemy.engine.Engine ROLLBACK
----------------------------- Captured stderr call -----------------------------
INFO:sqlalchemy.engine.Engine:BEGIN (implicit)
INFO:sqlalchemy.engine.Engine:INSERT INTO uploaded_files (id, session_id, filename, file_type, file_size, storage_path, upload_time, last_referenced, reference_count, file_metadata) VALUES ($1::VARCHAR, $2::VARCHAR, $3::VARCHAR, $4::VARCHAR, $5::INTEGER, $6::VARCHAR, $7::TIMESTAMP WITHOUT TIME ZONE, $8::TIMESTAMP WITHOUT TIME ZONE, $9::INTEGER, $10::JSON)
INFO:sqlalchemy.engine.Engine:[cached since 1.881s ago] ('f0460c10-6c99-4d96-8a2e-be97a666d40d', 'test_session_789', 'file_0.txt', 'text/plain', 100, '/uploads/file_0.txt', datetime.datetime(2025, 7, 15, 11, 0, 34, 690452), datetime.datetime(2025, 7, 15, 11, 0, 34, 690462), 0, '{}')
INFO:sqlalchemy.engine.Engine:ROLLBACK
------------------------------ Captured log call -------------------------------
INFO     sqlalchemy.engine.Engine:base.py:1091 BEGIN (implicit)
INFO     sqlalchemy.engine.Engine:base.py:1901 INSERT INTO uploaded_files (id, session_id, filename, file_type, file_size, storage_path, upload_time, last_referenced, reference_count, file_metadata) VALUES ($1::VARCHAR, $2::VARCHAR, $3::VARCHAR, $4::VARCHAR, $5::INTEGER, $6::VARCHAR, $7::TIMESTAMP WITHOUT TIME ZONE, $8::TIMESTAMP WITHOUT TIME ZONE, $9::INTEGER, $10::JSON)
INFO     sqlalchemy.engine.Engine:base.py:1906 [cached since 1.881s ago] ('f0460c10-6c99-4d96-8a2e-be97a666d40d', 'test_session_789', 'file_0.txt', 'text/plain', 100, '/uploads/file_0.txt', datetime.datetime(2025, 7, 15, 11, 0, 34, 690452), datetime.datetime(2025, 7, 15, 11, 0, 34, 690462), 0, '{}')
INFO     sqlalchemy.engine.Engine:base.py:1117 ROLLBACK
__________________________ test_search_files_by_name ___________________________
[...]
INFO     sqlalchemy.engine.Engine:base.py:1117 ROLLBACK
_ TestWorkflowRepositoryMigration.test_find_by_id_compatible_with_legacy_interface _
.venv/lib/python3.9/site-packages/sqlalchemy/dialects/postgresql/asyncpg.py:859: in _start_transaction
    await self._transaction.start()
.venv/lib/python3.9/site-packages/asyncpg/transaction.py:146: in start
    await self._connection.execute(query)
.venv/lib/python3.9/site-packages/asyncpg/connection.py:350: in execute
    result = await self._protocol.query(query, timeout)
asyncpg/protocol/protocol.pyx:359: in query
    ???
asyncpg/protocol/protocol.pyx:744: in asyncpg.protocol.protocol.BaseProtocol._check_state
    ???
E   asyncpg.exceptions._base.InterfaceError: cannot perform operation: another operation is in progress

The above exception was the direct cause of the following exception:
.venv/lib/python3.9/site-packages/sqlalchemy/engine/base.py:1969: in _exec_single_context
    self.dialect.do_execute(
.venv/lib/python3.9/site-packages/sqlalchemy/engine/default.py:922: in do_execute
    cursor.execute(statement, parameters)
.venv/lib/python3.9/site-packages/sqlalchemy/dialects/postgresql/asyncpg.py:591: in execute
    self._adapt_connection.await_(
.venv/lib/python3.9/site-packages/sqlalchemy/util/_concurrency_py3k.py:125: in await_only
    return current.driver.switch(awaitable)  # type: ignore[no-any-return]
.venv/lib/python3.9/site-packages/sqlalchemy/util/_concurrency_py3k.py:185: in greenlet_spawn
    value = await result
.venv/lib/python3.9/site-packages/sqlalchemy/dialects/postgresql/asyncpg.py:527: in _prepare_and_execute
    await adapt_connection._start_transaction()
.venv/lib/python3.9/site-packages/sqlalchemy/dialects/postgresql/asyncpg.py:861: in _start_transaction
    self._handle_exception(error)
.venv/lib/python3.9/site-packages/sqlalchemy/dialects/postgresql/asyncpg.py:808: in _handle_exception
    raise translated_error from error
E   sqlalchemy.dialects.postgresql.asyncpg.AsyncAdapt_asyncpg_dbapi.InterfaceError: <class 'asyncpg.exceptions._base.InterfaceError'>: cannot perform operation: another operation is in progress

The above exception was the direct cause of the following exception:
tests/test_workflow_repository_migration.py:131: in test_find_by_id_compatible_with_legacy_interface
    await db_session.commit()
.venv/lib/python3.9/site-packages/sqlalchemy/ext/asyncio/session.py:1011: in commit
    await greenlet_spawn(self.sync_session.commit)
.venv/lib/python3.9/site-packages/sqlalchemy/util/_concurrency_py3k.py:190: in greenlet_spawn
    result = context.throw(*sys.exc_info())
.venv/lib/python3.9/site-packages/sqlalchemy/orm/session.py:1969: in commit
    trans.commit(_to_root=True)
<string>:2: in commit
    ???
.venv/lib/python3.9/site-packages/sqlalchemy/orm/state_changes.py:139: in _go
    ret_value = fn(self, *arg, **kw)
.venv/lib/python3.9/site-packages/sqlalchemy/orm/session.py:1256: in commit
    self._prepare_impl()
<string>:2: in _prepare_impl
    ???
.venv/lib/python3.9/site-packages/sqlalchemy/orm/state_changes.py:139: in _go
    ret_value = fn(self, *arg, **kw)
.venv/lib/python3.9/site-packages/sqlalchemy/orm/session.py:1231: in _prepare_impl
    self.session.flush()
.venv/lib/python3.9/site-packages/sqlalchemy/orm/session.py:4312: in flush
    self._flush(objects)
.venv/lib/python3.9/site-packages/sqlalchemy/orm/session.py:4448: in _flush
    transaction.rollback(_capture_exception=True)
.venv/lib/python3.9/site-packages/sqlalchemy/util/langhelpers.py:146: in __exit__
    raise exc_value.with_traceback(exc_tb)
.venv/lib/python3.9/site-packages/sqlalchemy/orm/session.py:4408: in _flush
    flush_context.execute()
.venv/lib/python3.9/site-packages/sqlalchemy/orm/unitofwork.py:466: in execute
    rec.execute(self)
.venv/lib/python3.9/site-packages/sqlalchemy/orm/unitofwork.py:642: in execute
    util.preloaded.orm_persistence.save_obj(
.venv/lib/python3.9/site-packages/sqlalchemy/orm/persistence.py:93: in save_obj
    _emit_insert_statements(
.venv/lib/python3.9/site-packages/sqlalchemy/orm/persistence.py:1043: in _emit_insert_statements
    result = connection.execute(
.venv/lib/python3.9/site-packages/sqlalchemy/engine/base.py:1416: in execute
    return meth(
.venv/lib/python3.9/site-packages/sqlalchemy/sql/elements.py:516: in _execute_on_connection
    return connection._execute_clauseelement(
.venv/lib/python3.9/site-packages/sqlalchemy/engine/base.py:1639: in _execute_clauseelement
    ret = self._execute_context(
.venv/lib/python3.9/site-packages/sqlalchemy/engine/base.py:1848: in _execute_context
    return self._exec_single_context(
.venv/lib/python3.9/site-packages/sqlalchemy/engine/base.py:1988: in _exec_single_context
    self._handle_dbapi_exception(
.venv/lib/python3.9/site-packages/sqlalchemy/engine/base.py:2343: in _handle_dbapi_exception
    raise sqlalchemy_exception.with_traceback(exc_info[2]) from e
.venv/lib/python3.9/site-packages/sqlalchemy/engine/base.py:1969: in _exec_single_context
    self.dialect.do_execute(
.venv/lib/python3.9/site-packages/sqlalchemy/engine/default.py:922: in do_execute
    cursor.execute(statement, parameters)
.venv/lib/python3.9/site-packages/sqlalchemy/dialects/postgresql/asyncpg.py:591: in execute
    self._adapt_connection.await_(
.venv/lib/python3.9/site-packages/sqlalchemy/util/_concurrency_py3k.py:125: in await_only
    return current.driver.switch(awaitable)  # type: ignore[no-any-return]
.venv/lib/python3.9/site-packages/sqlalchemy/util/_concurrency_py3k.py:185: in greenlet_spawn
    value = await result
.venv/lib/python3.9/site-packages/sqlalchemy/dialects/postgresql/asyncpg.py:527: in _prepare_and_execute
    await adapt_connection._start_transaction()
.venv/lib/python3.9/site-packages/sqlalchemy/dialects/postgresql/asyncpg.py:861: in _start_transaction
    self._handle_exception(error)
.venv/lib/python3.9/site-packages/sqlalchemy/dialects/postgresql/asyncpg.py:808: in _handle_exception
    raise translated_error from error
E   sqlalchemy.exc.InterfaceError: (sqlalchemy.dialects.postgresql.asyncpg.InterfaceError) <class 'asyncpg.exceptions._base.InterfaceError'>: cannot perform operation: another operation is in progress
E   [SQL: INSERT INTO workflows (id, type, status, output_data, context, error, created_at, started_at, completed_at) VALUES ($1::VARCHAR, $2::workflowtype, $3::workflowstatus, $4::JSON, $5::JSON, $6::VARCHAR, $7::TIMESTAMP WITHOUT TIME ZONE, $8::TIMESTAMP WITHOUT TIME ZONE, $9::TIMESTAMP WITHOUT TIME ZONE)]
E   [parameters: ('724fb833-2f3c-4891-854f-baa1fcd5ab3c', 'ANALYZE_FILE', 'COMPLETED', '{"pages": 10}', '{"file_type": "pdf"}', None, datetime.datetime(2025, 7, 15, 18, 0, 54, 219964), None, None)]
E   (Background on this error at: https://sqlalche.me/e/20/rvf5)
----------------------------- Captured stdout call -----------------------------
2025-07-15 11:00:54,220 INFO sqlalchemy.engine.Engine BEGIN (implicit)
2025-07-15 11:00:54,221 INFO sqlalchemy.engine.Engine INSERT INTO workflows (id, type, status, output_data, context, error, created_at, started_at, completed_at) VALUES ($1::VARCHAR, $2::workflowtype, $3::workflowstatus, $4::JSON, $5::JSON, $6::VARCHAR, $7::TIMESTAMP WITHOUT TIME ZONE, $8::TIMESTAMP WITHOUT TIME ZONE, $9::TIMESTAMP WITHOUT TIME ZONE)
2025-07-15 11:00:54,222 INFO sqlalchemy.engine.Engine [generated in 0.00063s] ('724fb833-2f3c-4891-854f-baa1fcd5ab3c', 'ANALYZE_FILE', 'COMPLETED', '{"pages": 10}', '{"file_type": "pdf"}', None, datetime.datetime(2025, 7, 15, 18, 0, 54, 219964), None, None)
2025-07-15 11:00:54,222 INFO sqlalchemy.engine.Engine ROLLBACK
----------------------------- Captured stderr call -----------------------------
INFO:sqlalchemy.engine.Engine:BEGIN (implicit)
INFO:sqlalchemy.engine.Engine:INSERT INTO workflows (id, type, status, output_data, context, error, created_at, started_at, completed_at) VALUES ($1::VARCHAR, $2::workflowtype, $3::workflowstatus, $4::JSON, $5::JSON, $6::VARCHAR, $7::TIMESTAMP WITHOUT TIME ZONE, $8::TIMESTAMP WITHOUT TIME ZONE, $9::TIMESTAMP WITHOUT TIME ZONE)
INFO:sqlalchemy.engine.Engine:[generated in 0.00063s] ('724fb833-2f3c-4891-854f-baa1fcd5ab3c', 'ANALYZE_FILE', 'COMPLETED', '{"pages": 10}', '{"file_type": "pdf"}', None, datetime.datetime(2025, 7, 15, 18, 0, 54, 219964), None, None)
INFO:sqlalchemy.engine.Engine:ROLLBACK
------------------------------ Captured log call -------------------------------
INFO     sqlalchemy.engine.Engine:base.py:1091 BEGIN (implicit)
INFO     sqlalchemy.engine.Engine:base.py:1901 INSERT INTO workflows (id, type, status, output_data, context, error, created_at, started_at, completed_at) VALUES ($1::VARCHAR, $2::workflowtype, $3::workflowstatus, $4::JSON, $5::JSON, $6::VARCHAR, $7::TIMESTAMP WITHOUT TIME ZONE, $8::TIMESTAMP WITHOUT TIME ZONE, $9::TIMESTAMP WITHOUT TIME ZONE)
INFO     sqlalchemy.engine.Engine:base.py:1906 [generated in 0.00063s] ('724fb833-2f3c-4891-854f-baa1fcd5ab3c', 'ANALYZE_FILE', 'COMPLETED', '{"pages": 10}', '{"file_type": "pdf"}', None, datetime.datetime(2025, 7, 15, 18, 0, 54, 219964), None, None)
INFO     sqlalchemy.engine.Engine:base.py:1117 ROLLBACK
--------------------------- Captured stdout teardown ---------------------------
2025-07-15 11:00:55 [info     ] Database connection closed
--------------------------- Captured stderr teardown ---------------------------
ERROR:sqlalchemy.pool.impl.AsyncAdaptedQueuePool:Exception closing connection <AdaptedConnection <asyncpg.connection.Connection object at 0x17b4b45e0>>
Traceback (most recent call last):
  File "/Users/xian/Development/piper-morgan/.venv/lib/python3.9/site-packages/sqlalchemy/pool/base.py", line 379, in _close_connection
    self._dialect.do_close(connection)
  File "/Users/xian/Development/piper-morgan/.venv/lib/python3.9/site-packages/sqlalchemy/engine/default.py", line 701, in do_close
    dbapi_connection.close()
  File "/Users/xian/Development/piper-morgan/.venv/lib/python3.9/site-packages/sqlalchemy/dialects/postgresql/asyncpg.py", line 894, in close
    self.await_(self._connection.close())
  File "/Users/xian/Development/piper-morgan/.venv/lib/python3.9/site-packages/sqlalchemy/util/_concurrency_py3k.py", line 125, in await_only
    return current.driver.switch(awaitable)  # type: ignore[no-any-return]
  File "/Users/xian/Development/piper-morgan/.venv/lib/python3.9/site-packages/sqlalchemy/util/_concurrency_py3k.py", line 185, in greenlet_spawn
    value = await result
  File "/Users/xian/Development/piper-morgan/.venv/lib/python3.9/site-packages/asyncpg/connection.py", line 1467, in close
    await self._protocol.close(timeout)
  File "asyncpg/protocol/protocol.pyx", line 626, in close
  File "asyncpg/protocol/protocol.pyx", line 659, in asyncpg.protocol.protocol.BaseProtocol._request_cancel
  File "/Users/xian/Development/piper-morgan/.venv/lib/python3.9/site-packages/asyncpg/connection.py", line 1611, in _cancel_current_command
    self._cancellations.add(self._loop.create_task(self._cancel(waiter)))
  File "/Library/Developer/CommandLineTools/Library/Frameworks/Python3.framework/Versions/3.9/lib/python3.9/asyncio/base_events.py", line 431, in create_task
    self._check_closed()
  File "/Library/Developer/CommandLineTools/Library/Frameworks/Python3.framework/Versions/3.9/lib/python3.9/asyncio/base_events.py", line 510, in _check_closed
    raise RuntimeError('Event loop is closed')
RuntimeError: Event loop is closed
---------------------------- Captured log teardown -----------------------------
ERROR    sqlalchemy.pool.impl.AsyncAdaptedQueuePool:base.py:381 Exception closing connection <AdaptedConnection <asyncpg.connection.Connection object at 0x17b4b45e0>>
Traceback (most recent call last):
  File "/Users/xian/Development/piper-morgan/.venv/lib/python3.9/site-packages/sqlalchemy/pool/base.py", line 379, in _close_connection
    self._dialect.do_close(connection)
  File "/Users/xian/Development/piper-morgan/.venv/lib/python3.9/site-packages/sqlalchemy/engine/default.py", line 701, in do_close
    dbapi_connection.close()
  File "/Users/xian/Development/piper-morgan/.venv/lib/python3.9/site-packages/sqlalchemy/dialects/postgresql/asyncpg.py", line 894, in close
    self.await_(self._connection.close())
  File "/Users/xian/Development/piper-morgan/.venv/lib/python3.9/site-packages/sqlalchemy/util/_concurrency_py3k.py", line 125, in await_only
    return current.driver.switch(awaitable)  # type: ignore[no-any-return]
  File "/Users/xian/Development/piper-morgan/.venv/lib/python3.9/site-packages/sqlalchemy/util/_concurrency_py3k.py", line 185, in greenlet_spawn
    value = await result
  File "/Users/xian/Development/piper-morgan/.venv/lib/python3.9/site-packages/asyncpg/connection.py", line 1467, in close
    await self._protocol.close(timeout)
  File "asyncpg/protocol/protocol.pyx", line 626, in close
  File "asyncpg/protocol/protocol.pyx", line 659, in asyncpg.protocol.protocol.BaseProtocol._request_cancel
  File "/Users/xian/Development/piper-morgan/.venv/lib/python3.9/site-packages/asyncpg/connection.py", line 1611, in _cancel_current_command
    self._cancellations.add(self._loop.create_task(self._cancel(waiter)))
  File "/Library/Developer/CommandLineTools/Library/Frameworks/Python3.framework/Versions/3.9/lib/python3.9/asyncio/base_events.py", line 431, in create_task
    self._check_closed()
  File "/Library/Developer/CommandLineTools/Library/Frameworks/Python3.framework/Versions/3.9/lib/python3.9/asyncio/base_events.py", line 510, in _check_closed
    raise RuntimeError('Event loop is closed')
RuntimeError: Event loop is closed
=============================== warnings summary ===============================
.venv/lib/python3.9/site-packages/urllib3/__init__.py:35
  /Users/xian/Development/piper-morgan/.venv/lib/python3.9/site-packages/urllib3/__init__.py:35: NotOpenSSLWarning: urllib3 v2 only supports OpenSSL 1.1.1+, currently the 'ssl' module is compiled with 'LibreSSL 2.8.3'. See: https://github.com/urllib3/urllib3/issues/3020
    warnings.warn(

.venv/lib/python3.9/site-packages/PyPDF2/__init__.py:21
  /Users/xian/Development/piper-morgan/.venv/lib/python3.9/site-packages/PyPDF2/__init__.py:21: DeprecationWarning: PyPDF2 is deprecated. Please move to the pypdf library instead.
    warnings.warn(

.venv/lib/python3.9/site-packages/github/MainClass.py:145: 2 warnings
tests/services/orchestration/test_orchestration_engine.py: 22 warnings
  /Users/xian/Development/piper-morgan/.venv/lib/python3.9/site-packages/github/MainClass.py:145: DeprecationWarning: Argument login_or_token is deprecated, please use auth=github.Auth.Token(...) instead
    warnings.warn(

tests/services/analysis/test_document_analyzer.py::TestDocumentAnalyzer::test_basic_pdf_analysis
tests/services/analysis/test_document_analyzer.py::TestDocumentAnalyzer::test_empty_pdf_handling
tests/services/analysis/test_document_analyzer.py::TestDocumentAnalyzer::test_analyze_returns_analysis_result
  /Users/xian/Development/piper-morgan/services/analysis/document_analyzer.py:53: RuntimeWarning: coroutine 'AsyncMockMixin._execute_mock_call' was never awaited
    document_summary = self.summary_parser.parse_json(json_response)
  Enable tracemalloc to get traceback where the object was allocated.
  See https://docs.pytest.org/en/stable/how-to/capture-warnings.html#resource-warnings for more info.

tests/test_api_query_integration.py::test_list_projects_query
  /Users/xian/Development/piper-morgan/.venv/lib/python3.9/site-packages/httpx/_client.py:680: DeprecationWarning: The 'app' shortcut is now deprecated. Use the explicit style 'transport=WSGITransport(app=...)' instead.
    warnings.warn(message, DeprecationWarning)

-- Docs: https://docs.pytest.org/en/stable/how-to/capture-warnings.html
=========================== short test summary info ============================
FAILED tests/services/orchestration/test_orchestration_engine.py::TestOrchestrationEngine::test_analyze_file_success
FAILED tests/services/orchestration/test_orchestration_engine.py::TestOrchestrationEngine::test_analyze_file_file_not_found
FAILED tests/services/orchestration/test_orchestration_engine.py::TestOrchestrationEngine::test_analyze_file_analysis_exception
FAILED tests/test_api_query_integration.py::test_list_projects_query - assert...
FAILED tests/test_api_query_integration.py::test_get_default_project_query - ...
FAILED tests/test_api_query_integration.py::test_count_projects_query - asser...
FAILED tests/test_clarification_edge_cases.py::TestClarificationEdgeCases::test_context_switch_during_clarification
FAILED tests/test_clarification_edge_cases.py::TestClarificationEdgeCases::test_session_timeout_during_clarification
FAILED tests/test_clarification_edge_cases.py::TestClarificationEdgeCases::test_clarification_with_very_long_response
FAILED tests/test_error_handling_integration.py::test_workflow_task_failed_error
FAILED tests/test_file_reference_detection.py::TestFileReferenceDetection::test_file_reference_patterns
FAILED tests/test_file_reference_detection.py::TestFileReferenceDetection::test_file_reference_edge_cases
FAILED tests/test_file_repository_migration.py::test_file_repository_with_async_session
FAILED tests/test_file_repository_migration.py::test_get_file_by_id - sqlalch...
FAILED tests/test_file_repository_migration.py::test_get_files_for_session - ...
FAILED tests/test_file_repository_migration.py::test_search_files_by_name - s...
FAILED tests/test_file_repository_migration.py::test_increment_reference_count
FAILED tests/test_file_repository_migration.py::test_delete_file - sqlalchemy...
FAILED tests/test_file_repository_migration.py::test_file_repository_returns_domain_models
FAILED tests/test_file_resolver_edge_cases.py::TestFileResolverEdgeCases::test_no_files_in_session
FAILED tests/test_file_resolver_edge_cases.py::TestFileResolverEdgeCases::test_very_old_file_scoring
FAILED tests/test_file_resolver_edge_cases.py::TestFileResolverEdgeCases::test_identical_filenames_different_times
FAILED tests/test_file_resolver_edge_cases.py::TestFileResolverEdgeCases::test_special_characters_in_filename
FAILED tests/test_file_resolver_edge_cases.py::TestFileResolverEdgeCases::test_performance_with_many_files
FAILED tests/test_file_scoring_weights.py::test_scoring_weight_distribution
FAILED tests/test_file_scoring_weights.py::test_scoring_component_breakdown
FAILED tests/test_file_scoring_weights.py::test_scoring_with_different_intent_types
FAILED tests/test_file_scoring_weights.py::test_scoring_edge_cases - sqlalche...
FAILED tests/test_file_scoring_weights.py::test_minimal_file_repository_operations
FAILED tests/test_file_scoring_weights.py::test_minimal_file_repository_loop
FAILED tests/test_intent_enricher.py::test_intent_enricher_high_confidence - ...
FAILED tests/test_intent_enricher.py::test_intent_enricher_medium_confidence
FAILED tests/test_pre_classifier.py::TestPreClassifier::test_non_conversational_patterns
FAILED tests/test_pre_classifier.py::TestPreClassifier::test_empty_and_edge_cases
FAILED tests/test_pre_classifier.py::TestPreClassifier::test_partial_matches_should_fail
FAILED tests/test_pre_classifier.py::TestPreClassifier::test_greeting_with_follow_up
FAILED tests/test_project_context.py::test_resolve_llm_inferred_project - ser...
FAILED tests/test_project_context.py::test_resolve_default_project - assert F...
FAILED tests/test_session_manager.py::test_conversation_session_interaction
FAILED tests/test_workflow_repository_migration.py::TestWorkflowRepositoryMigration::test_find_by_id_returns_domain_workflow
FAILED tests/test_workflow_repository_migration.py::TestWorkflowRepositoryMigration::test_find_by_id_returns_none_for_nonexistent
FAILED tests/test_workflow_repository_migration.py::TestWorkflowRepositoryMigration::test_find_by_id_handles_database_conversion
FAILED tests/test_workflow_repository_migration.py::TestWorkflowRepositoryMigration::test_find_by_id_compatible_with_legacy_interface
============ 43 failed, 177 passed, 30 warnings in 94.19s (0:01:34) ============
