============================= test session starts ==============================
platform darwin -- Python 3.9.6, pytest-8.4.1, pluggy-1.6.0 -- /Users/xian/Development/piper-morgan/venv/bin/python3
cachedir: .pytest_cache
rootdir: /Users/xian/Development/piper-morgan
configfile: pytest.ini
plugins: asyncio-1.1.0, anyio-3.7.1
asyncio: mode=auto, asyncio_default_fixture_loop_scope=function, asyncio_default_test_loop_scope=function
collecting ... collected 20 items

tests/integration/test_standup_integration.py::test_complete_standup_generation_workflow PASSED [  5%]
tests/integration/test_standup_integration.py::test_multi_step_workflow PASSED [ 10%]
tests/integration/test_standup_integration.py::test_mode_integration[standard] PASSED [ 15%]
tests/integration/test_standup_integration.py::test_mode_integration[issues] PASSED [ 20%]
tests/integration/test_standup_integration.py::test_mode_integration[documents] PASSED [ 25%]
tests/integration/test_standup_integration.py::test_mode_integration[calendar] PASSED [ 30%]
tests/integration/test_standup_integration.py::test_mode_integration[trifecta] PASSED [ 35%]
tests/integration/test_standup_integration.py::test_format_integration[json] PASSED [ 40%]
tests/integration/test_standup_integration.py::test_format_integration[slack] PASSED [ 45%]
tests/integration/test_standup_integration.py::test_format_integration[markdown] PASSED [ 50%]
tests/integration/test_standup_integration.py::test_format_integration[text] PASSED [ 55%]
tests/integration/test_standup_integration.py::test_authentication_flow_no_token PASSED [ 60%]
tests/integration/test_standup_integration.py::test_authentication_flow_invalid_token PASSED [ 65%]
tests/integration/test_standup_integration.py::test_authentication_flow_valid_token PASSED [ 70%]
tests/integration/test_standup_integration.py::test_invalid_mode_integration PASSED [ 75%]
tests/integration/test_standup_integration.py::test_invalid_format_integration PASSED [ 80%]
tests/integration/test_standup_integration.py::test_malformed_request_integration PASSED [ 85%]
tests/integration/test_standup_integration.py::test_response_time_baseline PASSED [ 90%]
tests/integration/test_standup_integration.py::test_concurrent_requests_baseline PASSED [ 95%]
tests/integration/test_standup_integration.py::test_real_api_server_integration PASSED [100%]

=============================== warnings summary ===============================
venv/lib/python3.9/site-packages/urllib3/__init__.py:35
  /Users/xian/Development/piper-morgan/venv/lib/python3.9/site-packages/urllib3/__init__.py:35: NotOpenSSLWarning: urllib3 v2 only supports OpenSSL 1.1.1+, currently the 'ssl' module is compiled with 'LibreSSL 2.8.3'. See: https://github.com/urllib3/urllib3/issues/3020
    warnings.warn(

-- Docs: https://docs.pytest.org/en/stable/how-to/capture-warnings.html
======================== 20 passed, 1 warning in 24.97s ========================
