============================= test session starts ==============================
platform darwin -- Python 3.9.6, pytest-8.4.1, pluggy-1.6.0 -- /Users/xian/Development/piper-morgan/venv/bin/python3
cachedir: .pytest_cache
rootdir: /Users/xian/Development/piper-morgan
configfile: pytest.ini
plugins: asyncio-1.1.0, anyio-3.7.1
asyncio: mode=auto, asyncio_default_fixture_loop_scope=function, asyncio_default_test_loop_scope=function
collecting ... collected 9 items

tests/integration/test_learning_system.py::TestLearningSystemIntegration::test_complete_pattern_learning_flow PASSED [ 11%]
tests/integration/test_learning_system.py::TestLearningSystemIntegration::test_user_preferences_integration PASSED [ 22%]
tests/integration/test_learning_system.py::TestLearningSystemIntegration::test_orchestration_engine_learning_integration FAILED [ 33%]

=================================== FAILURES ===================================
/Users/xian/Development/piper-morgan/tests/integration/test_learning_system.py:161: TypeError: __init__() got an unexpected keyword argument 'entity'
=============================== warnings summary ===============================
venv/lib/python3.9/site-packages/urllib3/__init__.py:35
  /Users/xian/Development/piper-morgan/venv/lib/python3.9/site-packages/urllib3/__init__.py:35: NotOpenSSLWarning: urllib3 v2 only supports OpenSSL 1.1.1+, currently the 'ssl' module is compiled with 'LibreSSL 2.8.3'. See: https://github.com/urllib3/urllib3/issues/3020
    warnings.warn(

venv/lib/python3.9/site-packages/PyPDF2/__init__.py:21
  /Users/xian/Development/piper-morgan/venv/lib/python3.9/site-packages/PyPDF2/__init__.py:21: DeprecationWarning: PyPDF2 is deprecated. Please move to the pypdf library instead.
    warnings.warn(

-- Docs: https://docs.pytest.org/en/stable/how-to/capture-warnings.html
=========================== short test summary info ============================
FAILED tests/integration/test_learning_system.py::TestLearningSystemIntegration::test_orchestration_engine_learning_integration
!!!!!!!!!!!!!!!!!!!!!!!!!! stopping after 1 failures !!!!!!!!!!!!!!!!!!!!!!!!!!!
=================== 1 failed, 2 passed, 2 warnings in 3.15s ====================
============================= test session starts ==============================
platform darwin -- Python 3.9.6, pytest-8.4.1, pluggy-1.6.0 -- /Users/xian/Development/piper-morgan/venv/bin/python3
cachedir: .pytest_cache
rootdir: /Users/xian/Development/piper-morgan
configfile: pytest.ini
plugins: asyncio-1.1.0, anyio-3.7.1
asyncio: mode=auto, asyncio_default_fixture_loop_scope=function, asyncio_default_test_loop_scope=function
collecting ... collected 9 items

tests/integration/test_learning_system.py::TestLearningSystemIntegration::test_complete_pattern_learning_flow PASSED [ 11%]
tests/integration/test_learning_system.py::TestLearningSystemIntegration::test_user_preferences_integration PASSED [ 22%]
tests/integration/test_learning_system.py::TestLearningSystemIntegration::test_orchestration_engine_learning_integration PASSED [ 33%]
tests/integration/test_learning_system.py::TestLearningSystemIntegration::test_pattern_retrieval_filtering PASSED [ 44%]
tests/integration/test_learning_system.py::TestLearningSystemIntegration::test_analytics_and_statistics PASSED [ 55%]
tests/integration/test_learning_system.py::TestLearningSystemIntegration::test_error_handling_invalid_pattern FAILED [ 66%]

=================================== FAILURES ===================================
______ TestLearningSystemIntegration.test_error_handling_invalid_pattern _______
tests/integration/test_learning_system.py:311: in test_error_handling_invalid_pattern
    assert feedback_succeeded
E   assert False
=============================== warnings summary ===============================
venv/lib/python3.9/site-packages/urllib3/__init__.py:35
  /Users/xian/Development/piper-morgan/venv/lib/python3.9/site-packages/urllib3/__init__.py:35: NotOpenSSLWarning: urllib3 v2 only supports OpenSSL 1.1.1+, currently the 'ssl' module is compiled with 'LibreSSL 2.8.3'. See: https://github.com/urllib3/urllib3/issues/3020
    warnings.warn(

venv/lib/python3.9/site-packages/PyPDF2/__init__.py:21
  /Users/xian/Development/piper-morgan/venv/lib/python3.9/site-packages/PyPDF2/__init__.py:21: DeprecationWarning: PyPDF2 is deprecated. Please move to the pypdf library instead.
    warnings.warn(

-- Docs: https://docs.pytest.org/en/stable/how-to/capture-warnings.html
=========================== short test summary info ============================
FAILED tests/integration/test_learning_system.py::TestLearningSystemIntegration::test_error_handling_invalid_pattern
!!!!!!!!!!!!!!!!!!!!!!!!!! stopping after 1 failures !!!!!!!!!!!!!!!!!!!!!!!!!!!
=================== 1 failed, 5 passed, 2 warnings in 3.03s ====================
